2022-03-17T23:03:12.751Z	[34mINFO[0m	lotus-bench	lotus-bench/main.go:100	Starting lotus-bench
2022-03-17T23:03:13.066Z	[34mINFO[0m	build	go-paramfetch@v0.0.2-0.20200701152213-3e0f0afdc261/paramfetch.go:138	Parameter file /var/tmp/filecoin-proof-parameters/v28-proof-of-spacetime-fallback-merkletree-poseidon_hasher-8-0-0-3ea05428c9d11689f23529cde32fd30aabd50f7d2c93657c1d3650bca3e8ea9e.vk is ok
2022-03-17T23:03:13.067Z	[34mINFO[0m	build	go-paramfetch@v0.0.2-0.20200701152213-3e0f0afdc261/paramfetch.go:138	Parameter file /var/tmp/filecoin-proof-parameters/v28-stacked-proof-of-replication-merkletree-poseidon_hasher-8-0-0-sha256_hasher-ecd683648512ab1765faa2a5f14bab48f676e633467f0aa8aad4b55dcb0652bb.vk is ok
2022-03-17T23:03:13.067Z	[34mINFO[0m	build	go-paramfetch@v0.0.2-0.20200701152213-3e0f0afdc261/paramfetch.go:138	Parameter file /var/tmp/filecoin-proof-parameters/v28-proof-of-spacetime-fallback-merkletree-poseidon_hasher-8-0-0-5294475db5237a2e83c3e52fd6c2b03859a1831d45ed08c4f35dbf9a803165a9.vk is ok
2022-03-17T23:03:13.067Z	[34mINFO[0m	build	go-paramfetch@v0.0.2-0.20200701152213-3e0f0afdc261/paramfetch.go:138	Parameter file /var/tmp/filecoin-proof-parameters/v28-stacked-proof-of-replication-merkletree-poseidon_hasher-8-0-0-sha256_hasher-032d3138d22506ec0082ed72b2dcba18df18477904e35bafee82b3793b06832f.vk is ok
2022-03-17T23:03:13.067Z	[34mINFO[0m	build	go-paramfetch@v0.0.2-0.20200701152213-3e0f0afdc261/paramfetch.go:138	Parameter file /var/tmp/filecoin-proof-parameters/v28-proof-of-spacetime-fallback-merkletree-poseidon_hasher-8-0-0-50c7368dea9593ed0989e70974d28024efa9d156d585b7eea1be22b2e753f331.vk is ok
2022-03-17T23:03:13.067Z	[34mINFO[0m	build	go-paramfetch@v0.0.2-0.20200701152213-3e0f0afdc261/paramfetch.go:138	Parameter file /var/tmp/filecoin-proof-parameters/v28-proof-of-spacetime-fallback-merkletree-poseidon_hasher-8-8-0-559e581f022bb4e4ec6e719e563bf0e026ad6de42e56c18714a2c692b1b88d7e.vk is ok
2022-03-17T23:03:13.067Z	[34mINFO[0m	build	go-paramfetch@v0.0.2-0.20200701152213-3e0f0afdc261/paramfetch.go:138	Parameter file /var/tmp/filecoin-proof-parameters/v28-proof-of-spacetime-fallback-merkletree-poseidon_hasher-8-0-0-0cfb4f178bbb71cf2ecfcd42accce558b27199ab4fb59cb78f2483fe21ef36d9.vk is ok
2022-03-17T23:03:13.067Z	[34mINFO[0m	build	go-paramfetch@v0.0.2-0.20200701152213-3e0f0afdc261/paramfetch.go:138	Parameter file /var/tmp/filecoin-proof-parameters/v28-proof-of-spacetime-fallback-merkletree-poseidon_hasher-8-8-2-b62098629d07946e9028127e70295ed996fe3ed25b0f9f88eb610a0ab4385a3c.vk is ok
2022-03-17T23:03:13.067Z	[34mINFO[0m	build	go-paramfetch@v0.0.2-0.20200701152213-3e0f0afdc261/paramfetch.go:138	Parameter file /var/tmp/filecoin-proof-parameters/v28-stacked-proof-of-replication-merkletree-poseidon_hasher-8-8-0-sha256_hasher-82a357d2f2ca81dc61bb45f4a762807aedee1b0a53fd6c4e77b46a01bfef7820.vk is ok
2022-03-17T23:03:13.068Z	[34mINFO[0m	build	go-paramfetch@v0.0.2-0.20200701152213-3e0f0afdc261/paramfetch.go:138	Parameter file /var/tmp/filecoin-proof-parameters/v28-proof-of-spacetime-fallback-merkletree-poseidon_hasher-8-0-0-0170db1f394b35d995252228ee359194b13199d259380541dc529fb0099096b0.vk is ok
2022-03-17T23:03:13.068Z	[34mINFO[0m	build	go-paramfetch@v0.0.2-0.20200701152213-3e0f0afdc261/paramfetch.go:138	Parameter file /var/tmp/filecoin-proof-parameters/v28-stacked-proof-of-replication-merkletree-poseidon_hasher-8-0-0-sha256_hasher-6babf46ce344ae495d558e7770a585b2382d54f225af8ed0397b8be7c3fcd472.vk is ok
2022-03-17T23:03:13.068Z	[34mINFO[0m	build	go-paramfetch@v0.0.2-0.20200701152213-3e0f0afdc261/paramfetch.go:138	Parameter file /var/tmp/filecoin-proof-parameters/v28-proof-of-spacetime-fallback-merkletree-poseidon_hasher-8-0-0-7d739b8cf60f1b0709eeebee7730e297683552e4b69cab6984ec0285663c5781.vk is ok
2022-03-17T23:03:13.069Z	[34mINFO[0m	build	go-paramfetch@v0.0.2-0.20200701152213-3e0f0afdc261/paramfetch.go:138	Parameter file /var/tmp/filecoin-proof-parameters/v28-stacked-proof-of-replication-merkletree-poseidon_hasher-8-8-2-sha256_hasher-96f1b4a04c5c51e4759bbf224bbc2ef5a42c7100f16ec0637123f16a845ddfb2.vk is ok
2022-03-17T23:03:13.100Z	[34mINFO[0m	build	go-paramfetch@v0.0.2-0.20200701152213-3e0f0afdc261/paramfetch.go:138	Parameter file /var/tmp/filecoin-proof-parameters/v28-proof-of-spacetime-fallback-merkletree-poseidon_hasher-8-8-2-2627e4006b67f99cef990c0a47d5426cb7ab0a0ad58fc1061547bf2d28b09def.vk is ok
2022-03-17T23:03:13.101Z	[34mINFO[0m	build	go-paramfetch@v0.0.2-0.20200701152213-3e0f0afdc261/paramfetch.go:138	Parameter file /var/tmp/filecoin-proof-parameters/v28-proof-of-spacetime-fallback-merkletree-poseidon_hasher-8-8-0-0377ded656c6f524f1618760bffe4e0a1c51d5a70c4509eedae8a27555733edc.vk is ok
2022-03-17T23:03:14.876Z	[34mINFO[0m	build	go-paramfetch@v0.0.2-0.20200701152213-3e0f0afdc261/paramfetch.go:138	Parameter file /var/tmp/filecoin-proof-parameters/v28-proof-of-spacetime-fallback-merkletree-poseidon_hasher-8-8-0-559e581f022bb4e4ec6e719e563bf0e026ad6de42e56c18714a2c692b1b88d7e.params is ok
2022-03-17T23:04:52.787Z	[34mINFO[0m	build	go-paramfetch@v0.0.2-0.20200701152213-3e0f0afdc261/paramfetch.go:138	Parameter file /var/tmp/filecoin-proof-parameters/v28-stacked-proof-of-replication-merkletree-poseidon_hasher-8-8-0-sha256_hasher-82a357d2f2ca81dc61bb45f4a762807aedee1b0a53fd6c4e77b46a01bfef7820.params is ok
2022-03-17T23:06:20.169Z	[34mINFO[0m	build	go-paramfetch@v0.0.2-0.20200701152213-3e0f0afdc261/paramfetch.go:138	Parameter file /var/tmp/filecoin-proof-parameters/v28-proof-of-spacetime-fallback-merkletree-poseidon_hasher-8-8-0-0377ded656c6f524f1618760bffe4e0a1c51d5a70c4509eedae8a27555733edc.params is ok
2022-03-17T23:06:20.169Z	[34mINFO[0m	build	go-paramfetch@v0.0.2-0.20200701152213-3e0f0afdc261/paramfetch.go:162	parameter and key-fetching complete
----
start proof computation
2022-03-17T23:06:20.180 INFO filcrypto::proofs::api > seal_commit_phase2: start
2022-03-17T23:06:20.264 INFO filecoin_proofs::api::seal > seal_commit_phase2:start: SectorId(1)
2022-03-17T23:06:20.264 INFO filecoin_proofs::caches > trying parameters memory cache for: STACKED[34359738368]
2022-03-17T23:06:20.264 INFO filecoin_proofs::caches > no params in memory cache for STACKED[34359738368]
2022-03-17T23:06:20.265 INFO storage_proofs_core::parameter_cache > parameter set identifier for cache: layered_drgporep::PublicParams{ graph: stacked_graph::StackedGraph{expansion_degree: 8 base_graph: drgraph::BucketGraph{size: 1073741824; degree: 6; hasher: poseidon_hasher} }, challenges: LayerChallenges { layers: 11, max_count: 18 }, tree: merkletree-poseidon_hasher-8-8-0 }
2022-03-17T23:06:20.265 INFO storage_proofs_core::parameter_cache > ensuring that all ancestor directories for: "/var/tmp/filecoin-proof-parameters/v28-stacked-proof-of-replication-merkletree-poseidon_hasher-8-8-0-sha256_hasher-82a357d2f2ca81dc61bb45f4a762807aedee1b0a53fd6c4e77b46a01bfef7820.params" exist
2022-03-17T23:06:20.265 INFO storage_proofs_core::parameter_cache > checking cache_path: "/var/tmp/filecoin-proof-parameters/v28-stacked-proof-of-replication-merkletree-poseidon_hasher-8-8-0-sha256_hasher-82a357d2f2ca81dc61bb45f4a762807aedee1b0a53fd6c4e77b46a01bfef7820.params" for parameters
2022-03-17T23:06:23.037 INFO storage_proofs_core::parameter_cache > read parameters from cache "/var/tmp/filecoin-proof-parameters/v28-stacked-proof-of-replication-merkletree-poseidon_hasher-8-8-0-sha256_hasher-82a357d2f2ca81dc61bb45f4a762807aedee1b0a53fd6c4e77b46a01bfef7820.params" 
2022-03-17T23:06:23.037 INFO filecoin_proofs::api::seal > got groth params (34359738368) while sealing
2022-03-17T23:06:23.037 INFO filecoin_proofs::api::seal > snark_proof:start
2022-03-17T23:06:23.060 INFO bellperson::groth16::prover > Bellperson 0.12.3 is being used!
SystemTime { tv_sec: 1647558383, tv_nsec: 62605225 } starting circuit synthesis
./test.sh: line 2: 30435 Killed                  ./lotus-bench prove ./c2.json skip-unseal=true --storage-dir=/data/sdb/.lotus-bench --sector-size=34359738368
