2022-03-17T06:13:06.105Z	[34mINFO[0m	lotus-bench	lotus-bench/main.go:100	Starting lotus-bench
2022-03-17T06:13:06.405Z	[34mINFO[0m	build	go-paramfetch@v0.0.2-0.20200701152213-3e0f0afdc261/paramfetch.go:138	Parameter file /var/tmp/filecoin-proof-parameters/v28-proof-of-spacetime-fallback-merkletree-poseidon_hasher-8-0-0-5294475db5237a2e83c3e52fd6c2b03859a1831d45ed08c4f35dbf9a803165a9.vk is ok
2022-03-17T06:13:06.405Z	[34mINFO[0m	build	go-paramfetch@v0.0.2-0.20200701152213-3e0f0afdc261/paramfetch.go:138	Parameter file /var/tmp/filecoin-proof-parameters/v28-proof-of-spacetime-fallback-merkletree-poseidon_hasher-8-0-0-3ea05428c9d11689f23529cde32fd30aabd50f7d2c93657c1d3650bca3e8ea9e.vk is ok
2022-03-17T06:13:06.405Z	[34mINFO[0m	build	go-paramfetch@v0.0.2-0.20200701152213-3e0f0afdc261/paramfetch.go:138	Parameter file /var/tmp/filecoin-proof-parameters/v28-proof-of-spacetime-fallback-merkletree-poseidon_hasher-8-0-0-0cfb4f178bbb71cf2ecfcd42accce558b27199ab4fb59cb78f2483fe21ef36d9.vk is ok
2022-03-17T06:13:06.405Z	[34mINFO[0m	build	go-paramfetch@v0.0.2-0.20200701152213-3e0f0afdc261/paramfetch.go:138	Parameter file /var/tmp/filecoin-proof-parameters/v28-stacked-proof-of-replication-merkletree-poseidon_hasher-8-0-0-sha256_hasher-032d3138d22506ec0082ed72b2dcba18df18477904e35bafee82b3793b06832f.vk is ok
2022-03-17T06:13:06.405Z	[34mINFO[0m	build	go-paramfetch@v0.0.2-0.20200701152213-3e0f0afdc261/paramfetch.go:138	Parameter file /var/tmp/filecoin-proof-parameters/v28-stacked-proof-of-replication-merkletree-poseidon_hasher-8-8-0-sha256_hasher-82a357d2f2ca81dc61bb45f4a762807aedee1b0a53fd6c4e77b46a01bfef7820.vk is ok
2022-03-17T06:13:06.405Z	[34mINFO[0m	build	go-paramfetch@v0.0.2-0.20200701152213-3e0f0afdc261/paramfetch.go:138	Parameter file /var/tmp/filecoin-proof-parameters/v28-stacked-proof-of-replication-merkletree-poseidon_hasher-8-0-0-sha256_hasher-6babf46ce344ae495d558e7770a585b2382d54f225af8ed0397b8be7c3fcd472.vk is ok
2022-03-17T06:13:06.405Z	[34mINFO[0m	build	go-paramfetch@v0.0.2-0.20200701152213-3e0f0afdc261/paramfetch.go:138	Parameter file /var/tmp/filecoin-proof-parameters/v28-proof-of-spacetime-fallback-merkletree-poseidon_hasher-8-0-0-50c7368dea9593ed0989e70974d28024efa9d156d585b7eea1be22b2e753f331.vk is ok
2022-03-17T06:13:06.405Z	[34mINFO[0m	build	go-paramfetch@v0.0.2-0.20200701152213-3e0f0afdc261/paramfetch.go:138	Parameter file /var/tmp/filecoin-proof-parameters/v28-stacked-proof-of-replication-merkletree-poseidon_hasher-8-0-0-sha256_hasher-ecd683648512ab1765faa2a5f14bab48f676e633467f0aa8aad4b55dcb0652bb.vk is ok
2022-03-17T06:13:06.405Z	[34mINFO[0m	build	go-paramfetch@v0.0.2-0.20200701152213-3e0f0afdc261/paramfetch.go:138	Parameter file /var/tmp/filecoin-proof-parameters/v28-proof-of-spacetime-fallback-merkletree-poseidon_hasher-8-0-0-7d739b8cf60f1b0709eeebee7730e297683552e4b69cab6984ec0285663c5781.vk is ok
2022-03-17T06:13:06.406Z	[34mINFO[0m	build	go-paramfetch@v0.0.2-0.20200701152213-3e0f0afdc261/paramfetch.go:138	Parameter file /var/tmp/filecoin-proof-parameters/v28-proof-of-spacetime-fallback-merkletree-poseidon_hasher-8-8-0-559e581f022bb4e4ec6e719e563bf0e026ad6de42e56c18714a2c692b1b88d7e.vk is ok
2022-03-17T06:13:06.406Z	[34mINFO[0m	build	go-paramfetch@v0.0.2-0.20200701152213-3e0f0afdc261/paramfetch.go:138	Parameter file /var/tmp/filecoin-proof-parameters/v28-stacked-proof-of-replication-merkletree-poseidon_hasher-8-8-2-sha256_hasher-96f1b4a04c5c51e4759bbf224bbc2ef5a42c7100f16ec0637123f16a845ddfb2.vk is ok
2022-03-17T06:13:06.406Z	[34mINFO[0m	build	go-paramfetch@v0.0.2-0.20200701152213-3e0f0afdc261/paramfetch.go:138	Parameter file /var/tmp/filecoin-proof-parameters/v28-proof-of-spacetime-fallback-merkletree-poseidon_hasher-8-0-0-0170db1f394b35d995252228ee359194b13199d259380541dc529fb0099096b0.vk is ok
2022-03-17T06:13:06.406Z	[34mINFO[0m	build	go-paramfetch@v0.0.2-0.20200701152213-3e0f0afdc261/paramfetch.go:138	Parameter file /var/tmp/filecoin-proof-parameters/v28-proof-of-spacetime-fallback-merkletree-poseidon_hasher-8-8-2-b62098629d07946e9028127e70295ed996fe3ed25b0f9f88eb610a0ab4385a3c.vk is ok
2022-03-17T06:13:06.434Z	[34mINFO[0m	build	go-paramfetch@v0.0.2-0.20200701152213-3e0f0afdc261/paramfetch.go:138	Parameter file /var/tmp/filecoin-proof-parameters/v28-proof-of-spacetime-fallback-merkletree-poseidon_hasher-8-8-0-0377ded656c6f524f1618760bffe4e0a1c51d5a70c4509eedae8a27555733edc.vk is ok
2022-03-17T06:13:06.435Z	[34mINFO[0m	build	go-paramfetch@v0.0.2-0.20200701152213-3e0f0afdc261/paramfetch.go:138	Parameter file /var/tmp/filecoin-proof-parameters/v28-proof-of-spacetime-fallback-merkletree-poseidon_hasher-8-8-2-2627e4006b67f99cef990c0a47d5426cb7ab0a0ad58fc1061547bf2d28b09def.vk is ok
2022-03-17T06:13:08.171Z	[34mINFO[0m	build	go-paramfetch@v0.0.2-0.20200701152213-3e0f0afdc261/paramfetch.go:138	Parameter file /var/tmp/filecoin-proof-parameters/v28-proof-of-spacetime-fallback-merkletree-poseidon_hasher-8-8-0-559e581f022bb4e4ec6e719e563bf0e026ad6de42e56c18714a2c692b1b88d7e.params is ok
2022-03-17T06:15:17.343Z	[34mINFO[0m	build	go-paramfetch@v0.0.2-0.20200701152213-3e0f0afdc261/paramfetch.go:138	Parameter file /var/tmp/filecoin-proof-parameters/v28-stacked-proof-of-replication-merkletree-poseidon_hasher-8-8-0-sha256_hasher-82a357d2f2ca81dc61bb45f4a762807aedee1b0a53fd6c4e77b46a01bfef7820.params is ok
2022-03-17T06:16:36.725Z	[34mINFO[0m	build	go-paramfetch@v0.0.2-0.20200701152213-3e0f0afdc261/paramfetch.go:138	Parameter file /var/tmp/filecoin-proof-parameters/v28-proof-of-spacetime-fallback-merkletree-poseidon_hasher-8-8-0-0377ded656c6f524f1618760bffe4e0a1c51d5a70c4509eedae8a27555733edc.params is ok
2022-03-17T06:16:36.725Z	[34mINFO[0m	build	go-paramfetch@v0.0.2-0.20200701152213-3e0f0afdc261/paramfetch.go:162	parameter and key-fetching complete
----
start proof computation
2022-03-17T06:16:36.737 INFO filcrypto::proofs::api > seal_commit_phase2: start
2022-03-17T06:16:36.821 INFO filecoin_proofs::api::seal > seal_commit_phase2:start: SectorId(1)
2022-03-17T06:16:36.821 INFO filecoin_proofs::caches > trying parameters memory cache for: STACKED[34359738368]
2022-03-17T06:16:36.821 INFO filecoin_proofs::caches > no params in memory cache for STACKED[34359738368]
2022-03-17T06:16:36.821 INFO storage_proofs_core::parameter_cache > parameter set identifier for cache: layered_drgporep::PublicParams{ graph: stacked_graph::StackedGraph{expansion_degree: 8 base_graph: drgraph::BucketGraph{size: 1073741824; degree: 6; hasher: poseidon_hasher} }, challenges: LayerChallenges { layers: 11, max_count: 18 }, tree: merkletree-poseidon_hasher-8-8-0 }
2022-03-17T06:16:36.822 INFO storage_proofs_core::parameter_cache > ensuring that all ancestor directories for: "/var/tmp/filecoin-proof-parameters/v28-stacked-proof-of-replication-merkletree-poseidon_hasher-8-8-0-sha256_hasher-82a357d2f2ca81dc61bb45f4a762807aedee1b0a53fd6c4e77b46a01bfef7820.params" exist
2022-03-17T06:16:36.822 INFO storage_proofs_core::parameter_cache > checking cache_path: "/var/tmp/filecoin-proof-parameters/v28-stacked-proof-of-replication-merkletree-poseidon_hasher-8-8-0-sha256_hasher-82a357d2f2ca81dc61bb45f4a762807aedee1b0a53fd6c4e77b46a01bfef7820.params" for parameters
2022-03-17T06:16:39.132 INFO storage_proofs_core::parameter_cache > read parameters from cache "/var/tmp/filecoin-proof-parameters/v28-stacked-proof-of-replication-merkletree-poseidon_hasher-8-8-0-sha256_hasher-82a357d2f2ca81dc61bb45f4a762807aedee1b0a53fd6c4e77b46a01bfef7820.params" 
2022-03-17T06:16:39.132 INFO filecoin_proofs::api::seal > got groth params (34359738368) while sealing
2022-03-17T06:16:39.132 INFO filecoin_proofs::api::seal > snark_proof:start
2022-03-17T06:16:39.158 INFO bellperson::groth16::prover > Bellperson 0.12.3 is being used!
SystemTime { tv_sec: 1647497799, tv_nsec: 161346364 } starting circuit synthesis
SystemTime { tv_sec: 1647497907, tv_nsec: 756192590 } circuit synthesis done
2022-03-17T06:18:27.756 INFO bellperson::groth16::prover > starting proof timer
2022-03-17T06:18:29.717 INFO bellperson::domain > log_n:27
2022-03-17T06:18:29.717 INFO bellperson::domain > log_a:27
2022-03-17T06:18:29.717 INFO bellperson::gpu::locks > GPU is available for FFT!
2022-03-17T06:18:31.350 INFO bellperson::gpu::fft > FFT: 1 working device(s) selected.
2022-03-17T06:18:31.350 INFO bellperson::gpu::fft > FFT: Device 0: GeForce RTX 3080
2022-03-17T06:18:31.350 INFO bellperson::domain > GPU FFT kernel instantiated!
2022-03-17T06:18:33.043 INFO bellperson::gpu::fft > ----------------------------------cpu->gpu time: 1.683217969s
2022-03-17T06:18:33.043 INFO bellperson::gpu::fft > log_n:27, log_p:0, deg:8, max_deg:8
2022-03-17T06:18:33.144 INFO bellperson::gpu::fft > ----------------------------------kernel run time: 100.910431ms
2022-03-17T06:18:33.144 INFO bellperson::gpu::fft > log_n:27, log_p:8, deg:8, max_deg:8
2022-03-17T06:18:33.265 INFO bellperson::gpu::fft > ----------------------------------kernel run time: 120.434177ms
2022-03-17T06:18:33.265 INFO bellperson::gpu::fft > log_n:27, log_p:16, deg:8, max_deg:8
2022-03-17T06:18:33.401 INFO bellperson::gpu::fft > ----------------------------------kernel run time: 136.908172ms
2022-03-17T06:18:33.402 INFO bellperson::gpu::fft > log_n:27, log_p:24, deg:3, max_deg:8
2022-03-17T06:18:34.134 INFO bellperson::gpu::fft > ----------------------------------kernel run time: 732.518625ms
2022-03-17T06:18:34.134 INFO bellperson::gpu::fft > ----------------------------------total kernel run time: 1.091051448s
2022-03-17T06:18:36.685 INFO bellperson::gpu::fft > ----------------------------------gpu->cpu time: 2.551219098s
2022-03-17T06:18:37.560 INFO bellperson::domain > log_n:27
2022-03-17T06:18:37.560 INFO bellperson::domain > log_a:27
2022-03-17T06:18:38.076 INFO bellperson::gpu::fft > ----------------------------------cpu->gpu time: 505.35595ms
2022-03-17T06:18:38.076 INFO bellperson::gpu::fft > log_n:27, log_p:0, deg:8, max_deg:8
2022-03-17T06:18:38.178 INFO bellperson::gpu::fft > ----------------------------------kernel run time: 100.793288ms
2022-03-17T06:18:38.178 INFO bellperson::gpu::fft > log_n:27, log_p:8, deg:8, max_deg:8
2022-03-17T06:18:38.299 INFO bellperson::gpu::fft > ----------------------------------kernel run time: 120.879526ms
2022-03-17T06:18:38.299 INFO bellperson::gpu::fft > log_n:27, log_p:16, deg:8, max_deg:8
2022-03-17T06:18:38.436 INFO bellperson::gpu::fft > ----------------------------------kernel run time: 136.930363ms
2022-03-17T06:18:38.436 INFO bellperson::gpu::fft > log_n:27, log_p:24, deg:3, max_deg:8
2022-03-17T06:18:39.168 INFO bellperson::gpu::fft > ----------------------------------kernel run time: 732.792306ms
2022-03-17T06:18:39.169 INFO bellperson::gpu::fft > ----------------------------------total kernel run time: 1.092291171s
2022-03-17T06:18:39.754 INFO bellperson::gpu::fft > ----------------------------------gpu->cpu time: 585.169817ms
2022-03-17T06:18:39.762 INFO bellperson::domain > log_n:27
2022-03-17T06:18:39.762 INFO bellperson::domain > log_a:27
2022-03-17T06:18:41.610 INFO bellperson::gpu::fft > ----------------------------------cpu->gpu time: 1.643016939s
2022-03-17T06:18:41.610 INFO bellperson::gpu::fft > log_n:27, log_p:0, deg:8, max_deg:8
2022-03-17T06:18:41.710 INFO bellperson::gpu::fft > ----------------------------------kernel run time: 100.304898ms
2022-03-17T06:18:41.710 INFO bellperson::gpu::fft > log_n:27, log_p:8, deg:8, max_deg:8
2022-03-17T06:18:41.833 INFO bellperson::gpu::fft > ----------------------------------kernel run time: 122.158252ms
2022-03-17T06:18:41.833 INFO bellperson::gpu::fft > log_n:27, log_p:16, deg:8, max_deg:8
2022-03-17T06:18:41.970 INFO bellperson::gpu::fft > ----------------------------------kernel run time: 136.987373ms
2022-03-17T06:18:41.970 INFO bellperson::gpu::fft > log_n:27, log_p:24, deg:3, max_deg:8
2022-03-17T06:18:42.702 INFO bellperson::gpu::fft > ----------------------------------kernel run time: 732.264791ms
2022-03-17T06:18:42.702 INFO bellperson::gpu::fft > ----------------------------------total kernel run time: 1.091963476s
2022-03-17T06:18:43.303 INFO bellperson::gpu::fft > ----------------------------------gpu->cpu time: 601.420586ms
2022-03-17T06:18:54.032 INFO bellperson::domain > log_n:27
2022-03-17T06:18:54.032 INFO bellperson::domain > log_a:27
2022-03-17T06:18:54.512 INFO bellperson::gpu::fft > ----------------------------------cpu->gpu time: 469.278047ms
2022-03-17T06:18:54.512 INFO bellperson::gpu::fft > log_n:27, log_p:0, deg:8, max_deg:8
2022-03-17T06:18:54.613 INFO bellperson::gpu::fft > ----------------------------------kernel run time: 100.976687ms
2022-03-17T06:18:54.613 INFO bellperson::gpu::fft > log_n:27, log_p:8, deg:8, max_deg:8
2022-03-17T06:18:54.734 INFO bellperson::gpu::fft > ----------------------------------kernel run time: 121.134813ms
2022-03-17T06:18:54.734 INFO bellperson::gpu::fft > log_n:27, log_p:16, deg:8, max_deg:8
2022-03-17T06:18:54.872 INFO bellperson::gpu::fft > ----------------------------------kernel run time: 138.062822ms
2022-03-17T06:18:54.872 INFO bellperson::gpu::fft > log_n:27, log_p:24, deg:3, max_deg:8
2022-03-17T06:18:55.605 INFO bellperson::gpu::fft > ----------------------------------kernel run time: 733.069093ms
2022-03-17T06:18:55.605 INFO bellperson::gpu::fft > ----------------------------------total kernel run time: 1.093462231s
2022-03-17T06:18:56.397 INFO bellperson::gpu::fft > ----------------------------------gpu->cpu time: 791.337894ms
2022-03-17T06:18:56.405 INFO bellperson::domain > log_n:27
2022-03-17T06:18:56.405 INFO bellperson::domain > log_a:27
2022-03-17T06:18:57.989 INFO bellperson::gpu::fft > ----------------------------------cpu->gpu time: 1.392933243s
2022-03-17T06:18:57.989 INFO bellperson::gpu::fft > log_n:27, log_p:0, deg:8, max_deg:8
2022-03-17T06:18:58.090 INFO bellperson::gpu::fft > ----------------------------------kernel run time: 100.199847ms
2022-03-17T06:18:58.090 INFO bellperson::gpu::fft > log_n:27, log_p:8, deg:8, max_deg:8
2022-03-17T06:18:58.211 INFO bellperson::gpu::fft > ----------------------------------kernel run time: 120.829461ms
2022-03-17T06:18:58.211 INFO bellperson::gpu::fft > log_n:27, log_p:16, deg:8, max_deg:8
2022-03-17T06:18:58.349 INFO bellperson::gpu::fft > ----------------------------------kernel run time: 138.032043ms
2022-03-17T06:18:58.349 INFO bellperson::gpu::fft > log_n:27, log_p:24, deg:3, max_deg:8
2022-03-17T06:18:59.081 INFO bellperson::gpu::fft > ----------------------------------kernel run time: 732.709308ms
2022-03-17T06:18:59.081 INFO bellperson::gpu::fft > ----------------------------------total kernel run time: 1.091966722s
2022-03-17T06:18:59.638 INFO bellperson::gpu::fft > ----------------------------------gpu->cpu time: 556.121871ms
2022-03-17T06:19:03.628 INFO bellperson::domain > log_n:27
2022-03-17T06:19:03.628 INFO bellperson::domain > log_a:27
2022-03-17T06:19:04.164 INFO bellperson::gpu::fft > ----------------------------------cpu->gpu time: 513.573499ms
2022-03-17T06:19:04.164 INFO bellperson::gpu::fft > log_n:27, log_p:0, deg:8, max_deg:8
2022-03-17T06:19:04.266 INFO bellperson::gpu::fft > ----------------------------------kernel run time: 102.041656ms
2022-03-17T06:19:04.266 INFO bellperson::gpu::fft > log_n:27, log_p:8, deg:8, max_deg:8
2022-03-17T06:19:04.387 INFO bellperson::gpu::fft > ----------------------------------kernel run time: 121.562918ms
2022-03-17T06:19:04.387 INFO bellperson::gpu::fft > log_n:27, log_p:16, deg:8, max_deg:8
2022-03-17T06:19:04.526 INFO bellperson::gpu::fft > ----------------------------------kernel run time: 138.080866ms
2022-03-17T06:19:04.526 INFO bellperson::gpu::fft > log_n:27, log_p:24, deg:3, max_deg:8
2022-03-17T06:19:05.259 INFO bellperson::gpu::fft > ----------------------------------kernel run time: 732.9836ms
2022-03-17T06:19:05.259 INFO bellperson::gpu::fft > ----------------------------------total kernel run time: 1.094892036s
2022-03-17T06:19:05.834 INFO bellperson::gpu::fft > ----------------------------------gpu->cpu time: 575.780975ms
2022-03-17T06:19:07.880 INFO bellperson::domain > log_n:27
2022-03-17T06:19:07.880 INFO bellperson::domain > log_a:27
2022-03-17T06:19:08.384 INFO bellperson::gpu::fft > ----------------------------------cpu->gpu time: 493.391158ms
2022-03-17T06:19:08.384 INFO bellperson::gpu::fft > log_n:27, log_p:0, deg:8, max_deg:8
2022-03-17T06:19:08.486 INFO bellperson::gpu::fft > ----------------------------------kernel run time: 101.685699ms
2022-03-17T06:19:08.486 INFO bellperson::gpu::fft > log_n:27, log_p:8, deg:8, max_deg:8
2022-03-17T06:19:08.608 INFO bellperson::gpu::fft > ----------------------------------kernel run time: 121.916632ms
2022-03-17T06:19:08.608 INFO bellperson::gpu::fft > log_n:27, log_p:16, deg:8, max_deg:8
2022-03-17T06:19:08.746 INFO bellperson::gpu::fft > ----------------------------------kernel run time: 138.026451ms
2022-03-17T06:19:08.746 INFO bellperson::gpu::fft > log_n:27, log_p:24, deg:3, max_deg:8
2022-03-17T06:19:09.479 INFO bellperson::gpu::fft > ----------------------------------kernel run time: 733.22992ms
2022-03-17T06:19:09.480 INFO bellperson::gpu::fft > ----------------------------------total kernel run time: 1.095162381s
2022-03-17T06:19:10.017 INFO bellperson::gpu::fft > ----------------------------------gpu->cpu time: 537.149235ms
2022-03-17T06:19:11.758 INFO bellperson::domain > log_n:27
2022-03-17T06:19:11.758 INFO bellperson::domain > log_a:27
SystemTime { tv_sec: 1647498009, tv_nsec: 92002213 } params done
2022-03-17T06:21:12.645 INFO bellperson::gpu::fft > ----------------------------------cpu->gpu time: 120.86966745s
2022-03-17T06:21:12.652 INFO bellperson::gpu::fft > log_n:27, log_p:0, deg:8, max_deg:8
2022-03-17T06:21:12.766 INFO bellperson::gpu::fft > ----------------------------------kernel run time: 111.239775ms
2022-03-17T06:21:12.766 INFO bellperson::gpu::fft > log_n:27, log_p:8, deg:8, max_deg:8
2022-03-17T06:21:12.888 INFO bellperson::gpu::fft > ----------------------------------kernel run time: 121.720357ms
2022-03-17T06:21:12.888 INFO bellperson::gpu::fft > log_n:27, log_p:16, deg:8, max_deg:8
2022-03-17T06:21:13.026 INFO bellperson::gpu::fft > ----------------------------------kernel run time: 138.02544ms
2022-03-17T06:21:13.026 INFO bellperson::gpu::fft > log_n:27, log_p:24, deg:3, max_deg:8
2022-03-17T06:21:13.759 INFO bellperson::gpu::fft > ----------------------------------kernel run time: 733.189581ms
2022-03-17T06:21:13.759 INFO bellperson::gpu::fft > ----------------------------------total kernel run time: 1.106998895s
2022-03-17T06:21:14.467 INFO bellperson::gpu::fft > ----------------------------------gpu->cpu time: 707.900669ms
2022-03-17T06:21:15.287 INFO bellperson::domain > log_n:27
2022-03-17T06:21:15.287 INFO bellperson::domain > log_a:27
2022-03-17T06:21:15.874 INFO bellperson::gpu::fft > ----------------------------------cpu->gpu time: 564.217157ms
2022-03-17T06:21:15.875 INFO bellperson::gpu::fft > log_n:27, log_p:0, deg:8, max_deg:8
2022-03-17T06:21:15.977 INFO bellperson::gpu::fft > ----------------------------------kernel run time: 102.20054ms
2022-03-17T06:21:15.977 INFO bellperson::gpu::fft > log_n:27, log_p:8, deg:8, max_deg:8
2022-03-17T06:21:16.099 INFO bellperson::gpu::fft > ----------------------------------kernel run time: 121.897816ms
2022-03-17T06:21:16.099 INFO bellperson::gpu::fft > log_n:27, log_p:16, deg:8, max_deg:8
2022-03-17T06:21:16.237 INFO bellperson::gpu::fft > ----------------------------------kernel run time: 138.448757ms
2022-03-17T06:21:16.237 INFO bellperson::gpu::fft > log_n:27, log_p:24, deg:3, max_deg:8
2022-03-17T06:21:16.976 INFO bellperson::gpu::fft > ----------------------------------kernel run time: 738.592306ms
2022-03-17T06:21:16.976 INFO bellperson::gpu::fft > ----------------------------------total kernel run time: 1.101389916s
2022-03-17T06:21:17.607 INFO bellperson::gpu::fft > ----------------------------------gpu->cpu time: 631.319561ms
2022-03-17T06:21:17.615 INFO bellperson::domain > log_n:27
2022-03-17T06:21:17.615 INFO bellperson::domain > log_a:27
2022-03-17T06:22:32.398 INFO bellperson::gpu::fft > ----------------------------------cpu->gpu time: 74.580815051s
2022-03-17T06:22:32.398 INFO bellperson::gpu::fft > log_n:27, log_p:0, deg:8, max_deg:8
2022-03-17T06:22:32.503 INFO bellperson::gpu::fft > ----------------------------------kernel run time: 104.723768ms
2022-03-17T06:22:32.503 INFO bellperson::gpu::fft > log_n:27, log_p:8, deg:8, max_deg:8
2022-03-17T06:22:32.625 INFO bellperson::gpu::fft > ----------------------------------kernel run time: 121.73681ms
2022-03-17T06:22:32.625 INFO bellperson::gpu::fft > log_n:27, log_p:16, deg:8, max_deg:8
2022-03-17T06:22:32.764 INFO bellperson::gpu::fft > ----------------------------------kernel run time: 139.073837ms
2022-03-17T06:22:32.764 INFO bellperson::gpu::fft > log_n:27, log_p:24, deg:3, max_deg:8
2022-03-17T06:22:33.502 INFO bellperson::gpu::fft > ----------------------------------kernel run time: 738.040244ms
2022-03-17T06:22:33.502 INFO bellperson::gpu::fft > ----------------------------------total kernel run time: 1.103757346s
2022-03-17T06:22:34.185 INFO bellperson::gpu::fft > ----------------------------------gpu->cpu time: 683.473138ms
2022-03-17T06:22:34.936 INFO bellperson::domain > log_n:27
2022-03-17T06:22:34.936 INFO bellperson::domain > log_a:27
2022-03-17T06:22:35.497 INFO bellperson::gpu::fft > ----------------------------------cpu->gpu time: 549.478769ms
2022-03-17T06:22:35.497 INFO bellperson::gpu::fft > log_n:27, log_p:0, deg:8, max_deg:8
2022-03-17T06:22:35.599 INFO bellperson::gpu::fft > ----------------------------------kernel run time: 102.302884ms
2022-03-17T06:22:35.599 INFO bellperson::gpu::fft > log_n:27, log_p:8, deg:8, max_deg:8
2022-03-17T06:22:35.722 INFO bellperson::gpu::fft > ----------------------------------kernel run time: 122.637335ms
2022-03-17T06:22:35.722 INFO bellperson::gpu::fft > log_n:27, log_p:16, deg:8, max_deg:8
2022-03-17T06:22:35.861 INFO bellperson::gpu::fft > ----------------------------------kernel run time: 139.233662ms
2022-03-17T06:22:35.861 INFO bellperson::gpu::fft > log_n:27, log_p:24, deg:3, max_deg:8
2022-03-17T06:22:36.600 INFO bellperson::gpu::fft > ----------------------------------kernel run time: 738.720951ms
2022-03-17T06:22:36.600 INFO bellperson::gpu::fft > ----------------------------------total kernel run time: 1.103070868s
2022-03-17T06:22:37.209 INFO bellperson::gpu::fft > ----------------------------------gpu->cpu time: 609.314015ms
2022-03-17T06:22:37.218 INFO bellperson::domain > log_n:27
2022-03-17T06:22:37.218 INFO bellperson::domain > log_a:27
2022-03-17T06:23:42.451 INFO bellperson::gpu::fft > ----------------------------------cpu->gpu time: 65.039608878s
2022-03-17T06:23:42.451 INFO bellperson::gpu::fft > log_n:27, log_p:0, deg:8, max_deg:8
2022-03-17T06:23:42.556 INFO bellperson::gpu::fft > ----------------------------------kernel run time: 104.848716ms
2022-03-17T06:23:42.556 INFO bellperson::gpu::fft > log_n:27, log_p:8, deg:8, max_deg:8
2022-03-17T06:23:42.678 INFO bellperson::gpu::fft > ----------------------------------kernel run time: 121.90018ms
2022-03-17T06:23:42.678 INFO bellperson::gpu::fft > log_n:27, log_p:16, deg:8, max_deg:8
2022-03-17T06:23:42.818 INFO bellperson::gpu::fft > ----------------------------------kernel run time: 139.139914ms
2022-03-17T06:23:42.818 INFO bellperson::gpu::fft > log_n:27, log_p:24, deg:3, max_deg:8
2022-03-17T06:23:43.556 INFO bellperson::gpu::fft > ----------------------------------kernel run time: 738.526199ms
2022-03-17T06:23:43.556 INFO bellperson::gpu::fft > ----------------------------------total kernel run time: 1.104653643s
2022-03-17T06:23:44.225 INFO bellperson::gpu::fft > ----------------------------------gpu->cpu time: 668.645941ms
2022-03-17T06:23:44.970 INFO bellperson::domain > log_n:27
2022-03-17T06:23:44.970 INFO bellperson::domain > log_a:27
2022-03-17T06:23:45.547 INFO bellperson::gpu::fft > ----------------------------------cpu->gpu time: 561.231416ms
2022-03-17T06:23:45.547 INFO bellperson::gpu::fft > log_n:27, log_p:0, deg:8, max_deg:8
2022-03-17T06:23:45.649 INFO bellperson::gpu::fft > ----------------------------------kernel run time: 102.228583ms
2022-03-17T06:23:45.649 INFO bellperson::gpu::fft > log_n:27, log_p:8, deg:8, max_deg:8
2022-03-17T06:23:45.772 INFO bellperson::gpu::fft > ----------------------------------kernel run time: 122.632155ms
2022-03-17T06:23:45.772 INFO bellperson::gpu::fft > log_n:27, log_p:16, deg:8, max_deg:8
2022-03-17T06:23:45.911 INFO bellperson::gpu::fft > ----------------------------------kernel run time: 139.23786ms
2022-03-17T06:23:45.911 INFO bellperson::gpu::fft > log_n:27, log_p:24, deg:3, max_deg:8
2022-03-17T06:23:46.650 INFO bellperson::gpu::fft > ----------------------------------kernel run time: 739.145889ms
2022-03-17T06:23:46.651 INFO bellperson::gpu::fft > ----------------------------------total kernel run time: 1.103505385s
2022-03-17T06:23:47.262 INFO bellperson::gpu::fft > ----------------------------------gpu->cpu time: 611.706324ms
2022-03-17T06:23:49.285 INFO bellperson::domain > log_n:27
2022-03-17T06:23:49.285 INFO bellperson::domain > log_a:27
2022-03-17T06:23:49.921 INFO bellperson::gpu::fft > ----------------------------------cpu->gpu time: 625.234945ms
2022-03-17T06:23:49.921 INFO bellperson::gpu::fft > log_n:27, log_p:0, deg:8, max_deg:8
2022-03-17T06:23:50.024 INFO bellperson::gpu::fft > ----------------------------------kernel run time: 102.900022ms
2022-03-17T06:23:50.024 INFO bellperson::gpu::fft > log_n:27, log_p:8, deg:8, max_deg:8
2022-03-17T06:23:50.146 INFO bellperson::gpu::fft > ----------------------------------kernel run time: 122.675087ms
2022-03-17T06:23:50.146 INFO bellperson::gpu::fft > log_n:27, log_p:16, deg:8, max_deg:8
2022-03-17T06:23:50.286 INFO bellperson::gpu::fft > ----------------------------------kernel run time: 139.187274ms
2022-03-17T06:23:50.286 INFO bellperson::gpu::fft > log_n:27, log_p:24, deg:3, max_deg:8
2022-03-17T06:23:51.025 INFO bellperson::gpu::fft > ----------------------------------kernel run time: 739.04635ms
2022-03-17T06:23:51.025 INFO bellperson::gpu::fft > ----------------------------------total kernel run time: 1.103976382s
2022-03-17T06:23:51.894 INFO bellperson::gpu::fft > ----------------------------------gpu->cpu time: 868.951475ms
2022-03-17T06:23:53.538 INFO bellperson::domain > log_n:27
2022-03-17T06:23:53.538 INFO bellperson::domain > log_a:27
2022-03-17T06:23:55.449 INFO bellperson::gpu::fft > ----------------------------------cpu->gpu time: 1.900162682s
2022-03-17T06:23:55.449 INFO bellperson::gpu::fft > log_n:27, log_p:0, deg:8, max_deg:8
2022-03-17T06:23:55.554 INFO bellperson::gpu::fft > ----------------------------------kernel run time: 104.872021ms
2022-03-17T06:23:55.554 INFO bellperson::gpu::fft > log_n:27, log_p:8, deg:8, max_deg:8
2022-03-17T06:23:55.676 INFO bellperson::gpu::fft > ----------------------------------kernel run time: 122.329358ms
2022-03-17T06:23:55.676 INFO bellperson::gpu::fft > log_n:27, log_p:16, deg:8, max_deg:8
2022-03-17T06:23:55.815 INFO bellperson::gpu::fft > ----------------------------------kernel run time: 139.182885ms
2022-03-17T06:23:55.815 INFO bellperson::gpu::fft > log_n:27, log_p:24, deg:3, max_deg:8
2022-03-17T06:23:56.554 INFO bellperson::gpu::fft > ----------------------------------kernel run time: 739.120401ms
2022-03-17T06:23:56.554 INFO bellperson::gpu::fft > ----------------------------------total kernel run time: 1.105678566s
2022-03-17T06:23:57.087 INFO bellperson::gpu::fft > ----------------------------------gpu->cpu time: 533.17506ms
2022-03-17T06:23:57.740 INFO bellperson::domain > log_n:27
2022-03-17T06:23:57.740 INFO bellperson::domain > log_a:27
2022-03-17T06:23:58.242 INFO bellperson::gpu::fft > ----------------------------------cpu->gpu time: 490.620034ms
2022-03-17T06:23:58.242 INFO bellperson::gpu::fft > log_n:27, log_p:0, deg:8, max_deg:8
2022-03-17T06:23:58.345 INFO bellperson::gpu::fft > ----------------------------------kernel run time: 102.807105ms
2022-03-17T06:23:58.345 INFO bellperson::gpu::fft > log_n:27, log_p:8, deg:8, max_deg:8
2022-03-17T06:23:58.468 INFO bellperson::gpu::fft > ----------------------------------kernel run time: 122.768104ms
2022-03-17T06:23:58.468 INFO bellperson::gpu::fft > log_n:27, log_p:16, deg:8, max_deg:8
2022-03-17T06:23:58.606 INFO bellperson::gpu::fft > ----------------------------------kernel run time: 138.282078ms
2022-03-17T06:23:58.606 INFO bellperson::gpu::fft > log_n:27, log_p:24, deg:3, max_deg:8
2022-03-17T06:23:59.334 INFO bellperson::gpu::fft > ----------------------------------kernel run time: 728.404761ms
2022-03-17T06:23:59.334 INFO bellperson::gpu::fft > ----------------------------------total kernel run time: 1.092452061s
2022-03-17T06:23:59.872 INFO bellperson::gpu::fft > ----------------------------------gpu->cpu time: 537.167648ms
2022-03-17T06:23:59.880 INFO bellperson::domain > log_n:27
2022-03-17T06:23:59.880 INFO bellperson::domain > log_a:27
2022-03-17T06:24:01.914 INFO bellperson::gpu::fft > ----------------------------------cpu->gpu time: 1.831801378s
2022-03-17T06:24:01.914 INFO bellperson::gpu::fft > log_n:27, log_p:0, deg:8, max_deg:8
2022-03-17T06:24:02.016 INFO bellperson::gpu::fft > ----------------------------------kernel run time: 101.652666ms
2022-03-17T06:24:02.016 INFO bellperson::gpu::fft > log_n:27, log_p:8, deg:8, max_deg:8
2022-03-17T06:24:02.138 INFO bellperson::gpu::fft > ----------------------------------kernel run time: 122.384193ms
2022-03-17T06:24:02.138 INFO bellperson::gpu::fft > log_n:27, log_p:16, deg:8, max_deg:8
2022-03-17T06:24:02.276 INFO bellperson::gpu::fft > ----------------------------------kernel run time: 138.145208ms
2022-03-17T06:24:02.276 INFO bellperson::gpu::fft > log_n:27, log_p:24, deg:3, max_deg:8
2022-03-17T06:24:03.007 INFO bellperson::gpu::fft > ----------------------------------kernel run time: 730.46121ms
2022-03-17T06:24:03.007 INFO bellperson::gpu::fft > ----------------------------------total kernel run time: 1.092807398s
2022-03-17T06:24:03.542 INFO bellperson::gpu::fft > ----------------------------------gpu->cpu time: 535.06447ms
2022-03-17T06:24:04.268 INFO bellperson::domain > log_n:27
2022-03-17T06:24:04.269 INFO bellperson::domain > log_a:27
2022-03-17T06:24:04.761 INFO bellperson::gpu::fft > ----------------------------------cpu->gpu time: 481.97025ms
2022-03-17T06:24:04.761 INFO bellperson::gpu::fft > log_n:27, log_p:0, deg:8, max_deg:8
2022-03-17T06:24:04.864 INFO bellperson::gpu::fft > ----------------------------------kernel run time: 102.786266ms
2022-03-17T06:24:04.864 INFO bellperson::gpu::fft > log_n:27, log_p:8, deg:8, max_deg:8
2022-03-17T06:24:04.987 INFO bellperson::gpu::fft > ----------------------------------kernel run time: 122.661441ms
2022-03-17T06:24:04.987 INFO bellperson::gpu::fft > log_n:27, log_p:16, deg:8, max_deg:8
2022-03-17T06:24:05.125 INFO bellperson::gpu::fft > ----------------------------------kernel run time: 138.207507ms
2022-03-17T06:24:05.125 INFO bellperson::gpu::fft > log_n:27, log_p:24, deg:3, max_deg:8
2022-03-17T06:24:05.855 INFO bellperson::gpu::fft > ----------------------------------kernel run time: 729.957119ms
2022-03-17T06:24:05.855 INFO bellperson::gpu::fft > ----------------------------------total kernel run time: 1.093782537s
2022-03-17T06:24:06.393 INFO bellperson::gpu::fft > ----------------------------------gpu->cpu time: 537.539857ms
2022-03-17T06:24:06.401 INFO bellperson::domain > log_n:27
2022-03-17T06:24:06.401 INFO bellperson::domain > log_a:27
2022-03-17T06:24:08.218 INFO bellperson::gpu::fft > ----------------------------------cpu->gpu time: 1.616806872s
2022-03-17T06:24:08.218 INFO bellperson::gpu::fft > log_n:27, log_p:0, deg:8, max_deg:8
2022-03-17T06:24:08.321 INFO bellperson::gpu::fft > ----------------------------------kernel run time: 102.393498ms
2022-03-17T06:24:08.321 INFO bellperson::gpu::fft > log_n:27, log_p:8, deg:8, max_deg:8
2022-03-17T06:24:08.443 INFO bellperson::gpu::fft > ----------------------------------kernel run time: 122.128515ms
2022-03-17T06:24:08.443 INFO bellperson::gpu::fft > log_n:27, log_p:16, deg:8, max_deg:8
2022-03-17T06:24:08.581 INFO bellperson::gpu::fft > ----------------------------------kernel run time: 138.217626ms
2022-03-17T06:24:08.581 INFO bellperson::gpu::fft > log_n:27, log_p:24, deg:3, max_deg:8
2022-03-17T06:24:09.314 INFO bellperson::gpu::fft > ----------------------------------kernel run time: 732.609684ms
2022-03-17T06:24:09.314 INFO bellperson::gpu::fft > ----------------------------------total kernel run time: 1.095584119s
2022-03-17T06:24:09.911 INFO bellperson::gpu::fft > ----------------------------------gpu->cpu time: 597.201712ms
2022-03-17T06:24:10.588 INFO bellperson::domain > log_n:27
2022-03-17T06:24:10.588 INFO bellperson::domain > log_a:27
2022-03-17T06:24:11.098 INFO bellperson::gpu::fft > ----------------------------------cpu->gpu time: 498.285292ms
2022-03-17T06:24:11.098 INFO bellperson::gpu::fft > log_n:27, log_p:0, deg:8, max_deg:8
2022-03-17T06:24:11.201 INFO bellperson::gpu::fft > ----------------------------------kernel run time: 102.770465ms
2022-03-17T06:24:11.201 INFO bellperson::gpu::fft > log_n:27, log_p:8, deg:8, max_deg:8
2022-03-17T06:24:11.324 INFO bellperson::gpu::fft > ----------------------------------kernel run time: 122.751372ms
2022-03-17T06:24:11.324 INFO bellperson::gpu::fft > log_n:27, log_p:16, deg:8, max_deg:8
2022-03-17T06:24:11.462 INFO bellperson::gpu::fft > ----------------------------------kernel run time: 138.376558ms
2022-03-17T06:24:11.462 INFO bellperson::gpu::fft > log_n:27, log_p:24, deg:3, max_deg:8
2022-03-17T06:24:12.193 INFO bellperson::gpu::fft > ----------------------------------kernel run time: 730.349116ms
2022-03-17T06:24:12.193 INFO bellperson::gpu::fft > ----------------------------------total kernel run time: 1.094462052s
2022-03-17T06:24:12.775 INFO bellperson::gpu::fft > ----------------------------------gpu->cpu time: 582.356633ms
2022-03-17T06:24:14.317 INFO bellperson::domain > log_n:27
2022-03-17T06:24:14.317 INFO bellperson::domain > log_a:27
2022-03-17T06:24:14.810 INFO bellperson::gpu::fft > ----------------------------------cpu->gpu time: 481.700677ms
2022-03-17T06:24:14.810 INFO bellperson::gpu::fft > log_n:27, log_p:0, deg:8, max_deg:8
2022-03-17T06:24:14.913 INFO bellperson::gpu::fft > ----------------------------------kernel run time: 102.915502ms
2022-03-17T06:24:14.913 INFO bellperson::gpu::fft > log_n:27, log_p:8, deg:8, max_deg:8
2022-03-17T06:24:15.035 INFO bellperson::gpu::fft > ----------------------------------kernel run time: 121.88467ms
2022-03-17T06:24:15.035 INFO bellperson::gpu::fft > log_n:27, log_p:16, deg:8, max_deg:8
2022-03-17T06:24:15.173 INFO bellperson::gpu::fft > ----------------------------------kernel run time: 138.157381ms
2022-03-17T06:24:15.173 INFO bellperson::gpu::fft > log_n:27, log_p:24, deg:3, max_deg:8
2022-03-17T06:24:15.903 INFO bellperson::gpu::fft > ----------------------------------kernel run time: 729.870274ms
2022-03-17T06:24:15.903 INFO bellperson::gpu::fft > ----------------------------------total kernel run time: 1.093003362s
2022-03-17T06:24:16.458 INFO bellperson::gpu::fft > ----------------------------------gpu->cpu time: 555.106994ms
2022-03-17T06:24:18.167 INFO bellperson::domain > log_n:27
2022-03-17T06:24:18.167 INFO bellperson::domain > log_a:27
2022-03-17T06:24:19.208 INFO bellperson::gpu::fft > ----------------------------------cpu->gpu time: 1.03065743s
2022-03-17T06:24:19.208 INFO bellperson::gpu::fft > log_n:27, log_p:0, deg:8, max_deg:8
2022-03-17T06:24:19.313 INFO bellperson::gpu::fft > ----------------------------------kernel run time: 104.86612ms
2022-03-17T06:24:19.313 INFO bellperson::gpu::fft > log_n:27, log_p:8, deg:8, max_deg:8
2022-03-17T06:24:19.436 INFO bellperson::gpu::fft > ----------------------------------kernel run time: 122.407577ms
2022-03-17T06:24:19.436 INFO bellperson::gpu::fft > log_n:27, log_p:16, deg:8, max_deg:8
2022-03-17T06:24:19.574 INFO bellperson::gpu::fft > ----------------------------------kernel run time: 138.273883ms
2022-03-17T06:24:19.574 INFO bellperson::gpu::fft > log_n:27, log_p:24, deg:3, max_deg:8
2022-03-17T06:24:20.304 INFO bellperson::gpu::fft > ----------------------------------kernel run time: 729.593596ms
2022-03-17T06:24:20.304 INFO bellperson::gpu::fft > ----------------------------------total kernel run time: 1.095400599s
2022-03-17T06:24:20.846 INFO bellperson::gpu::fft > ----------------------------------gpu->cpu time: 542.042678ms
2022-03-17T06:24:21.515 INFO bellperson::domain > log_n:27
2022-03-17T06:24:21.515 INFO bellperson::domain > log_a:27
2022-03-17T06:24:21.988 INFO bellperson::gpu::fft > ----------------------------------cpu->gpu time: 461.128864ms
2022-03-17T06:24:21.988 INFO bellperson::gpu::fft > log_n:27, log_p:0, deg:8, max_deg:8
2022-03-17T06:24:22.091 INFO bellperson::gpu::fft > ----------------------------------kernel run time: 103.433037ms
2022-03-17T06:24:22.091 INFO bellperson::gpu::fft > log_n:27, log_p:8, deg:8, max_deg:8
2022-03-17T06:24:22.214 INFO bellperson::gpu::fft > ----------------------------------kernel run time: 122.646964ms
2022-03-17T06:24:22.214 INFO bellperson::gpu::fft > log_n:27, log_p:16, deg:8, max_deg:8
2022-03-17T06:24:22.352 INFO bellperson::gpu::fft > ----------------------------------kernel run time: 138.229238ms
2022-03-17T06:24:22.352 INFO bellperson::gpu::fft > log_n:27, log_p:24, deg:3, max_deg:8
2022-03-17T06:24:23.085 INFO bellperson::gpu::fft > ----------------------------------kernel run time: 732.989508ms
2022-03-17T06:24:23.085 INFO bellperson::gpu::fft > ----------------------------------total kernel run time: 1.097580554s
2022-03-17T06:24:23.670 INFO bellperson::gpu::fft > ----------------------------------gpu->cpu time: 584.807583ms
2022-03-17T06:24:23.678 INFO bellperson::domain > log_n:27
2022-03-17T06:24:23.678 INFO bellperson::domain > log_a:27
2022-03-17T06:24:24.949 INFO bellperson::gpu::fft > ----------------------------------cpu->gpu time: 1.077245172s
2022-03-17T06:24:24.949 INFO bellperson::gpu::fft > log_n:27, log_p:0, deg:8, max_deg:8
2022-03-17T06:24:25.052 INFO bellperson::gpu::fft > ----------------------------------kernel run time: 102.629597ms
2022-03-17T06:24:25.052 INFO bellperson::gpu::fft > log_n:27, log_p:8, deg:8, max_deg:8
2022-03-17T06:24:25.174 INFO bellperson::gpu::fft > ----------------------------------kernel run time: 122.040067ms
2022-03-17T06:24:25.174 INFO bellperson::gpu::fft > log_n:27, log_p:16, deg:8, max_deg:8
2022-03-17T06:24:25.312 INFO bellperson::gpu::fft > ----------------------------------kernel run time: 138.039777ms
2022-03-17T06:24:25.312 INFO bellperson::gpu::fft > log_n:27, log_p:24, deg:3, max_deg:8
2022-03-17T06:24:26.045 INFO bellperson::gpu::fft > ----------------------------------kernel run time: 732.810817ms
2022-03-17T06:24:26.045 INFO bellperson::gpu::fft > ----------------------------------total kernel run time: 1.095801333s
2022-03-17T06:24:26.625 INFO bellperson::gpu::fft > ----------------------------------gpu->cpu time: 579.805722ms
2022-03-17T06:24:27.360 INFO bellperson::domain > log_n:27
2022-03-17T06:24:27.360 INFO bellperson::domain > log_a:27
2022-03-17T06:24:27.895 INFO bellperson::gpu::fft > ----------------------------------cpu->gpu time: 518.997452ms
2022-03-17T06:24:27.895 INFO bellperson::gpu::fft > log_n:27, log_p:0, deg:8, max_deg:8
2022-03-17T06:24:27.998 INFO bellperson::gpu::fft > ----------------------------------kernel run time: 102.38979ms
2022-03-17T06:24:27.998 INFO bellperson::gpu::fft > log_n:27, log_p:8, deg:8, max_deg:8
2022-03-17T06:24:28.120 INFO bellperson::gpu::fft > ----------------------------------kernel run time: 122.063531ms
2022-03-17T06:24:28.120 INFO bellperson::gpu::fft > log_n:27, log_p:16, deg:8, max_deg:8
2022-03-17T06:24:28.258 INFO bellperson::gpu::fft > ----------------------------------kernel run time: 138.126182ms
2022-03-17T06:24:28.258 INFO bellperson::gpu::fft > log_n:27, log_p:24, deg:3, max_deg:8
2022-03-17T06:24:28.991 INFO bellperson::gpu::fft > ----------------------------------kernel run time: 732.852597ms
2022-03-17T06:24:28.991 INFO bellperson::gpu::fft > ----------------------------------total kernel run time: 1.095852771s
2022-03-17T06:24:29.565 INFO bellperson::gpu::fft > ----------------------------------gpu->cpu time: 573.851134ms
2022-03-17T06:24:29.573 INFO bellperson::domain > log_n:27
2022-03-17T06:24:29.573 INFO bellperson::domain > log_a:27
2022-03-17T06:24:30.999 INFO bellperson::gpu::fft > ----------------------------------cpu->gpu time: 1.22028168s
2022-03-17T06:24:30.999 INFO bellperson::gpu::fft > log_n:27, log_p:0, deg:8, max_deg:8
2022-03-17T06:24:31.102 INFO bellperson::gpu::fft > ----------------------------------kernel run time: 102.781787ms
2022-03-17T06:24:31.102 INFO bellperson::gpu::fft > log_n:27, log_p:8, deg:8, max_deg:8
2022-03-17T06:24:31.224 INFO bellperson::gpu::fft > ----------------------------------kernel run time: 122.079342ms
2022-03-17T06:24:31.224 INFO bellperson::gpu::fft > log_n:27, log_p:16, deg:8, max_deg:8
2022-03-17T06:24:31.362 INFO bellperson::gpu::fft > ----------------------------------kernel run time: 138.07323ms
2022-03-17T06:24:31.362 INFO bellperson::gpu::fft > log_n:27, log_p:24, deg:3, max_deg:8
2022-03-17T06:24:32.095 INFO bellperson::gpu::fft > ----------------------------------kernel run time: 732.91697ms
2022-03-17T06:24:32.095 INFO bellperson::gpu::fft > ----------------------------------total kernel run time: 1.096273463s
2022-03-17T06:24:32.711 INFO bellperson::gpu::fft > ----------------------------------gpu->cpu time: 615.270676ms
2022-03-17T06:24:33.480 INFO bellperson::domain > log_n:27
2022-03-17T06:24:33.480 INFO bellperson::domain > log_a:27
2022-03-17T06:24:34.009 INFO bellperson::gpu::fft > ----------------------------------cpu->gpu time: 517.676895ms
2022-03-17T06:24:34.009 INFO bellperson::gpu::fft > log_n:27, log_p:0, deg:8, max_deg:8
2022-03-17T06:24:34.112 INFO bellperson::gpu::fft > ----------------------------------kernel run time: 102.920131ms
2022-03-17T06:24:34.112 INFO bellperson::gpu::fft > log_n:27, log_p:8, deg:8, max_deg:8
2022-03-17T06:24:34.235 INFO bellperson::gpu::fft > ----------------------------------kernel run time: 123.563039ms
2022-03-17T06:24:34.235 INFO bellperson::gpu::fft > log_n:27, log_p:16, deg:8, max_deg:8
2022-03-17T06:24:34.374 INFO bellperson::gpu::fft > ----------------------------------kernel run time: 138.349005ms
2022-03-17T06:24:34.374 INFO bellperson::gpu::fft > log_n:27, log_p:24, deg:3, max_deg:8
2022-03-17T06:24:35.107 INFO bellperson::gpu::fft > ----------------------------------kernel run time: 732.82783ms
2022-03-17T06:24:35.107 INFO bellperson::gpu::fft > ----------------------------------total kernel run time: 1.098005673s
2022-03-17T06:24:35.697 INFO bellperson::gpu::fft > ----------------------------------gpu->cpu time: 590.131359ms
2022-03-17T06:24:37.217 INFO bellperson::domain > log_n:27
2022-03-17T06:24:37.217 INFO bellperson::domain > log_a:27
2022-03-17T06:24:37.737 INFO bellperson::gpu::fft > ----------------------------------cpu->gpu time: 503.827604ms
2022-03-17T06:24:37.737 INFO bellperson::gpu::fft > log_n:27, log_p:0, deg:8, max_deg:8
2022-03-17T06:24:37.840 INFO bellperson::gpu::fft > ----------------------------------kernel run time: 103.201708ms
2022-03-17T06:24:37.840 INFO bellperson::gpu::fft > log_n:27, log_p:8, deg:8, max_deg:8
2022-03-17T06:24:37.963 INFO bellperson::gpu::fft > ----------------------------------kernel run time: 123.395489ms
2022-03-17T06:24:37.963 INFO bellperson::gpu::fft > log_n:27, log_p:16, deg:8, max_deg:8
2022-03-17T06:24:38.103 INFO bellperson::gpu::fft > ----------------------------------kernel run time: 139.211359ms
2022-03-17T06:24:38.103 INFO bellperson::gpu::fft > log_n:27, log_p:24, deg:3, max_deg:8
2022-03-17T06:24:38.836 INFO bellperson::gpu::fft > ----------------------------------kernel run time: 733.007672ms
2022-03-17T06:24:38.836 INFO bellperson::gpu::fft > ----------------------------------total kernel run time: 1.099152469s
2022-03-17T06:24:39.381 INFO bellperson::gpu::fft > ----------------------------------gpu->cpu time: 545.576864ms
2022-03-17T06:24:41.293 INFO bellperson::domain > log_n:27
2022-03-17T06:24:41.293 INFO bellperson::domain > log_a:27
./test.sh: line 2:   892 Killed                  ./lotus-bench prove ./c2.json skip-unseal=true --storage-dir=/data/sdb/.lotus-bench --sector-size=34359738368
