2022-03-12T17:13:23.763Z	[34mINFO[0m	lotus-bench	lotus-bench/main.go:100	Starting lotus-bench
2022-03-12T17:13:23.764Z	[34mINFO[0m	build	go-paramfetch@v0.0.2-0.20200701152213-3e0f0afdc261/paramfetch.go:138	Parameter file /var/tmp/filecoin-proof-parameters/v28-proof-of-spacetime-fallback-merkletree-poseidon_hasher-8-0-0-7d739b8cf60f1b0709eeebee7730e297683552e4b69cab6984ec0285663c5781.vk is ok
2022-03-12T17:13:23.764Z	[34mINFO[0m	build	go-paramfetch@v0.0.2-0.20200701152213-3e0f0afdc261/paramfetch.go:138	Parameter file /var/tmp/filecoin-proof-parameters/v28-proof-of-spacetime-fallback-merkletree-poseidon_hasher-8-8-2-b62098629d07946e9028127e70295ed996fe3ed25b0f9f88eb610a0ab4385a3c.vk is ok
2022-03-12T17:13:23.764Z	[34mINFO[0m	build	go-paramfetch@v0.0.2-0.20200701152213-3e0f0afdc261/paramfetch.go:138	Parameter file /var/tmp/filecoin-proof-parameters/v28-proof-of-spacetime-fallback-merkletree-poseidon_hasher-8-0-0-5294475db5237a2e83c3e52fd6c2b03859a1831d45ed08c4f35dbf9a803165a9.vk is ok
2022-03-12T17:13:23.764Z	[34mINFO[0m	build	go-paramfetch@v0.0.2-0.20200701152213-3e0f0afdc261/paramfetch.go:138	Parameter file /var/tmp/filecoin-proof-parameters/v28-stacked-proof-of-replication-merkletree-poseidon_hasher-8-0-0-sha256_hasher-ecd683648512ab1765faa2a5f14bab48f676e633467f0aa8aad4b55dcb0652bb.vk is ok
2022-03-12T17:13:23.764Z	[34mINFO[0m	build	go-paramfetch@v0.0.2-0.20200701152213-3e0f0afdc261/paramfetch.go:138	Parameter file /var/tmp/filecoin-proof-parameters/v28-proof-of-spacetime-fallback-merkletree-poseidon_hasher-8-0-0-50c7368dea9593ed0989e70974d28024efa9d156d585b7eea1be22b2e753f331.vk is ok
2022-03-12T17:13:23.764Z	[34mINFO[0m	build	go-paramfetch@v0.0.2-0.20200701152213-3e0f0afdc261/paramfetch.go:138	Parameter file /var/tmp/filecoin-proof-parameters/v28-stacked-proof-of-replication-merkletree-poseidon_hasher-8-0-0-sha256_hasher-6babf46ce344ae495d558e7770a585b2382d54f225af8ed0397b8be7c3fcd472.vk is ok
2022-03-12T17:13:23.764Z	[34mINFO[0m	build	go-paramfetch@v0.0.2-0.20200701152213-3e0f0afdc261/paramfetch.go:138	Parameter file /var/tmp/filecoin-proof-parameters/v28-stacked-proof-of-replication-merkletree-poseidon_hasher-8-8-2-sha256_hasher-96f1b4a04c5c51e4759bbf224bbc2ef5a42c7100f16ec0637123f16a845ddfb2.vk is ok
2022-03-12T17:13:23.764Z	[34mINFO[0m	build	go-paramfetch@v0.0.2-0.20200701152213-3e0f0afdc261/paramfetch.go:138	Parameter file /var/tmp/filecoin-proof-parameters/v28-proof-of-spacetime-fallback-merkletree-poseidon_hasher-8-0-0-0cfb4f178bbb71cf2ecfcd42accce558b27199ab4fb59cb78f2483fe21ef36d9.vk is ok
2022-03-12T17:13:23.764Z	[34mINFO[0m	build	go-paramfetch@v0.0.2-0.20200701152213-3e0f0afdc261/paramfetch.go:138	Parameter file /var/tmp/filecoin-proof-parameters/v28-proof-of-spacetime-fallback-merkletree-poseidon_hasher-8-0-0-0170db1f394b35d995252228ee359194b13199d259380541dc529fb0099096b0.vk is ok
2022-03-12T17:13:23.764Z	[34mINFO[0m	build	go-paramfetch@v0.0.2-0.20200701152213-3e0f0afdc261/paramfetch.go:138	Parameter file /var/tmp/filecoin-proof-parameters/v28-proof-of-spacetime-fallback-merkletree-poseidon_hasher-8-0-0-3ea05428c9d11689f23529cde32fd30aabd50f7d2c93657c1d3650bca3e8ea9e.vk is ok
2022-03-12T17:13:23.764Z	[34mINFO[0m	build	go-paramfetch@v0.0.2-0.20200701152213-3e0f0afdc261/paramfetch.go:138	Parameter file /var/tmp/filecoin-proof-parameters/v28-proof-of-spacetime-fallback-merkletree-poseidon_hasher-8-8-0-559e581f022bb4e4ec6e719e563bf0e026ad6de42e56c18714a2c692b1b88d7e.vk is ok
2022-03-12T17:13:23.764Z	[34mINFO[0m	build	go-paramfetch@v0.0.2-0.20200701152213-3e0f0afdc261/paramfetch.go:138	Parameter file /var/tmp/filecoin-proof-parameters/v28-stacked-proof-of-replication-merkletree-poseidon_hasher-8-8-0-sha256_hasher-82a357d2f2ca81dc61bb45f4a762807aedee1b0a53fd6c4e77b46a01bfef7820.vk is ok
2022-03-12T17:13:23.764Z	[34mINFO[0m	build	go-paramfetch@v0.0.2-0.20200701152213-3e0f0afdc261/paramfetch.go:138	Parameter file /var/tmp/filecoin-proof-parameters/v28-stacked-proof-of-replication-merkletree-poseidon_hasher-8-0-0-sha256_hasher-032d3138d22506ec0082ed72b2dcba18df18477904e35bafee82b3793b06832f.vk is ok
2022-03-12T17:13:23.769Z	[34mINFO[0m	build	go-paramfetch@v0.0.2-0.20200701152213-3e0f0afdc261/paramfetch.go:138	Parameter file /var/tmp/filecoin-proof-parameters/v28-proof-of-spacetime-fallback-merkletree-poseidon_hasher-8-8-2-2627e4006b67f99cef990c0a47d5426cb7ab0a0ad58fc1061547bf2d28b09def.vk is ok
2022-03-12T17:13:23.769Z	[34mINFO[0m	build	go-paramfetch@v0.0.2-0.20200701152213-3e0f0afdc261/paramfetch.go:138	Parameter file /var/tmp/filecoin-proof-parameters/v28-proof-of-spacetime-fallback-merkletree-poseidon_hasher-8-8-0-0377ded656c6f524f1618760bffe4e0a1c51d5a70c4509eedae8a27555733edc.vk is ok
2022-03-12T17:13:23.849Z	[34mINFO[0m	build	go-paramfetch@v0.0.2-0.20200701152213-3e0f0afdc261/paramfetch.go:138	Parameter file /var/tmp/filecoin-proof-parameters/v28-proof-of-spacetime-fallback-merkletree-poseidon_hasher-8-0-0-0cfb4f178bbb71cf2ecfcd42accce558b27199ab4fb59cb78f2483fe21ef36d9.params is ok
2022-03-12T17:13:24.015Z	[34mINFO[0m	build	go-paramfetch@v0.0.2-0.20200701152213-3e0f0afdc261/paramfetch.go:138	Parameter file /var/tmp/filecoin-proof-parameters/v28-proof-of-spacetime-fallback-merkletree-poseidon_hasher-8-0-0-7d739b8cf60f1b0709eeebee7730e297683552e4b69cab6984ec0285663c5781.params is ok
2022-03-12T17:13:26.567Z	[34mINFO[0m	build	go-paramfetch@v0.0.2-0.20200701152213-3e0f0afdc261/paramfetch.go:138	Parameter file /var/tmp/filecoin-proof-parameters/v28-stacked-proof-of-replication-merkletree-poseidon_hasher-8-0-0-sha256_hasher-6babf46ce344ae495d558e7770a585b2382d54f225af8ed0397b8be7c3fcd472.params is ok
2022-03-12T17:13:26.567Z	[34mINFO[0m	build	go-paramfetch@v0.0.2-0.20200701152213-3e0f0afdc261/paramfetch.go:162	parameter and key-fetching complete
2022-03-12T17:13:26.567Z	[34mINFO[0m	lotus-bench	lotus-bench/main.go:514	[0] Writing piece into sector...
2022-03-12T17:13:26.591 INFO filecoin_proofs::api > generate_piece_commitment:start
2022-03-12T17:13:26.687 INFO filecoin_proofs::api > generate_piece_commitment:finish
2022-03-12T17:13:26.707 INFO filecoin_proofs::api > generate_piece_commitment:start
2022-03-12T17:13:26.800 INFO filecoin_proofs::api > generate_piece_commitment:finish
2022-03-12T17:13:26.819 INFO filecoin_proofs::api > generate_piece_commitment:start
2022-03-12T17:13:26.917 INFO filecoin_proofs::api > generate_piece_commitment:finish
2022-03-12T17:13:26.935 INFO filecoin_proofs::api > generate_piece_commitment:start
2022-03-12T17:13:27.025 INFO filecoin_proofs::api > generate_piece_commitment:finish
2022-03-12T17:13:27.045 INFO filecoin_proofs::api > generate_piece_commitment:start
2022-03-12T17:13:27.142 INFO filecoin_proofs::api > generate_piece_commitment:finish
2022-03-12T17:13:27.160 INFO filecoin_proofs::api > generate_piece_commitment:start
2022-03-12T17:13:27.258 INFO filecoin_proofs::api > generate_piece_commitment:finish
2022-03-12T17:13:27.276 INFO filecoin_proofs::api > generate_piece_commitment:start
2022-03-12T17:13:27.363 INFO filecoin_proofs::api > generate_piece_commitment:finish
2022-03-12T17:13:27.375 INFO filecoin_proofs::api > generate_piece_commitment:start
2022-03-12T17:13:27.466 INFO filecoin_proofs::api > generate_piece_commitment:finish
2022-03-12T17:13:27.485 INFO filecoin_proofs::api > generate_piece_commitment:start
2022-03-12T17:13:27.578 INFO filecoin_proofs::api > generate_piece_commitment:finish
2022-03-12T17:13:27.596 INFO filecoin_proofs::api > generate_piece_commitment:start
2022-03-12T17:13:27.694 INFO filecoin_proofs::api > generate_piece_commitment:finish
2022-03-12T17:13:27.713 INFO filecoin_proofs::api > generate_piece_commitment:start
2022-03-12T17:13:27.801 INFO filecoin_proofs::api > generate_piece_commitment:finish
2022-03-12T17:13:27.812 INFO filecoin_proofs::api > generate_piece_commitment:start
2022-03-12T17:13:27.902 INFO filecoin_proofs::api > generate_piece_commitment:finish
2022-03-12T17:13:27.922 INFO filecoin_proofs::api > generate_piece_commitment:start
2022-03-12T17:13:28.011 INFO filecoin_proofs::api > generate_piece_commitment:finish
2022-03-12T17:13:28.023 INFO filecoin_proofs::api > generate_piece_commitment:start
2022-03-12T17:13:28.111 INFO filecoin_proofs::api > generate_piece_commitment:finish
2022-03-12T17:13:28.124 INFO filecoin_proofs::api > generate_piece_commitment:start
2022-03-12T17:13:28.214 INFO filecoin_proofs::api > generate_piece_commitment:finish
2022-03-12T17:13:28.234 INFO filecoin_proofs::api > generate_piece_commitment:start
2022-03-12T17:13:28.325 INFO filecoin_proofs::api > generate_piece_commitment:finish
2022-03-12T17:13:28.344 INFO filecoin_proofs::api > generate_piece_commitment:start
2022-03-12T17:13:28.436 INFO filecoin_proofs::api > generate_piece_commitment:finish
2022-03-12T17:13:28.457 INFO filecoin_proofs::api > generate_piece_commitment:start
2022-03-12T17:13:28.545 INFO filecoin_proofs::api > generate_piece_commitment:finish
2022-03-12T17:13:28.556 INFO filecoin_proofs::api > generate_piece_commitment:start
2022-03-12T17:13:28.645 INFO filecoin_proofs::api > generate_piece_commitment:finish
2022-03-12T17:13:28.660 INFO filecoin_proofs::api > generate_piece_commitment:start
2022-03-12T17:13:28.748 INFO filecoin_proofs::api > generate_piece_commitment:finish
2022-03-12T17:13:28.759 INFO filecoin_proofs::api > generate_piece_commitment:start
2022-03-12T17:13:28.849 INFO filecoin_proofs::api > generate_piece_commitment:finish
2022-03-12T17:13:28.861 INFO filecoin_proofs::api > generate_piece_commitment:start
2022-03-12T17:13:28.952 INFO filecoin_proofs::api > generate_piece_commitment:finish
2022-03-12T17:13:28.971 INFO filecoin_proofs::api > generate_piece_commitment:start
2022-03-12T17:13:29.061 INFO filecoin_proofs::api > generate_piece_commitment:finish
2022-03-12T17:13:29.074 INFO filecoin_proofs::api > generate_piece_commitment:start
2022-03-12T17:13:29.167 INFO filecoin_proofs::api > generate_piece_commitment:finish
2022-03-12T17:13:29.187 INFO filecoin_proofs::api > generate_piece_commitment:start
2022-03-12T17:13:29.284 INFO filecoin_proofs::api > generate_piece_commitment:finish
2022-03-12T17:13:29.303 INFO filecoin_proofs::api > generate_piece_commitment:start
2022-03-12T17:13:29.401 INFO filecoin_proofs::api > generate_piece_commitment:finish
2022-03-12T17:13:29.419 INFO filecoin_proofs::api > generate_piece_commitment:start
2022-03-12T17:13:29.507 INFO filecoin_proofs::api > generate_piece_commitment:finish
2022-03-12T17:13:29.526 INFO filecoin_proofs::api > generate_piece_commitment:start
2022-03-12T17:13:29.620 INFO filecoin_proofs::api > generate_piece_commitment:finish
2022-03-12T17:13:29.639 INFO filecoin_proofs::api > generate_piece_commitment:start
2022-03-12T17:13:29.732 INFO filecoin_proofs::api > generate_piece_commitment:finish
2022-03-12T17:13:29.750 INFO filecoin_proofs::api > generate_piece_commitment:start
2022-03-12T17:13:29.838 INFO filecoin_proofs::api > generate_piece_commitment:finish
2022-03-12T17:13:29.848 INFO filecoin_proofs::api > generate_piece_commitment:start
2022-03-12T17:13:29.936 INFO filecoin_proofs::api > generate_piece_commitment:finish
2022-03-12T17:13:29.947 INFO filecoin_proofs::api > generate_piece_commitment:start
2022-03-12T17:13:30.036 INFO filecoin_proofs::api > generate_piece_commitment:finish
2022-03-12T17:13:30.048 INFO filecoin_proofs::api > generate_piece_commitment:start
2022-03-12T17:13:30.137 INFO filecoin_proofs::api > generate_piece_commitment:finish
2022-03-12T17:13:30.150 INFO filecoin_proofs::api > generate_piece_commitment:start
2022-03-12T17:13:30.251 INFO filecoin_proofs::api > generate_piece_commitment:finish
2022-03-12T17:13:30.271 INFO filecoin_proofs::api > generate_piece_commitment:start
2022-03-12T17:13:30.366 INFO filecoin_proofs::api > generate_piece_commitment:finish
2022-03-12T17:13:30.384 INFO filecoin_proofs::api > generate_piece_commitment:start
2022-03-12T17:13:30.483 INFO filecoin_proofs::api > generate_piece_commitment:finish
2022-03-12T17:13:30.502 INFO filecoin_proofs::api > generate_piece_commitment:start
2022-03-12T17:13:30.598 INFO filecoin_proofs::api > generate_piece_commitment:finish
2022-03-12T17:13:30.617 INFO filecoin_proofs::api > generate_piece_commitment:start
2022-03-12T17:13:30.715 INFO filecoin_proofs::api > generate_piece_commitment:finish
2022-03-12T17:13:30.737 INFO filecoin_proofs::api > generate_piece_commitment:start
2022-03-12T17:13:30.836 INFO filecoin_proofs::api > generate_piece_commitment:finish
2022-03-12T17:13:30.856 INFO filecoin_proofs::api > generate_piece_commitment:start
2022-03-12T17:13:30.953 INFO filecoin_proofs::api > generate_piece_commitment:finish
2022-03-12T17:13:30.973 INFO filecoin_proofs::api > generate_piece_commitment:start
2022-03-12T17:13:31.062 INFO filecoin_proofs::api > generate_piece_commitment:finish
2022-03-12T17:13:31.075 INFO filecoin_proofs::api > generate_piece_commitment:start
2022-03-12T17:13:31.163 INFO filecoin_proofs::api > generate_piece_commitment:finish
2022-03-12T17:13:31.175 INFO filecoin_proofs::api > generate_piece_commitment:start
2022-03-12T17:13:31.266 INFO filecoin_proofs::api > generate_piece_commitment:finish
2022-03-12T17:13:31.285 INFO filecoin_proofs::api > generate_piece_commitment:start
2022-03-12T17:13:31.378 INFO filecoin_proofs::api > generate_piece_commitment:finish
2022-03-12T17:13:31.396 INFO filecoin_proofs::api > generate_piece_commitment:start
2022-03-12T17:13:31.484 INFO filecoin_proofs::api > generate_piece_commitment:finish
2022-03-12T17:13:31.498 INFO filecoin_proofs::api > generate_piece_commitment:start
2022-03-12T17:13:31.588 INFO filecoin_proofs::api > generate_piece_commitment:finish
2022-03-12T17:13:31.607 INFO filecoin_proofs::api > generate_piece_commitment:start
2022-03-12T17:13:31.700 INFO filecoin_proofs::api > generate_piece_commitment:finish
2022-03-12T17:13:31.719 INFO filecoin_proofs::api > generate_piece_commitment:start
2022-03-12T17:13:31.809 INFO filecoin_proofs::api > generate_piece_commitment:finish
2022-03-12T17:13:31.822 INFO filecoin_proofs::api > generate_piece_commitment:start
2022-03-12T17:13:31.910 INFO filecoin_proofs::api > generate_piece_commitment:finish
2022-03-12T17:13:31.921 INFO filecoin_proofs::api > generate_piece_commitment:start
2022-03-12T17:13:32.010 INFO filecoin_proofs::api > generate_piece_commitment:finish
2022-03-12T17:13:32.020 INFO filecoin_proofs::api > generate_piece_commitment:start
2022-03-12T17:13:32.109 INFO filecoin_proofs::api > generate_piece_commitment:finish
2022-03-12T17:13:32.121 INFO filecoin_proofs::api > generate_piece_commitment:start
2022-03-12T17:13:32.209 INFO filecoin_proofs::api > generate_piece_commitment:finish
2022-03-12T17:13:32.227 INFO filecoin_proofs::api > generate_piece_commitment:start
2022-03-12T17:13:32.325 INFO filecoin_proofs::api > generate_piece_commitment:finish
2022-03-12T17:13:32.343 INFO filecoin_proofs::api > generate_piece_commitment:start
2022-03-12T17:13:32.430 INFO filecoin_proofs::api > generate_piece_commitment:finish
2022-03-12T17:13:32.442 INFO filecoin_proofs::api > generate_piece_commitment:start
2022-03-12T17:13:32.531 INFO filecoin_proofs::api > generate_piece_commitment:finish
2022-03-12T17:13:32.542 INFO filecoin_proofs::api > generate_piece_commitment:start
2022-03-12T17:13:32.629 INFO filecoin_proofs::api > generate_piece_commitment:finish
2022-03-12T17:13:32.641 INFO filecoin_proofs::api > generate_piece_commitment:start
2022-03-12T17:13:32.731 INFO filecoin_proofs::api > generate_piece_commitment:finish
2022-03-12T17:13:32.743 INFO filecoin_proofs::api > generate_piece_commitment:start
2022-03-12T17:13:32.833 INFO filecoin_proofs::api > generate_piece_commitment:finish
2022-03-12T17:13:32.845 INFO filecoin_proofs::api > generate_piece_commitment:start
2022-03-12T17:13:32.933 INFO filecoin_proofs::api > generate_piece_commitment:finish
2022-03-12T17:13:32.944 INFO filecoin_proofs::api > generate_piece_commitment:start
2022-03-12T17:13:33.034 INFO filecoin_proofs::api > generate_piece_commitment:finish
2022-03-12T17:13:33.053 INFO filecoin_proofs::api > generate_piece_commitment:start
2022-03-12T17:13:33.145 INFO filecoin_proofs::api > generate_piece_commitment:finish
2022-03-12T17:13:33.165 INFO filecoin_proofs::api > generate_piece_commitment:start
2022-03-12T17:13:33.254 INFO filecoin_proofs::api > generate_piece_commitment:finish
2022-03-12T17:13:33.275 INFO filecoin_proofs::api > generate_piece_commitment:start
2022-03-12T17:13:33.364 INFO filecoin_proofs::api > generate_piece_commitment:finish
2022-03-12T17:13:33.384 INFO filecoin_proofs::api > generate_piece_commitment:start
2022-03-12T17:13:33.482 INFO filecoin_proofs::api > generate_piece_commitment:finish
2022-03-12T17:13:33.500 INFO filecoin_proofs::api > generate_piece_commitment:start
2022-03-12T17:13:33.590 INFO filecoin_proofs::api > generate_piece_commitment:finish
2022-03-12T17:13:33.610 INFO filecoin_proofs::api > generate_piece_commitment:start
2022-03-12T17:13:33.706 INFO filecoin_proofs::api > generate_piece_commitment:finish
2022-03-12T17:13:33.725 INFO filecoin_proofs::api > generate_piece_commitment:start
2022-03-12T17:13:33.812 INFO filecoin_proofs::api > generate_piece_commitment:finish
2022-03-12T17:13:33.822 INFO filecoin_proofs::api > generate_piece_commitment:start
2022-03-12T17:13:33.910 INFO filecoin_proofs::api > generate_piece_commitment:finish
2022-03-12T17:13:33.924 INFO filecoin_proofs::api > generate_piece_commitment:start
2022-03-12T17:13:34.012 INFO filecoin_proofs::api > generate_piece_commitment:finish
2022-03-12T17:13:34.029 INFO filecoin_proofs::api > generate_piece_commitment:start
2022-03-12T17:13:34.121 INFO filecoin_proofs::api > generate_piece_commitment:finish
2022-03-12T17:13:34.141 INFO filecoin_proofs::api > generate_piece_commitment:start
2022-03-12T17:13:34.231 INFO filecoin_proofs::api > generate_piece_commitment:finish
2022-03-12T17:13:34.251 INFO filecoin_proofs::api > generate_piece_commitment:start
2022-03-12T17:13:34.340 INFO filecoin_proofs::api > generate_piece_commitment:finish
2022-03-12T17:13:34.360 INFO filecoin_proofs::api > generate_piece_commitment:start
2022-03-12T17:13:34.456 INFO filecoin_proofs::api > generate_piece_commitment:finish
2022-03-12T17:13:34.473 INFO filecoin_proofs::api > generate_piece_commitment:start
2022-03-12T17:13:34.565 INFO filecoin_proofs::api > generate_piece_commitment:finish
2022-03-12T17:13:34.577 INFO filecoin_proofs::api > generate_piece_commitment:start
2022-03-12T17:13:34.667 INFO filecoin_proofs::api > generate_piece_commitment:finish
2022-03-12T17:13:34.681 INFO filecoin_proofs::api > generate_piece_commitment:start
2022-03-12T17:13:34.771 INFO filecoin_proofs::api > generate_piece_commitment:finish
2022-03-12T17:13:34.792 INFO filecoin_proofs::api > generate_piece_commitment:start
2022-03-12T17:13:34.887 INFO filecoin_proofs::api > generate_piece_commitment:finish
2022-03-12T17:13:34.906 INFO filecoin_proofs::api > generate_piece_commitment:start
2022-03-12T17:13:34.995 INFO filecoin_proofs::api > generate_piece_commitment:finish
2022-03-12T17:13:35.008 INFO filecoin_proofs::api > generate_piece_commitment:start
2022-03-12T17:13:35.098 INFO filecoin_proofs::api > generate_piece_commitment:finish
2022-03-12T17:13:35.110 INFO filecoin_proofs::api > generate_piece_commitment:start
2022-03-12T17:13:35.198 INFO filecoin_proofs::api > generate_piece_commitment:finish
2022-03-12T17:13:35.211 INFO filecoin_proofs::api > generate_piece_commitment:start
2022-03-12T17:13:35.309 INFO filecoin_proofs::api > generate_piece_commitment:finish
2022-03-12T17:13:35.328 INFO filecoin_proofs::api > generate_piece_commitment:start
2022-03-12T17:13:35.416 INFO filecoin_proofs::api > generate_piece_commitment:finish
2022-03-12T17:13:35.436 INFO filecoin_proofs::api > generate_piece_commitment:start
2022-03-12T17:13:35.525 INFO filecoin_proofs::api > generate_piece_commitment:finish
2022-03-12T17:13:35.546 INFO filecoin_proofs::api > generate_piece_commitment:start
2022-03-12T17:13:35.635 INFO filecoin_proofs::api > generate_piece_commitment:finish
2022-03-12T17:13:35.653 INFO filecoin_proofs::api > generate_piece_commitment:start
2022-03-12T17:13:35.748 INFO filecoin_proofs::api > generate_piece_commitment:finish
2022-03-12T17:13:35.765 INFO filecoin_proofs::api > generate_piece_commitment:start
2022-03-12T17:13:35.861 INFO filecoin_proofs::api > generate_piece_commitment:finish
2022-03-12T17:13:35.879 INFO filecoin_proofs::api > generate_piece_commitment:start
2022-03-12T17:13:35.973 INFO filecoin_proofs::api > generate_piece_commitment:finish
2022-03-12T17:13:35.991 INFO filecoin_proofs::api > generate_piece_commitment:start
2022-03-12T17:13:36.081 INFO filecoin_proofs::api > generate_piece_commitment:finish
2022-03-12T17:13:36.098 INFO filecoin_proofs::api > generate_piece_commitment:start
2022-03-12T17:13:36.188 INFO filecoin_proofs::api > generate_piece_commitment:finish
2022-03-12T17:13:36.208 INFO filecoin_proofs::api > generate_piece_commitment:start
2022-03-12T17:13:36.300 INFO filecoin_proofs::api > generate_piece_commitment:finish
2022-03-12T17:13:36.319 INFO filecoin_proofs::api > generate_piece_commitment:start
2022-03-12T17:13:36.407 INFO filecoin_proofs::api > generate_piece_commitment:finish
2022-03-12T17:13:36.418 INFO filecoin_proofs::api > generate_piece_commitment:start
2022-03-12T17:13:36.507 INFO filecoin_proofs::api > generate_piece_commitment:finish
2022-03-12T17:13:36.522 INFO filecoin_proofs::api > generate_piece_commitment:start
2022-03-12T17:13:36.609 INFO filecoin_proofs::api > generate_piece_commitment:finish
2022-03-12T17:13:36.621 INFO filecoin_proofs::api > generate_piece_commitment:start
2022-03-12T17:13:36.712 INFO filecoin_proofs::api > generate_piece_commitment:finish
2022-03-12T17:13:36.724 INFO filecoin_proofs::api > generate_piece_commitment:start
2022-03-12T17:13:36.822 INFO filecoin_proofs::api > generate_piece_commitment:finish
2022-03-12T17:13:36.841 INFO filecoin_proofs::api > generate_piece_commitment:start
2022-03-12T17:13:36.937 INFO filecoin_proofs::api > generate_piece_commitment:finish
2022-03-12T17:13:36.956 INFO filecoin_proofs::api > generate_piece_commitment:start
2022-03-12T17:13:37.047 INFO filecoin_proofs::api > generate_piece_commitment:finish
2022-03-12T17:13:37.059 INFO filecoin_proofs::api > generate_piece_commitment:start
2022-03-12T17:13:37.147 INFO filecoin_proofs::api > generate_piece_commitment:finish
2022-03-12T17:13:37.164 INFO filecoin_proofs::api > generate_piece_commitment:start
2022-03-12T17:13:37.253 INFO filecoin_proofs::api > generate_piece_commitment:finish
2022-03-12T17:13:37.274 INFO filecoin_proofs::api > generate_piece_commitment:start
2022-03-12T17:13:37.365 INFO filecoin_proofs::api > generate_piece_commitment:finish
2022-03-12T17:13:37.383 INFO filecoin_proofs::api > generate_piece_commitment:start
2022-03-12T17:13:37.472 INFO filecoin_proofs::api > generate_piece_commitment:finish
2022-03-12T17:13:37.490 INFO filecoin_proofs::api > generate_piece_commitment:start
2022-03-12T17:13:37.579 INFO filecoin_proofs::api > generate_piece_commitment:finish
2022-03-12T17:13:37.599 INFO filecoin_proofs::api > generate_piece_commitment:start
2022-03-12T17:13:37.698 INFO filecoin_proofs::api > generate_piece_commitment:finish
2022-03-12T17:13:37.716 INFO filecoin_proofs::api > generate_piece_commitment:start
2022-03-12T17:13:37.803 INFO filecoin_proofs::api > generate_piece_commitment:finish
2022-03-12T17:13:37.815 INFO filecoin_proofs::api > generate_piece_commitment:start
2022-03-12T17:13:37.903 INFO filecoin_proofs::api > generate_piece_commitment:finish
2022-03-12T17:13:37.913 INFO filecoin_proofs::api > generate_piece_commitment:start
2022-03-12T17:13:38.001 INFO filecoin_proofs::api > generate_piece_commitment:finish
2022-03-12T17:13:38.013 INFO filecoin_proofs::api > generate_piece_commitment:start
2022-03-12T17:13:38.102 INFO filecoin_proofs::api > generate_piece_commitment:finish
2022-03-12T17:13:38.112 INFO filecoin_proofs::api > generate_piece_commitment:start
2022-03-12T17:13:38.201 INFO filecoin_proofs::api > generate_piece_commitment:finish
2022-03-12T17:13:38.215 INFO filecoin_proofs::api > generate_piece_commitment:start
2022-03-12T17:13:38.305 INFO filecoin_proofs::api > generate_piece_commitment:finish
2022-03-12T17:13:38.323 INFO filecoin_proofs::api > generate_piece_commitment:start
2022-03-12T17:13:38.419 INFO filecoin_proofs::api > generate_piece_commitment:finish
2022-03-12T17:13:38.439 INFO filecoin_proofs::api > generate_piece_commitment:start
2022-03-12T17:13:38.530 INFO filecoin_proofs::api > generate_piece_commitment:finish
2022-03-12T17:13:38.552 INFO filecoin_proofs::api > generate_piece_commitment:start
2022-03-12T17:13:38.645 INFO filecoin_proofs::api > generate_piece_commitment:finish
2022-03-12T17:13:38.663 INFO filecoin_proofs::api > generate_piece_commitment:start
2022-03-12T17:13:38.753 INFO filecoin_proofs::api > generate_piece_commitment:finish
2022-03-12T17:13:38.764 INFO filecoin_proofs::api > generate_piece_commitment:start
2022-03-12T17:13:38.852 INFO filecoin_proofs::api > generate_piece_commitment:finish
2022-03-12T17:13:38.863 INFO filecoin_proofs::api > generate_piece_commitment:start
2022-03-12T17:13:38.952 INFO filecoin_proofs::api > generate_piece_commitment:finish
2022-03-12T17:13:38.964 INFO filecoin_proofs::api > generate_piece_commitment:start
2022-03-12T17:13:39.054 INFO filecoin_proofs::api > generate_piece_commitment:finish
2022-03-12T17:13:39.073 INFO filecoin_proofs::api > generate_piece_commitment:start
2022-03-12T17:13:39.172 INFO filecoin_proofs::api > generate_piece_commitment:finish
2022-03-12T17:13:39.191 INFO filecoin_proofs::api > generate_piece_commitment:start
2022-03-12T17:13:39.281 INFO filecoin_proofs::api > generate_piece_commitment:finish
2022-03-12T17:13:39.299 INFO filecoin_proofs::api > generate_piece_commitment:start
2022-03-12T17:13:39.396 INFO filecoin_proofs::api > generate_piece_commitment:finish
2022-03-12T17:13:39.415 INFO filecoin_proofs::api > generate_piece_commitment:start
2022-03-12T17:13:39.504 INFO filecoin_proofs::api > generate_piece_commitment:finish
2022-03-12T17:13:39.516 INFO filecoin_proofs::api > generate_piece_commitment:start
2022-03-12T17:13:39.606 INFO filecoin_proofs::api > generate_piece_commitment:finish
2022-03-12T17:13:39.617 INFO filecoin_proofs::api > generate_piece_commitment:start
2022-03-12T17:13:39.708 INFO filecoin_proofs::api > generate_piece_commitment:finish
2022-03-12T17:13:39.723 INFO filecoin_proofs::api > generate_piece_commitment:start
2022-03-12T17:13:39.811 INFO filecoin_proofs::api > generate_piece_commitment:finish
2022-03-12T17:13:39.823 INFO filecoin_proofs::api > generate_piece_commitment:start
2022-03-12T17:13:39.911 INFO filecoin_proofs::api > generate_piece_commitment:finish
2022-03-12T17:13:39.921 INFO filecoin_proofs::api > generate_piece_commitment:start
2022-03-12T17:13:40.011 INFO filecoin_proofs::api > generate_piece_commitment:finish
2022-03-12T17:13:40.023 INFO filecoin_proofs::api > generate_piece_commitment:start
2022-03-12T17:13:40.112 INFO filecoin_proofs::api > generate_piece_commitment:finish
2022-03-12T17:13:40.125 INFO filecoin_proofs::api > generate_piece_commitment:start
2022-03-12T17:13:40.214 INFO filecoin_proofs::api > generate_piece_commitment:finish
2022-03-12T17:13:40.227 INFO filecoin_proofs::api > generate_piece_commitment:start
2022-03-12T17:13:40.317 INFO filecoin_proofs::api > generate_piece_commitment:finish
2022-03-12T17:13:40.318 INFO filcrypto::proofs::api > generate_data_commitment: start
2022-03-12T17:13:40.318 INFO filecoin_proofs::api::seal > compute_comm_d:start
2022-03-12T17:13:40.318 INFO filecoin_proofs::pieces > verifying 128 pieces
2022-03-12T17:13:40.318 INFO filecoin_proofs::api::seal > compute_comm_d:finish
2022-03-12T17:13:40.318 INFO filcrypto::proofs::api > generate_data_commitment: finish
2022-03-12T17:13:40.318Z	[34mINFO[0m	lotus-bench	lotus-bench/main.go:550	[0] Running replication(1)...
2022-03-12T17:13:40.318 INFO filcrypto::proofs::api > seal_pre_commit_phase1: start
2022-03-12T17:13:40.318 INFO filecoin_proofs::api::seal > seal_pre_commit_phase1:start: SectorId(0)
2022-03-12T17:13:41.907 INFO filecoin_proofs::api::seal > building merkle tree for the original data
2022-03-12T17:13:43.804 INFO filecoin_proofs::api::seal > verifying pieces
2022-03-12T17:13:43.804 INFO filecoin_proofs::pieces > verifying 1 pieces
2022-03-12T17:13:43.804 INFO storage_proofs_porep::stacked::vanilla::proof > replicate_phase1
2022-03-12T17:13:43.804 INFO storage_proofs_porep::stacked::vanilla::graph > using parent_cache[2048 / 16777216]
2022-03-12T17:13:43.804 INFO storage_proofs_porep::stacked::vanilla::cache > parent cache: opening /var/tmp/filecoin-parents/v28-sdr-parent-7ba215a1d2345774ab90b8cb1158d296e409d6068819d7b8c7baf0b25d63dc34.cache, verify enabled: false
2022-03-12T17:13:43.804 INFO storage_proofs_porep::stacked::vanilla::proof > single core replication
2022-03-12T17:13:43.804 INFO storage_proofs_porep::stacked::vanilla::create_label::single > generate labels
2022-03-12T17:13:43.804 INFO storage_proofs_porep::stacked::vanilla::create_label::single > generating layer: 1
2022-03-12T17:13:59.667 INFO storage_proofs_porep::stacked::vanilla::create_label::single >   storing labels on disk
2022-03-12T17:14:00.014 INFO storage_proofs_porep::stacked::vanilla::create_label::single >   generated layer 1 store with id layer-1
2022-03-12T17:14:00.014 INFO storage_proofs_porep::stacked::vanilla::create_label::single >   setting exp parents
2022-03-12T17:14:00.014 INFO storage_proofs_porep::stacked::vanilla::create_label::single > generating layer: 2
2022-03-12T17:14:16.753 INFO storage_proofs_porep::stacked::vanilla::create_label::single >   storing labels on disk
2022-03-12T17:14:17.108 INFO storage_proofs_porep::stacked::vanilla::create_label::single >   generated layer 2 store with id layer-2
2022-03-12T17:14:17.108 INFO storage_proofs_porep::stacked::vanilla::create_label::single >   setting exp parents
2022-03-12T17:14:17.142 INFO filecoin_proofs::api::seal > seal_pre_commit_phase1:finish: SectorId(0)
2022-03-12T17:14:17.142 INFO filcrypto::proofs::api > seal_pre_commit_phase1: finish
2022-03-12T17:14:17.142Z	[34mINFO[0m	lotus-bench	lotus-bench/main.go:561	[0] Running replication(2)...
2022-03-12T17:14:17.142 INFO filcrypto::proofs::api > seal_pre_commit_phase2: start
2022-03-12T17:14:17.142 INFO filecoin_proofs::api > validate_cache_for_precommit_phase2:start
2022-03-12T17:14:17.142 INFO filecoin_proofs::api > validate_cache_for_precommit_phase2:finish
2022-03-12T17:14:17.142 INFO filecoin_proofs::api::seal > seal_pre_commit_phase2:start
2022-03-12T17:14:17.142 INFO storage_proofs_porep::stacked::vanilla::proof > replicate_phase2
2022-03-12T17:14:17.142 INFO storage_proofs_porep::stacked::vanilla::proof > generating tree c using the GPU
2022-03-12T17:14:17.142 INFO storage_proofs_porep::stacked::vanilla::proof > Building column hashes
2022-03-12T17:14:17.145 INFO neptune::cl > getting context for ~Index(0)
2022-03-12T17:14:28.253 INFO storage_proofs_porep::stacked::vanilla::proof > persisting base tree_c 1/1 of length 19173961
2022-03-12T17:14:30.170 INFO storage_proofs_porep::stacked::vanilla::proof > tree_c done
2022-03-12T17:14:30.170 INFO storage_proofs_porep::stacked::vanilla::proof > building tree_r_last
2022-03-12T17:14:30.170 INFO storage_proofs_porep::stacked::vanilla::proof > generating tree r last using the GPU
2022-03-12T17:14:30.362 INFO neptune::cl > getting context for ~Index(0)
2022-03-12T17:14:30.940 INFO storage_proofs_porep::stacked::vanilla::proof > building base tree_r_last with GPU 1/1
2022-03-12T17:14:32.862 INFO storage_proofs_porep::stacked::vanilla::proof > tree_r_last done
2022-03-12T17:14:32.862 INFO storage_proofs_core::data > dropping data /root/.lotus-bench/bench888759687/sealed/s-t01000-0
2022-03-12T17:14:32.897 INFO filecoin_proofs::api::seal > seal_pre_commit_phase2:finish
2022-03-12T17:14:32.897 INFO filcrypto::proofs::api > seal_pre_commit_phase2: finish
2022-03-12T17:14:32.897Z	[34mINFO[0m	lotus-bench	lotus-bench/main.go:583	[0] Generating PoRep for sector (1)
2022-03-12T17:14:32.897 INFO filcrypto::proofs::api > seal_commit_phase1: start
2022-03-12T17:14:32.897 INFO filecoin_proofs::api > validate_cache_for_precommit:start
2022-03-12T17:14:32.897 INFO filecoin_proofs::api > validate_cache_for_precommit:finish
2022-03-12T17:14:32.897 INFO filecoin_proofs::api::seal > seal_commit_phase1:start: SectorId(0)
2022-03-12T17:14:32.897 INFO filecoin_proofs::pieces > verifying 1 pieces
2022-03-12T17:14:32.946 INFO filecoin_proofs::api::seal > seal_commit_phase1:finish: SectorId(0)
2022-03-12T17:14:32.946 INFO filcrypto::proofs::api > seal_commit_phase1: finish
2022-03-12T17:14:32.947Z	[34mINFO[0m	lotus-bench	lotus-bench/main.go:591	[0] Generating PoRep for sector (2)
2022-03-12T17:14:32.947 INFO filcrypto::proofs::api > seal_commit_phase2: start
2022-03-12T17:14:32.947 INFO filecoin_proofs::api::seal > seal_commit_phase2:start: SectorId(0)
2022-03-12T17:14:32.947 INFO filecoin_proofs::caches > trying parameters memory cache for: STACKED[536870912]
2022-03-12T17:14:32.947 INFO filecoin_proofs::caches > no params in memory cache for STACKED[536870912]
2022-03-12T17:14:32.947 INFO storage_proofs_core::parameter_cache > parameter set identifier for cache: layered_drgporep::PublicParams{ graph: stacked_graph::StackedGraph{expansion_degree: 8 base_graph: drgraph::BucketGraph{size: 16777216; degree: 6; hasher: poseidon_hasher} }, challenges: LayerChallenges { layers: 2, max_count: 2 }, tree: merkletree-poseidon_hasher-8-0-0 }
2022-03-12T17:14:32.947 INFO storage_proofs_core::parameter_cache > ensuring that all ancestor directories for: "/var/tmp/filecoin-proof-parameters/v28-stacked-proof-of-replication-merkletree-poseidon_hasher-8-0-0-sha256_hasher-6babf46ce344ae495d558e7770a585b2382d54f225af8ed0397b8be7c3fcd472.params" exist
2022-03-12T17:14:32.947 INFO storage_proofs_core::parameter_cache > checking cache_path: "/var/tmp/filecoin-proof-parameters/v28-stacked-proof-of-replication-merkletree-poseidon_hasher-8-0-0-sha256_hasher-6babf46ce344ae495d558e7770a585b2382d54f225af8ed0397b8be7c3fcd472.params" for parameters
2022-03-12T17:14:33.082 INFO storage_proofs_core::parameter_cache > read parameters from cache "/var/tmp/filecoin-proof-parameters/v28-stacked-proof-of-replication-merkletree-poseidon_hasher-8-0-0-sha256_hasher-6babf46ce344ae495d558e7770a585b2382d54f225af8ed0397b8be7c3fcd472.params" 
2022-03-12T17:14:33.082 INFO filecoin_proofs::api::seal > got groth params (536870912) while sealing
2022-03-12T17:14:33.082 INFO filecoin_proofs::api::seal > snark_proof:start
2022-03-12T17:14:33.083 INFO bellperson::groth16::prover > Bellperson 0.12.3 is being used!
SystemTime { tv_sec: 1647105273, tv_nsec: 85564874 } starting circuit synthesis
SystemTime { tv_sec: 1647105277, tv_nsec: 39931186 } circuit synthesis done
2022-03-12T17:14:37.039 INFO bellperson::groth16::prover > starting proof timer
2022-03-12T17:14:38.173 INFO bellperson::domain > log_n:23
2022-03-12T17:14:38.173 INFO bellperson::domain > log_a:23
2022-03-12T17:14:38.173 INFO bellperson::gpu::locks > GPU is available for FFT!
2022-03-12T17:14:38.239 INFO bellperson::gpu::fft > FFT: 1 working device(s) selected.
2022-03-12T17:14:38.239 INFO bellperson::gpu::fft > FFT: Device 0: GeForce RTX 3080
2022-03-12T17:14:38.239 INFO bellperson::domain > GPU FFT kernel instantiated!
2022-03-12T17:14:38.296 INFO bellperson::gpu::fft > ----------------------------------cpu->gpu time: 56.088175ms
2022-03-12T17:14:38.296 INFO bellperson::gpu::fft > log_n:23, log_p:0, deg:8, max_deg:8
2022-03-12T17:14:38.303 INFO bellperson::gpu::fft > ----------------------------------kernel run time: 6.645704ms
2022-03-12T17:14:38.303 INFO bellperson::gpu::fft > log_n:23, log_p:8, deg:8, max_deg:8
2022-03-12T17:14:38.310 INFO bellperson::gpu::fft > ----------------------------------kernel run time: 7.622555ms
2022-03-12T17:14:38.310 INFO bellperson::gpu::fft > log_n:23, log_p:16, deg:7, max_deg:8
2022-03-12T17:14:38.319 INFO bellperson::gpu::fft > ----------------------------------kernel run time: 8.266071ms
2022-03-12T17:14:38.319 INFO bellperson::gpu::fft > ----------------------------------total kernel run time: 22.632116ms
2022-03-12T17:14:38.357 INFO bellperson::gpu::fft > ----------------------------------gpu->cpu time: 38.459774ms
2022-03-12T17:14:38.461 INFO bellperson::domain > log_n:23
2022-03-12T17:14:38.461 INFO bellperson::domain > log_a:23
2022-03-12T17:14:38.507 INFO bellperson::gpu::fft > ----------------------------------cpu->gpu time: 45.066934ms
2022-03-12T17:14:38.507 INFO bellperson::gpu::fft > log_n:23, log_p:0, deg:8, max_deg:8
2022-03-12T17:14:38.514 INFO bellperson::gpu::fft > ----------------------------------kernel run time: 6.63333ms
2022-03-12T17:14:38.514 INFO bellperson::gpu::fft > log_n:23, log_p:8, deg:8, max_deg:8
2022-03-12T17:14:38.522 INFO bellperson::gpu::fft > ----------------------------------kernel run time: 7.62503ms
2022-03-12T17:14:38.522 INFO bellperson::gpu::fft > log_n:23, log_p:16, deg:7, max_deg:8
2022-03-12T17:14:38.530 INFO bellperson::gpu::fft > ----------------------------------kernel run time: 8.271381ms
2022-03-12T17:14:38.530 INFO bellperson::gpu::fft > ----------------------------------total kernel run time: 22.649499ms
2022-03-12T17:14:38.570 INFO bellperson::gpu::fft > ----------------------------------gpu->cpu time: 40.131309ms
2022-03-12T17:14:38.573 INFO bellperson::domain > log_n:23
2022-03-12T17:14:38.573 INFO bellperson::domain > log_a:23
2022-03-12T17:14:38.644 INFO bellperson::gpu::fft > ----------------------------------cpu->gpu time: 67.465976ms
2022-03-12T17:14:38.644 INFO bellperson::gpu::fft > log_n:23, log_p:0, deg:8, max_deg:8
2022-03-12T17:14:38.651 INFO bellperson::gpu::fft > ----------------------------------kernel run time: 6.349419ms
2022-03-12T17:14:38.651 INFO bellperson::gpu::fft > log_n:23, log_p:8, deg:8, max_deg:8
2022-03-12T17:14:38.658 INFO bellperson::gpu::fft > ----------------------------------kernel run time: 7.317002ms
2022-03-12T17:14:38.658 INFO bellperson::gpu::fft > log_n:23, log_p:16, deg:7, max_deg:8
2022-03-12T17:14:38.666 INFO bellperson::gpu::fft > ----------------------------------kernel run time: 7.941883ms
2022-03-12T17:14:38.666 INFO bellperson::gpu::fft > ----------------------------------total kernel run time: 21.910931ms
2022-03-12T17:14:38.710 INFO bellperson::gpu::fft > ----------------------------------gpu->cpu time: 43.677917ms
2022-03-12T17:14:38.762 INFO bellperson::domain > log_n:23
2022-03-12T17:14:38.762 INFO bellperson::domain > log_a:23
2022-03-12T17:14:38.808 INFO bellperson::gpu::fft > ----------------------------------cpu->gpu time: 45.440175ms
2022-03-12T17:14:38.808 INFO bellperson::gpu::fft > log_n:23, log_p:0, deg:8, max_deg:8
2022-03-12T17:14:38.815 INFO bellperson::gpu::fft > ----------------------------------kernel run time: 6.322758ms
2022-03-12T17:14:38.815 INFO bellperson::gpu::fft > log_n:23, log_p:8, deg:8, max_deg:8
2022-03-12T17:14:38.822 INFO bellperson::gpu::fft > ----------------------------------kernel run time: 7.260805ms
2022-03-12T17:14:38.822 INFO bellperson::gpu::fft > log_n:23, log_p:16, deg:7, max_deg:8
2022-03-12T17:14:38.830 INFO bellperson::gpu::fft > ----------------------------------kernel run time: 7.886127ms
2022-03-12T17:14:38.830 INFO bellperson::gpu::fft > ----------------------------------total kernel run time: 21.571043ms
2022-03-12T17:14:38.870 INFO bellperson::gpu::fft > ----------------------------------gpu->cpu time: 40.385233ms
2022-03-12T17:14:38.873 INFO bellperson::domain > log_n:23
2022-03-12T17:14:38.873 INFO bellperson::domain > log_a:23
2022-03-12T17:14:38.942 INFO bellperson::gpu::fft > ----------------------------------cpu->gpu time: 64.931016ms
2022-03-12T17:14:38.942 INFO bellperson::gpu::fft > log_n:23, log_p:0, deg:8, max_deg:8
2022-03-12T17:14:38.948 INFO bellperson::gpu::fft > ----------------------------------kernel run time: 6.089243ms
2022-03-12T17:14:38.948 INFO bellperson::gpu::fft > log_n:23, log_p:8, deg:8, max_deg:8
2022-03-12T17:14:38.955 INFO bellperson::gpu::fft > ----------------------------------kernel run time: 6.977575ms
2022-03-12T17:14:38.955 INFO bellperson::gpu::fft > log_n:23, log_p:16, deg:7, max_deg:8
2022-03-12T17:14:38.963 INFO bellperson::gpu::fft > ----------------------------------kernel run time: 7.578641ms
2022-03-12T17:14:38.963 INFO bellperson::gpu::fft > ----------------------------------total kernel run time: 20.774335ms
2022-03-12T17:14:39.016 INFO bellperson::gpu::fft > ----------------------------------gpu->cpu time: 52.885773ms
2022-03-12T17:14:39.067 INFO bellperson::domain > log_n:23
2022-03-12T17:14:39.067 INFO bellperson::domain > log_a:23
SystemTime { tv_sec: 1647105279, tv_nsec: 111421527 } params done
2022-03-12T17:14:39.114 INFO bellperson::gpu::fft > ----------------------------------cpu->gpu time: 45.999ms
2022-03-12T17:14:39.114 INFO bellperson::gpu::fft > log_n:23, log_p:0, deg:8, max_deg:8
2022-03-12T17:14:39.120 INFO bellperson::gpu::fft > ----------------------------------kernel run time: 6.086648ms
2022-03-12T17:14:39.120 INFO bellperson::gpu::fft > log_n:23, log_p:8, deg:8, max_deg:8
2022-03-12T17:14:39.127 INFO bellperson::gpu::fft > ----------------------------------kernel run time: 6.986854ms
2022-03-12T17:14:39.127 INFO bellperson::gpu::fft > log_n:23, log_p:16, deg:7, max_deg:8
2022-03-12T17:14:39.135 INFO bellperson::gpu::fft > ----------------------------------kernel run time: 7.577068ms
2022-03-12T17:14:39.135 INFO bellperson::gpu::fft > ----------------------------------total kernel run time: 20.752705ms
2022-03-12T17:14:39.173 INFO bellperson::gpu::fft > ----------------------------------gpu->cpu time: 38.39983ms
2022-03-12T17:14:39.288 INFO bellperson::domain > log_n:23
2022-03-12T17:14:39.288 INFO bellperson::domain > log_a:23
2022-03-12T17:14:39.335 INFO bellperson::gpu::fft > ----------------------------------cpu->gpu time: 45.142067ms
2022-03-12T17:14:39.335 INFO bellperson::gpu::fft > log_n:23, log_p:0, deg:8, max_deg:8
2022-03-12T17:14:39.341 INFO bellperson::gpu::fft > ----------------------------------kernel run time: 6.085476ms
2022-03-12T17:14:39.341 INFO bellperson::gpu::fft > log_n:23, log_p:8, deg:8, max_deg:8
2022-03-12T17:14:39.348 INFO bellperson::gpu::fft > ----------------------------------kernel run time: 6.992495ms
2022-03-12T17:14:39.348 INFO bellperson::gpu::fft > log_n:23, log_p:16, deg:7, max_deg:8
2022-03-12T17:14:39.356 INFO bellperson::gpu::fft > ----------------------------------kernel run time: 7.589411ms
2022-03-12T17:14:39.356 INFO bellperson::gpu::fft > ----------------------------------total kernel run time: 20.764917ms
2022-03-12T17:14:39.394 INFO bellperson::gpu::fft > ----------------------------------gpu->cpu time: 37.79126ms
2022-03-12T17:14:39.495 INFO bellperson::multiexp > multiexp begin
2022-03-12T17:14:39.496 INFO bellperson::gpu::locks > GPU is available for Multiexp!
2022-03-12T17:14:39.496 INFO bellperson::gpu::multiexp > Running on GeForce RTX 3080 with 8704 cores
2022-03-12T17:14:39.497 INFO bellperson::gpu::multiexp > Multiexp: 1 working device(s) selected. (CPU utilization: 0)
2022-03-12T17:14:39.497 INFO bellperson::gpu::multiexp > Multiexp: Device 0: GeForce RTX 3080 (Chunk-size: 2069933)
2022-03-12T17:14:39.497 INFO bellperson::multiexp > GPU Multiexp kernel instantiated!
2022-03-12T17:14:39.574 INFO bellperson::multiexp > vec exps init time: 76.98818ms
2022-03-12T17:14:39.609 INFO bellperson::multiexp > exp iter time: 34.712594ms
2022-03-12T17:14:39.609 INFO bellperson::multiexp > bases clone time: 301ns
2022-03-12T17:14:39.697 INFO bellperson::multiexp > exps clone time: 87.614739ms
2022-03-12T17:14:39.697 INFO bellperson::gpu::multiexp > gpu multiexp
2022-03-12T17:14:39.697 INFO bellperson::gpu::multiexp > gpu multiexp, n:8388607
2022-03-12T17:14:39.697 INFO bellperson::gpu::multiexp > kern.multiexp
2022-03-12T17:14:39.697 INFO bellperson::gpu::multiexp > basesize:104,expsize:32,bucketsize:144
2022-03-12T17:14:39.697 INFO bellperson::gpu::multiexp > n:4000000, window_size:11, num_windows:24, num_groups:725, bucket_len:2048
2022-03-12T17:14:39.697 INFO bellperson::gpu::multiexp > ----------------------------------cpu->gpu begin
2022-03-12T17:14:39.697 INFO bellperson::gpu::multiexp > buffer_size:396.72852MB
2022-03-12T17:14:39.697 INFO bellperson::gpu::multiexp > each_size:52B
2022-03-12T17:14:39.739 INFO bellperson::gpu::multiexp > ----------------------------------cpu->gpu time: 41.938253ms
2022-03-12T17:14:39.739 INFO bellperson::gpu::multiexp > ----------------------------------cpu->gpu time: 42.561631ms
2022-03-12T17:14:39.739 INFO bellperson::gpu::multiexp > buffer_size:122.07031MB
2022-03-12T17:14:39.739 INFO bellperson::gpu::multiexp > each_size:16B
2022-03-12T17:14:39.757 INFO bellperson::gpu::multiexp > ----------------------------------cpu->gpu time: 16.88843ms
2022-03-12T17:14:39.757 INFO bellperson::gpu::multiexp > ----------------------------------cpu->gpu time: 17.320384ms
2022-03-12T17:14:39.757 INFO bellperson::gpu::multiexp > ----------------------------------cpu->gpu end
2022-03-12T17:14:39.761 INFO bellperson::gpu::multiexp > ----------------------------------compute begin
2022-03-12T17:14:40.207 INFO bellperson::gpu::multiexp > ----------------------------------kernel run time: 446.566746ms
2022-03-12T17:14:40.234 INFO bellperson::gpu::multiexp > kern.multiexp
2022-03-12T17:14:40.235 INFO bellperson::gpu::multiexp > basesize:104,expsize:32,bucketsize:144
2022-03-12T17:14:40.235 INFO bellperson::gpu::multiexp > n:4000000, window_size:11, num_windows:24, num_groups:725, bucket_len:2048
2022-03-12T17:14:40.235 INFO bellperson::gpu::multiexp > ----------------------------------cpu->gpu begin
2022-03-12T17:14:40.235 INFO bellperson::gpu::multiexp > buffer_size:396.72852MB
2022-03-12T17:14:40.235 INFO bellperson::gpu::multiexp > each_size:52B
2022-03-12T17:14:40.386 INFO bellperson::gpu::multiexp > ----------------------------------cpu->gpu time: 149.941992ms
2022-03-12T17:14:40.386 INFO bellperson::gpu::multiexp > ----------------------------------cpu->gpu time: 151.713076ms
2022-03-12T17:14:40.386 INFO bellperson::gpu::multiexp > buffer_size:122.07031MB
2022-03-12T17:14:40.386 INFO bellperson::gpu::multiexp > each_size:16B
2022-03-12T17:14:40.407 INFO bellperson::gpu::multiexp > ----------------------------------cpu->gpu time: 16.876277ms
2022-03-12T17:14:40.407 INFO bellperson::gpu::multiexp > ----------------------------------cpu->gpu time: 20.344106ms
2022-03-12T17:14:40.407 INFO bellperson::gpu::multiexp > ----------------------------------cpu->gpu end
2022-03-12T17:14:40.410 INFO bellperson::gpu::multiexp > ----------------------------------compute begin
2022-03-12T17:14:40.858 INFO bellperson::gpu::multiexp > ----------------------------------kernel run time: 447.231823ms
2022-03-12T17:14:40.885 INFO bellperson::gpu::multiexp > kern.multiexp
2022-03-12T17:14:40.885 INFO bellperson::gpu::multiexp > basesize:104,expsize:32,bucketsize:144
2022-03-12T17:14:40.885 INFO bellperson::gpu::multiexp > n:388607, window_size:11, num_windows:24, num_groups:725, bucket_len:2048
2022-03-12T17:14:40.885 INFO bellperson::gpu::multiexp > ----------------------------------cpu->gpu begin
2022-03-12T17:14:40.885 INFO bellperson::gpu::multiexp > buffer_size:38.54287MB
2022-03-12T17:14:40.885 INFO bellperson::gpu::multiexp > each_size:5.051891B
2022-03-12T17:14:40.909 INFO bellperson::gpu::multiexp > ----------------------------------cpu->gpu time: 22.62968ms
2022-03-12T17:14:40.909 INFO bellperson::gpu::multiexp > ----------------------------------cpu->gpu time: 24.385746ms
2022-03-12T17:14:40.909 INFO bellperson::gpu::multiexp > buffer_size:11.8593445MB
2022-03-12T17:14:40.909 INFO bellperson::gpu::multiexp > each_size:1.554428B
2022-03-12T17:14:40.917 INFO bellperson::gpu::multiexp > ----------------------------------cpu->gpu time: 6.211626ms
2022-03-12T17:14:40.917 INFO bellperson::gpu::multiexp > ----------------------------------cpu->gpu time: 7.245165ms
2022-03-12T17:14:40.917 INFO bellperson::gpu::multiexp > ----------------------------------cpu->gpu end
2022-03-12T17:14:41.008 INFO bellperson::gpu::multiexp > ----------------------------------compute begin
2022-03-12T17:14:41.264 INFO bellperson::gpu::multiexp > ----------------------------------kernel run time: 256.068584ms
2022-03-12T17:14:41.290 INFO bellperson::multiexp > multiexp begin
2022-03-12T17:14:41.319 INFO bellperson::groth16::prover > multiexp h time: 1.823210098s
2022-03-12T17:14:41.417 INFO bellperson::multiexp > multiexp begin
2022-03-12T17:14:41.457 INFO bellperson::multiexp > vec exps init time: 39.933192ms
2022-03-12T17:14:41.478 INFO bellperson::multiexp > exp iter time: 21.653841ms
2022-03-12T17:14:41.478 INFO bellperson::multiexp > bases clone time: 461ns
2022-03-12T17:14:41.525 INFO bellperson::multiexp > exps clone time: 46.579627ms
2022-03-12T17:14:41.525 INFO bellperson::gpu::multiexp > gpu multiexp
2022-03-12T17:14:41.525 INFO bellperson::gpu::multiexp > gpu multiexp, n:4420837
2022-03-12T17:14:41.525 INFO bellperson::gpu::multiexp > kern.multiexp
2022-03-12T17:14:41.525 INFO bellperson::gpu::multiexp > basesize:104,expsize:32,bucketsize:144
2022-03-12T17:14:41.525 INFO bellperson::gpu::multiexp > n:4000000, window_size:11, num_windows:24, num_groups:725, bucket_len:2048
2022-03-12T17:14:41.525 INFO bellperson::gpu::multiexp > ----------------------------------cpu->gpu begin
2022-03-12T17:14:41.525 INFO bellperson::gpu::multiexp > buffer_size:396.72852MB
2022-03-12T17:14:41.525 INFO bellperson::gpu::multiexp > each_size:52B
2022-03-12T17:14:41.569 INFO bellperson::gpu::multiexp > ----------------------------------cpu->gpu time: 40.80843ms
2022-03-12T17:14:41.569 INFO bellperson::gpu::multiexp > ----------------------------------cpu->gpu time: 44.197838ms
2022-03-12T17:14:41.569 INFO bellperson::gpu::multiexp > buffer_size:122.07031MB
2022-03-12T17:14:41.569 INFO bellperson::gpu::multiexp > each_size:16B
2022-03-12T17:14:41.587 INFO bellperson::gpu::multiexp > ----------------------------------cpu->gpu time: 16.88797ms
2022-03-12T17:14:41.587 INFO bellperson::gpu::multiexp > ----------------------------------cpu->gpu time: 17.298332ms
2022-03-12T17:14:41.587 INFO bellperson::gpu::multiexp > ----------------------------------cpu->gpu end
2022-03-12T17:14:41.590 INFO bellperson::gpu::multiexp > ----------------------------------compute begin
2022-03-12T17:14:41.985 INFO bellperson::gpu::multiexp > ----------------------------------kernel run time: 395.037007ms
2022-03-12T17:14:41.997 INFO bellperson::gpu::multiexp > kern.multiexp
2022-03-12T17:14:41.998 INFO bellperson::gpu::multiexp > basesize:104,expsize:32,bucketsize:144
2022-03-12T17:14:41.998 INFO bellperson::gpu::multiexp > n:420837, window_size:11, num_windows:24, num_groups:725, bucket_len:2048
2022-03-12T17:14:41.998 INFO bellperson::gpu::multiexp > ----------------------------------cpu->gpu begin
2022-03-12T17:14:41.998 INFO bellperson::gpu::multiexp > buffer_size:41.73951MB
2022-03-12T17:14:41.998 INFO bellperson::gpu::multiexp > each_size:5.470881B
2022-03-12T17:14:42.026 INFO bellperson::gpu::multiexp > ----------------------------------cpu->gpu time: 27.034834ms
2022-03-12T17:14:42.026 INFO bellperson::gpu::multiexp > ----------------------------------cpu->gpu time: 28.787965ms
2022-03-12T17:14:42.026 INFO bellperson::gpu::multiexp > buffer_size:12.842926MB
2022-03-12T17:14:42.026 INFO bellperson::gpu::multiexp > each_size:1.683348B
2022-03-12T17:14:42.035 INFO bellperson::gpu::multiexp > ----------------------------------cpu->gpu time: 7.350536ms
2022-03-12T17:14:42.035 INFO bellperson::gpu::multiexp > ----------------------------------cpu->gpu time: 8.332698ms
2022-03-12T17:14:42.035 INFO bellperson::gpu::multiexp > ----------------------------------cpu->gpu end
2022-03-12T17:14:42.120 INFO bellperson::gpu::multiexp > ----------------------------------compute begin
2022-03-12T17:14:42.393 INFO bellperson::gpu::multiexp > ----------------------------------kernel run time: 273.032418ms
2022-03-12T17:14:42.402 INFO bellperson::multiexp > multiexp begin
2022-03-12T17:14:42.412 INFO bellperson::groth16::prover > multiexp l time: 995.206319ms
2022-03-12T17:14:42.412 INFO bellperson::multiexp > multiexp begin
2022-03-12T17:14:42.412 INFO bellperson::groth16::prover > multiexp a input time: 9.919µs
2022-03-12T17:14:42.412 INFO bellperson::multiexp > multiexp begin
2022-03-12T17:14:42.451 INFO bellperson::multiexp > vec exps init time: 38.928188ms
2022-03-12T17:14:42.473 INFO bellperson::multiexp > exp iter time: 21.965685ms
2022-03-12T17:14:42.473 INFO bellperson::multiexp > bases clone time: 531ns
2022-03-12T17:14:42.520 INFO bellperson::multiexp > exps clone time: 46.594034ms
2022-03-12T17:14:42.520 INFO bellperson::gpu::multiexp > gpu multiexp
2022-03-12T17:14:42.520 INFO bellperson::gpu::multiexp > gpu multiexp, n:4385040
2022-03-12T17:14:42.520 INFO bellperson::gpu::multiexp > kern.multiexp
2022-03-12T17:14:42.520 INFO bellperson::gpu::multiexp > basesize:104,expsize:32,bucketsize:144
2022-03-12T17:14:42.520 INFO bellperson::gpu::multiexp > n:4000000, window_size:11, num_windows:24, num_groups:725, bucket_len:2048
2022-03-12T17:14:42.520 INFO bellperson::gpu::multiexp > ----------------------------------cpu->gpu begin
2022-03-12T17:14:42.520 INFO bellperson::gpu::multiexp > buffer_size:396.72852MB
2022-03-12T17:14:42.520 INFO bellperson::gpu::multiexp > each_size:52B
2022-03-12T17:14:42.619 INFO bellperson::gpu::multiexp > ----------------------------------cpu->gpu time: 96.213674ms
2022-03-12T17:14:42.619 INFO bellperson::gpu::multiexp > ----------------------------------cpu->gpu time: 99.61743ms
2022-03-12T17:14:42.619 INFO bellperson::gpu::multiexp > buffer_size:122.07031MB
2022-03-12T17:14:42.619 INFO bellperson::gpu::multiexp > each_size:16B
2022-03-12T17:14:42.639 INFO bellperson::gpu::multiexp > ----------------------------------cpu->gpu time: 19.317209ms
2022-03-12T17:14:42.639 INFO bellperson::gpu::multiexp > ----------------------------------cpu->gpu time: 19.72739ms
2022-03-12T17:14:42.639 INFO bellperson::gpu::multiexp > ----------------------------------cpu->gpu end
2022-03-12T17:14:42.643 INFO bellperson::gpu::multiexp > ----------------------------------compute begin
2022-03-12T17:14:43.003 INFO bellperson::gpu::multiexp > ----------------------------------kernel run time: 360.671634ms
2022-03-12T17:14:43.015 INFO bellperson::gpu::multiexp > kern.multiexp
2022-03-12T17:14:43.015 INFO bellperson::gpu::multiexp > basesize:104,expsize:32,bucketsize:144
2022-03-12T17:14:43.015 INFO bellperson::gpu::multiexp > n:385040, window_size:11, num_windows:24, num_groups:725, bucket_len:2048
2022-03-12T17:14:43.015 INFO bellperson::gpu::multiexp > ----------------------------------cpu->gpu begin
2022-03-12T17:14:43.015 INFO bellperson::gpu::multiexp > buffer_size:38.189087MB
2022-03-12T17:14:43.015 INFO bellperson::gpu::multiexp > each_size:5.00552B
2022-03-12T17:14:43.039 INFO bellperson::gpu::multiexp > ----------------------------------cpu->gpu time: 22.369525ms
2022-03-12T17:14:43.039 INFO bellperson::gpu::multiexp > ----------------------------------cpu->gpu time: 24.13019ms
2022-03-12T17:14:43.039 INFO bellperson::gpu::multiexp > buffer_size:11.750488MB
2022-03-12T17:14:43.040 INFO bellperson::gpu::multiexp > each_size:1.54016B
2022-03-12T17:14:43.047 INFO bellperson::gpu::multiexp > ----------------------------------cpu->gpu time: 6.177371ms
2022-03-12T17:14:43.047 INFO bellperson::gpu::multiexp > ----------------------------------cpu->gpu time: 7.21581ms
2022-03-12T17:14:43.047 INFO bellperson::gpu::multiexp > ----------------------------------cpu->gpu end
2022-03-12T17:14:43.140 INFO bellperson::gpu::multiexp > ----------------------------------compute begin
2022-03-12T17:14:43.409 INFO bellperson::gpu::multiexp > ----------------------------------kernel run time: 268.733318ms
2022-03-12T17:14:43.418 INFO bellperson::multiexp > multiexp begin
2022-03-12T17:14:43.428 INFO bellperson::groth16::prover > multiexp a aux time: 1.015711232s
2022-03-12T17:14:43.428 INFO bellperson::multiexp > multiexp begin
2022-03-12T17:14:43.428 INFO bellperson::groth16::prover > multiexp b g1 input time: 10.33µs
2022-03-12T17:14:43.428 INFO bellperson::multiexp > multiexp begin
2022-03-12T17:14:43.467 INFO bellperson::multiexp > vec exps init time: 38.921995ms
2022-03-12T17:14:43.480 INFO bellperson::multiexp > exp iter time: 13.377911ms
2022-03-12T17:14:43.480 INFO bellperson::multiexp > bases clone time: 631ns
2022-03-12T17:14:43.527 INFO bellperson::multiexp > exps clone time: 46.672994ms
2022-03-12T17:14:43.527 INFO bellperson::gpu::multiexp > gpu multiexp
2022-03-12T17:14:43.527 INFO bellperson::gpu::multiexp > gpu multiexp, n:1174173
2022-03-12T17:14:43.527 INFO bellperson::gpu::multiexp > kern.multiexp
2022-03-12T17:14:43.527 INFO bellperson::gpu::multiexp > basesize:104,expsize:32,bucketsize:144
2022-03-12T17:14:43.527 INFO bellperson::gpu::multiexp > n:1174173, window_size:11, num_windows:24, num_groups:725, bucket_len:2048
2022-03-12T17:14:43.527 INFO bellperson::gpu::multiexp > ----------------------------------cpu->gpu begin
2022-03-12T17:14:43.527 INFO bellperson::gpu::multiexp > buffer_size:116.45698MB
2022-03-12T17:14:43.527 INFO bellperson::gpu::multiexp > each_size:15.264249B
2022-03-12T17:14:43.542 INFO bellperson::gpu::multiexp > ----------------------------------cpu->gpu time: 12.030525ms
2022-03-12T17:14:43.542 INFO bellperson::gpu::multiexp > ----------------------------------cpu->gpu time: 15.240912ms
2022-03-12T17:14:43.542 INFO bellperson::gpu::multiexp > buffer_size:35.832916MB
2022-03-12T17:14:43.542 INFO bellperson::gpu::multiexp > each_size:4.696692B
2022-03-12T17:14:43.547 INFO bellperson::gpu::multiexp > ----------------------------------cpu->gpu time: 4.934783ms
2022-03-12T17:14:43.547 INFO bellperson::gpu::multiexp > ----------------------------------cpu->gpu time: 5.257318ms
2022-03-12T17:14:43.547 INFO bellperson::gpu::multiexp > ----------------------------------cpu->gpu end
2022-03-12T17:14:43.551 INFO bellperson::gpu::multiexp > ----------------------------------compute begin
2022-03-12T17:14:43.841 INFO bellperson::gpu::multiexp > ----------------------------------kernel run time: 289.340463ms
2022-03-12T17:14:43.851 INFO bellperson::multiexp > multiexp begin
2022-03-12T17:14:43.861 INFO bellperson::groth16::prover > multiexp b g1 aux time: 433.373736ms
2022-03-12T17:14:43.861 INFO bellperson::multiexp > multiexp begin
2022-03-12T17:14:43.861 INFO bellperson::groth16::prover > multiexp b g2 input time: 14.187µs
2022-03-12T17:14:43.861 INFO bellperson::multiexp > multiexp begin
2022-03-12T17:14:43.900 INFO bellperson::multiexp > vec exps init time: 38.946572ms
2022-03-12T17:14:43.913 INFO bellperson::multiexp > exp iter time: 13.23034ms
2022-03-12T17:14:43.913 INFO bellperson::multiexp > bases clone time: 621ns
2022-03-12T17:14:43.960 INFO bellperson::multiexp > exps clone time: 46.673565ms
2022-03-12T17:14:43.960 INFO bellperson::gpu::multiexp > gpu multiexp
2022-03-12T17:14:43.960 INFO bellperson::gpu::multiexp > gpu multiexp, n:1174173
2022-03-12T17:14:43.960 INFO bellperson::gpu::multiexp > kern.multiexp
2022-03-12T17:14:43.960 INFO bellperson::gpu::multiexp > basesize:104,expsize:32,bucketsize:288
2022-03-12T17:14:43.960 INFO bellperson::gpu::multiexp > n:1174173, window_size:11, num_windows:24, num_groups:725, bucket_len:2048
2022-03-12T17:14:43.960 INFO bellperson::gpu::multiexp > ----------------------------------cpu->gpu begin
2022-03-12T17:14:43.960 INFO bellperson::gpu::multiexp > buffer_size:223.95572MB
2022-03-12T17:14:43.960 INFO bellperson::gpu::multiexp > each_size:29.354324B
2022-03-12T17:14:44.017 INFO bellperson::gpu::multiexp > ----------------------------------cpu->gpu time: 53.479304ms
2022-03-12T17:14:44.017 INFO bellperson::gpu::multiexp > ----------------------------------cpu->gpu time: 56.821382ms
2022-03-12T17:14:44.017 INFO bellperson::gpu::multiexp > buffer_size:35.832916MB
2022-03-12T17:14:44.017 INFO bellperson::gpu::multiexp > each_size:4.696692B
2022-03-12T17:14:44.024 INFO bellperson::gpu::multiexp > ----------------------------------cpu->gpu time: 6.338658ms
2022-03-12T17:14:44.024 INFO bellperson::gpu::multiexp > ----------------------------------cpu->gpu time: 6.681762ms
2022-03-12T17:14:44.024 INFO bellperson::gpu::multiexp > ----------------------------------cpu->gpu end
2022-03-12T17:14:44.026 INFO bellperson::multiexp > multiexp begin
thread '<unnamed>' panicked at 'called `Result::unwrap()` on an `Err` value: "SendError(..)"', /root/filecoin-project/bellperson/src/multicore.rs:52:30
note: run with `RUST_BACKTRACE=1` environment variable to display a backtrace
2022-03-12T17:14:44.035 WARN bellperson::gpu::locks > GPU Multiexp failed! Falling back to CPU... Error: Cuda "out of memory"
GPU error!!
thread '<unnamed>' panicked at 'explicit panic', /root/filecoin-project/bellperson/src/multiexp.rs:330:13
Rayon: detected unexpected panic; aborting
./test.sh: line 1: 14486 Aborted                 (core dumped) ./lotus-bench sealing --sector-size=512m
