2022-03-13T15:39:48.590Z	[34mINFO[0m	lotus-bench	lotus-bench/main.go:100	Starting lotus-bench
2022-03-13T15:39:48.591Z	[34mINFO[0m	build	go-paramfetch@v0.0.2-0.20200701152213-3e0f0afdc261/paramfetch.go:138	Parameter file /var/tmp/filecoin-proof-parameters/v28-proof-of-spacetime-fallback-merkletree-poseidon_hasher-8-0-0-0cfb4f178bbb71cf2ecfcd42accce558b27199ab4fb59cb78f2483fe21ef36d9.vk is ok
2022-03-13T15:39:48.592Z	[34mINFO[0m	build	go-paramfetch@v0.0.2-0.20200701152213-3e0f0afdc261/paramfetch.go:138	Parameter file /var/tmp/filecoin-proof-parameters/v28-proof-of-spacetime-fallback-merkletree-poseidon_hasher-8-8-2-b62098629d07946e9028127e70295ed996fe3ed25b0f9f88eb610a0ab4385a3c.vk is ok
2022-03-13T15:39:48.592Z	[34mINFO[0m	build	go-paramfetch@v0.0.2-0.20200701152213-3e0f0afdc261/paramfetch.go:138	Parameter file /var/tmp/filecoin-proof-parameters/v28-stacked-proof-of-replication-merkletree-poseidon_hasher-8-0-0-sha256_hasher-032d3138d22506ec0082ed72b2dcba18df18477904e35bafee82b3793b06832f.vk is ok
2022-03-13T15:39:48.592Z	[34mINFO[0m	build	go-paramfetch@v0.0.2-0.20200701152213-3e0f0afdc261/paramfetch.go:138	Parameter file /var/tmp/filecoin-proof-parameters/v28-proof-of-spacetime-fallback-merkletree-poseidon_hasher-8-8-0-559e581f022bb4e4ec6e719e563bf0e026ad6de42e56c18714a2c692b1b88d7e.vk is ok
2022-03-13T15:39:48.592Z	[34mINFO[0m	build	go-paramfetch@v0.0.2-0.20200701152213-3e0f0afdc261/paramfetch.go:138	Parameter file /var/tmp/filecoin-proof-parameters/v28-stacked-proof-of-replication-merkletree-poseidon_hasher-8-0-0-sha256_hasher-6babf46ce344ae495d558e7770a585b2382d54f225af8ed0397b8be7c3fcd472.vk is ok
2022-03-13T15:39:48.592Z	[34mINFO[0m	build	go-paramfetch@v0.0.2-0.20200701152213-3e0f0afdc261/paramfetch.go:138	Parameter file /var/tmp/filecoin-proof-parameters/v28-proof-of-spacetime-fallback-merkletree-poseidon_hasher-8-0-0-0170db1f394b35d995252228ee359194b13199d259380541dc529fb0099096b0.vk is ok
2022-03-13T15:39:48.592Z	[34mINFO[0m	build	go-paramfetch@v0.0.2-0.20200701152213-3e0f0afdc261/paramfetch.go:138	Parameter file /var/tmp/filecoin-proof-parameters/v28-proof-of-spacetime-fallback-merkletree-poseidon_hasher-8-0-0-3ea05428c9d11689f23529cde32fd30aabd50f7d2c93657c1d3650bca3e8ea9e.vk is ok
2022-03-13T15:39:48.592Z	[34mINFO[0m	build	go-paramfetch@v0.0.2-0.20200701152213-3e0f0afdc261/paramfetch.go:138	Parameter file /var/tmp/filecoin-proof-parameters/v28-proof-of-spacetime-fallback-merkletree-poseidon_hasher-8-0-0-50c7368dea9593ed0989e70974d28024efa9d156d585b7eea1be22b2e753f331.vk is ok
2022-03-13T15:39:48.592Z	[34mINFO[0m	build	go-paramfetch@v0.0.2-0.20200701152213-3e0f0afdc261/paramfetch.go:138	Parameter file /var/tmp/filecoin-proof-parameters/v28-proof-of-spacetime-fallback-merkletree-poseidon_hasher-8-0-0-7d739b8cf60f1b0709eeebee7730e297683552e4b69cab6984ec0285663c5781.vk is ok
2022-03-13T15:39:48.592Z	[34mINFO[0m	build	go-paramfetch@v0.0.2-0.20200701152213-3e0f0afdc261/paramfetch.go:138	Parameter file /var/tmp/filecoin-proof-parameters/v28-stacked-proof-of-replication-merkletree-poseidon_hasher-8-8-2-sha256_hasher-96f1b4a04c5c51e4759bbf224bbc2ef5a42c7100f16ec0637123f16a845ddfb2.vk is ok
2022-03-13T15:39:48.592Z	[34mINFO[0m	build	go-paramfetch@v0.0.2-0.20200701152213-3e0f0afdc261/paramfetch.go:138	Parameter file /var/tmp/filecoin-proof-parameters/v28-stacked-proof-of-replication-merkletree-poseidon_hasher-8-0-0-sha256_hasher-ecd683648512ab1765faa2a5f14bab48f676e633467f0aa8aad4b55dcb0652bb.vk is ok
2022-03-13T15:39:48.592Z	[34mINFO[0m	build	go-paramfetch@v0.0.2-0.20200701152213-3e0f0afdc261/paramfetch.go:138	Parameter file /var/tmp/filecoin-proof-parameters/v28-stacked-proof-of-replication-merkletree-poseidon_hasher-8-8-0-sha256_hasher-82a357d2f2ca81dc61bb45f4a762807aedee1b0a53fd6c4e77b46a01bfef7820.vk is ok
2022-03-13T15:39:48.592Z	[34mINFO[0m	build	go-paramfetch@v0.0.2-0.20200701152213-3e0f0afdc261/paramfetch.go:138	Parameter file /var/tmp/filecoin-proof-parameters/v28-proof-of-spacetime-fallback-merkletree-poseidon_hasher-8-0-0-5294475db5237a2e83c3e52fd6c2b03859a1831d45ed08c4f35dbf9a803165a9.vk is ok
2022-03-13T15:39:48.599Z	[34mINFO[0m	build	go-paramfetch@v0.0.2-0.20200701152213-3e0f0afdc261/paramfetch.go:138	Parameter file /var/tmp/filecoin-proof-parameters/v28-proof-of-spacetime-fallback-merkletree-poseidon_hasher-8-8-2-2627e4006b67f99cef990c0a47d5426cb7ab0a0ad58fc1061547bf2d28b09def.vk is ok
2022-03-13T15:39:48.599Z	[34mINFO[0m	build	go-paramfetch@v0.0.2-0.20200701152213-3e0f0afdc261/paramfetch.go:138	Parameter file /var/tmp/filecoin-proof-parameters/v28-proof-of-spacetime-fallback-merkletree-poseidon_hasher-8-8-0-0377ded656c6f524f1618760bffe4e0a1c51d5a70c4509eedae8a27555733edc.vk is ok
2022-03-13T15:39:48.674Z	[34mINFO[0m	build	go-paramfetch@v0.0.2-0.20200701152213-3e0f0afdc261/paramfetch.go:138	Parameter file /var/tmp/filecoin-proof-parameters/v28-proof-of-spacetime-fallback-merkletree-poseidon_hasher-8-0-0-0cfb4f178bbb71cf2ecfcd42accce558b27199ab4fb59cb78f2483fe21ef36d9.params is ok
2022-03-13T15:39:48.858Z	[34mINFO[0m	build	go-paramfetch@v0.0.2-0.20200701152213-3e0f0afdc261/paramfetch.go:138	Parameter file /var/tmp/filecoin-proof-parameters/v28-proof-of-spacetime-fallback-merkletree-poseidon_hasher-8-0-0-7d739b8cf60f1b0709eeebee7730e297683552e4b69cab6984ec0285663c5781.params is ok
2022-03-13T15:39:51.366Z	[34mINFO[0m	build	go-paramfetch@v0.0.2-0.20200701152213-3e0f0afdc261/paramfetch.go:138	Parameter file /var/tmp/filecoin-proof-parameters/v28-stacked-proof-of-replication-merkletree-poseidon_hasher-8-0-0-sha256_hasher-6babf46ce344ae495d558e7770a585b2382d54f225af8ed0397b8be7c3fcd472.params is ok
2022-03-13T15:39:51.366Z	[34mINFO[0m	build	go-paramfetch@v0.0.2-0.20200701152213-3e0f0afdc261/paramfetch.go:162	parameter and key-fetching complete
2022-03-13T15:39:51.366Z	[34mINFO[0m	lotus-bench	lotus-bench/main.go:514	[0] Writing piece into sector...
2022-03-13T15:39:51.399 INFO filecoin_proofs::api > generate_piece_commitment:start
2022-03-13T15:39:51.496 INFO filecoin_proofs::api > generate_piece_commitment:finish
2022-03-13T15:39:51.513 INFO filecoin_proofs::api > generate_piece_commitment:start
2022-03-13T15:39:51.606 INFO filecoin_proofs::api > generate_piece_commitment:finish
2022-03-13T15:39:51.625 INFO filecoin_proofs::api > generate_piece_commitment:start
2022-03-13T15:39:51.719 INFO filecoin_proofs::api > generate_piece_commitment:finish
2022-03-13T15:39:51.738 INFO filecoin_proofs::api > generate_piece_commitment:start
2022-03-13T15:39:51.826 INFO filecoin_proofs::api > generate_piece_commitment:finish
2022-03-13T15:39:51.845 INFO filecoin_proofs::api > generate_piece_commitment:start
2022-03-13T15:39:51.935 INFO filecoin_proofs::api > generate_piece_commitment:finish
2022-03-13T15:39:51.954 INFO filecoin_proofs::api > generate_piece_commitment:start
2022-03-13T15:39:52.048 INFO filecoin_proofs::api > generate_piece_commitment:finish
2022-03-13T15:39:52.069 INFO filecoin_proofs::api > generate_piece_commitment:start
2022-03-13T15:39:52.167 INFO filecoin_proofs::api > generate_piece_commitment:finish
2022-03-13T15:39:52.186 INFO filecoin_proofs::api > generate_piece_commitment:start
2022-03-13T15:39:52.276 INFO filecoin_proofs::api > generate_piece_commitment:finish
2022-03-13T15:39:52.294 INFO filecoin_proofs::api > generate_piece_commitment:start
2022-03-13T15:39:52.384 INFO filecoin_proofs::api > generate_piece_commitment:finish
2022-03-13T15:39:52.403 INFO filecoin_proofs::api > generate_piece_commitment:start
2022-03-13T15:39:52.497 INFO filecoin_proofs::api > generate_piece_commitment:finish
2022-03-13T15:39:52.516 INFO filecoin_proofs::api > generate_piece_commitment:start
2022-03-13T15:39:52.606 INFO filecoin_proofs::api > generate_piece_commitment:finish
2022-03-13T15:39:52.626 INFO filecoin_proofs::api > generate_piece_commitment:start
2022-03-13T15:39:52.714 INFO filecoin_proofs::api > generate_piece_commitment:finish
2022-03-13T15:39:52.725 INFO filecoin_proofs::api > generate_piece_commitment:start
2022-03-13T15:39:52.816 INFO filecoin_proofs::api > generate_piece_commitment:finish
2022-03-13T15:39:52.828 INFO filecoin_proofs::api > generate_piece_commitment:start
2022-03-13T15:39:52.918 INFO filecoin_proofs::api > generate_piece_commitment:finish
2022-03-13T15:39:52.939 INFO filecoin_proofs::api > generate_piece_commitment:start
2022-03-13T15:39:53.028 INFO filecoin_proofs::api > generate_piece_commitment:finish
2022-03-13T15:39:53.048 INFO filecoin_proofs::api > generate_piece_commitment:start
2022-03-13T15:39:53.138 INFO filecoin_proofs::api > generate_piece_commitment:finish
2022-03-13T15:39:53.159 INFO filecoin_proofs::api > generate_piece_commitment:start
2022-03-13T15:39:53.249 INFO filecoin_proofs::api > generate_piece_commitment:finish
2022-03-13T15:39:53.269 INFO filecoin_proofs::api > generate_piece_commitment:start
2022-03-13T15:39:53.357 INFO filecoin_proofs::api > generate_piece_commitment:finish
2022-03-13T15:39:53.377 INFO filecoin_proofs::api > generate_piece_commitment:start
2022-03-13T15:39:53.466 INFO filecoin_proofs::api > generate_piece_commitment:finish
2022-03-13T15:39:53.485 INFO filecoin_proofs::api > generate_piece_commitment:start
2022-03-13T15:39:53.583 INFO filecoin_proofs::api > generate_piece_commitment:finish
2022-03-13T15:39:53.603 INFO filecoin_proofs::api > generate_piece_commitment:start
2022-03-13T15:39:53.693 INFO filecoin_proofs::api > generate_piece_commitment:finish
2022-03-13T15:39:53.713 INFO filecoin_proofs::api > generate_piece_commitment:start
2022-03-13T15:39:53.813 INFO filecoin_proofs::api > generate_piece_commitment:finish
2022-03-13T15:39:53.832 INFO filecoin_proofs::api > generate_piece_commitment:start
2022-03-13T15:39:53.919 INFO filecoin_proofs::api > generate_piece_commitment:finish
2022-03-13T15:39:53.938 INFO filecoin_proofs::api > generate_piece_commitment:start
2022-03-13T15:39:54.032 INFO filecoin_proofs::api > generate_piece_commitment:finish
2022-03-13T15:39:54.051 INFO filecoin_proofs::api > generate_piece_commitment:start
2022-03-13T15:39:54.138 INFO filecoin_proofs::api > generate_piece_commitment:finish
2022-03-13T15:39:54.149 INFO filecoin_proofs::api > generate_piece_commitment:start
2022-03-13T15:39:54.239 INFO filecoin_proofs::api > generate_piece_commitment:finish
2022-03-13T15:39:54.260 INFO filecoin_proofs::api > generate_piece_commitment:start
2022-03-13T15:39:54.350 INFO filecoin_proofs::api > generate_piece_commitment:finish
2022-03-13T15:39:54.369 INFO filecoin_proofs::api > generate_piece_commitment:start
2022-03-13T15:39:54.461 INFO filecoin_proofs::api > generate_piece_commitment:finish
2022-03-13T15:39:54.482 INFO filecoin_proofs::api > generate_piece_commitment:start
2022-03-13T15:39:54.578 INFO filecoin_proofs::api > generate_piece_commitment:finish
2022-03-13T15:39:54.597 INFO filecoin_proofs::api > generate_piece_commitment:start
2022-03-13T15:39:54.687 INFO filecoin_proofs::api > generate_piece_commitment:finish
2022-03-13T15:39:54.712 INFO filecoin_proofs::api > generate_piece_commitment:start
2022-03-13T15:39:54.808 INFO filecoin_proofs::api > generate_piece_commitment:finish
2022-03-13T15:39:54.827 INFO filecoin_proofs::api > generate_piece_commitment:start
2022-03-13T15:39:54.917 INFO filecoin_proofs::api > generate_piece_commitment:finish
2022-03-13T15:39:54.936 INFO filecoin_proofs::api > generate_piece_commitment:start
2022-03-13T15:39:55.036 INFO filecoin_proofs::api > generate_piece_commitment:finish
2022-03-13T15:39:55.056 INFO filecoin_proofs::api > generate_piece_commitment:start
2022-03-13T15:39:55.147 INFO filecoin_proofs::api > generate_piece_commitment:finish
2022-03-13T15:39:55.166 INFO filecoin_proofs::api > generate_piece_commitment:start
2022-03-13T15:39:55.267 INFO filecoin_proofs::api > generate_piece_commitment:finish
2022-03-13T15:39:55.286 INFO filecoin_proofs::api > generate_piece_commitment:start
2022-03-13T15:39:55.376 INFO filecoin_proofs::api > generate_piece_commitment:finish
2022-03-13T15:39:55.396 INFO filecoin_proofs::api > generate_piece_commitment:start
2022-03-13T15:39:55.495 INFO filecoin_proofs::api > generate_piece_commitment:finish
2022-03-13T15:39:55.514 INFO filecoin_proofs::api > generate_piece_commitment:start
2022-03-13T15:39:55.605 INFO filecoin_proofs::api > generate_piece_commitment:finish
2022-03-13T15:39:55.624 INFO filecoin_proofs::api > generate_piece_commitment:start
2022-03-13T15:39:55.714 INFO filecoin_proofs::api > generate_piece_commitment:finish
2022-03-13T15:39:55.733 INFO filecoin_proofs::api > generate_piece_commitment:start
2022-03-13T15:39:55.832 INFO filecoin_proofs::api > generate_piece_commitment:finish
2022-03-13T15:39:55.853 INFO filecoin_proofs::api > generate_piece_commitment:start
2022-03-13T15:39:55.949 INFO filecoin_proofs::api > generate_piece_commitment:finish
2022-03-13T15:39:55.969 INFO filecoin_proofs::api > generate_piece_commitment:start
2022-03-13T15:39:56.060 INFO filecoin_proofs::api > generate_piece_commitment:finish
2022-03-13T15:39:56.078 INFO filecoin_proofs::api > generate_piece_commitment:start
2022-03-13T15:39:56.177 INFO filecoin_proofs::api > generate_piece_commitment:finish
2022-03-13T15:39:56.195 INFO filecoin_proofs::api > generate_piece_commitment:start
2022-03-13T15:39:56.287 INFO filecoin_proofs::api > generate_piece_commitment:finish
2022-03-13T15:39:56.308 INFO filecoin_proofs::api > generate_piece_commitment:start
2022-03-13T15:39:56.403 INFO filecoin_proofs::api > generate_piece_commitment:finish
2022-03-13T15:39:56.423 INFO filecoin_proofs::api > generate_piece_commitment:start
2022-03-13T15:39:56.516 INFO filecoin_proofs::api > generate_piece_commitment:finish
2022-03-13T15:39:56.537 INFO filecoin_proofs::api > generate_piece_commitment:start
2022-03-13T15:39:56.628 INFO filecoin_proofs::api > generate_piece_commitment:finish
2022-03-13T15:39:56.647 INFO filecoin_proofs::api > generate_piece_commitment:start
2022-03-13T15:39:56.737 INFO filecoin_proofs::api > generate_piece_commitment:finish
2022-03-13T15:39:56.756 INFO filecoin_proofs::api > generate_piece_commitment:start
2022-03-13T15:39:56.844 INFO filecoin_proofs::api > generate_piece_commitment:finish
2022-03-13T15:39:56.862 INFO filecoin_proofs::api > generate_piece_commitment:start
2022-03-13T15:39:56.953 INFO filecoin_proofs::api > generate_piece_commitment:finish
2022-03-13T15:39:56.973 INFO filecoin_proofs::api > generate_piece_commitment:start
2022-03-13T15:39:57.068 INFO filecoin_proofs::api > generate_piece_commitment:finish
2022-03-13T15:39:57.088 INFO filecoin_proofs::api > generate_piece_commitment:start
2022-03-13T15:39:57.183 INFO filecoin_proofs::api > generate_piece_commitment:finish
2022-03-13T15:39:57.202 INFO filecoin_proofs::api > generate_piece_commitment:start
2022-03-13T15:39:57.296 INFO filecoin_proofs::api > generate_piece_commitment:finish
2022-03-13T15:39:57.386 INFO filecoin_proofs::api > generate_piece_commitment:start
2022-03-13T15:39:57.589 INFO filecoin_proofs::api > generate_piece_commitment:finish
2022-03-13T15:39:57.608 INFO filecoin_proofs::api > generate_piece_commitment:start
2022-03-13T15:39:57.704 INFO filecoin_proofs::api > generate_piece_commitment:finish
2022-03-13T15:39:57.723 INFO filecoin_proofs::api > generate_piece_commitment:start
2022-03-13T15:39:57.821 INFO filecoin_proofs::api > generate_piece_commitment:finish
2022-03-13T15:39:57.840 INFO filecoin_proofs::api > generate_piece_commitment:start
2022-03-13T15:39:57.935 INFO filecoin_proofs::api > generate_piece_commitment:finish
2022-03-13T15:39:57.954 INFO filecoin_proofs::api > generate_piece_commitment:start
2022-03-13T15:39:58.043 INFO filecoin_proofs::api > generate_piece_commitment:finish
2022-03-13T15:39:58.062 INFO filecoin_proofs::api > generate_piece_commitment:start
2022-03-13T15:39:58.161 INFO filecoin_proofs::api > generate_piece_commitment:finish
2022-03-13T15:39:58.180 INFO filecoin_proofs::api > generate_piece_commitment:start
2022-03-13T15:39:58.272 INFO filecoin_proofs::api > generate_piece_commitment:finish
2022-03-13T15:39:58.290 INFO filecoin_proofs::api > generate_piece_commitment:start
2022-03-13T15:39:58.384 INFO filecoin_proofs::api > generate_piece_commitment:finish
2022-03-13T15:39:58.403 INFO filecoin_proofs::api > generate_piece_commitment:start
2022-03-13T15:39:58.494 INFO filecoin_proofs::api > generate_piece_commitment:finish
2022-03-13T15:39:58.515 INFO filecoin_proofs::api > generate_piece_commitment:start
2022-03-13T15:39:58.610 INFO filecoin_proofs::api > generate_piece_commitment:finish
2022-03-13T15:39:58.630 INFO filecoin_proofs::api > generate_piece_commitment:start
2022-03-13T15:39:58.729 INFO filecoin_proofs::api > generate_piece_commitment:finish
2022-03-13T15:39:58.749 INFO filecoin_proofs::api > generate_piece_commitment:start
2022-03-13T15:39:58.846 INFO filecoin_proofs::api > generate_piece_commitment:finish
2022-03-13T15:39:58.865 INFO filecoin_proofs::api > generate_piece_commitment:start
2022-03-13T15:39:58.954 INFO filecoin_proofs::api > generate_piece_commitment:finish
2022-03-13T15:39:58.975 INFO filecoin_proofs::api > generate_piece_commitment:start
2022-03-13T15:39:59.074 INFO filecoin_proofs::api > generate_piece_commitment:finish
2022-03-13T15:39:59.097 INFO filecoin_proofs::api > generate_piece_commitment:start
2022-03-13T15:39:59.190 INFO filecoin_proofs::api > generate_piece_commitment:finish
2022-03-13T15:39:59.208 INFO filecoin_proofs::api > generate_piece_commitment:start
2022-03-13T15:39:59.304 INFO filecoin_proofs::api > generate_piece_commitment:finish
2022-03-13T15:39:59.323 INFO filecoin_proofs::api > generate_piece_commitment:start
2022-03-13T15:39:59.418 INFO filecoin_proofs::api > generate_piece_commitment:finish
2022-03-13T15:39:59.436 INFO filecoin_proofs::api > generate_piece_commitment:start
2022-03-13T15:39:59.527 INFO filecoin_proofs::api > generate_piece_commitment:finish
2022-03-13T15:39:59.547 INFO filecoin_proofs::api > generate_piece_commitment:start
2022-03-13T15:39:59.634 INFO filecoin_proofs::api > generate_piece_commitment:finish
2022-03-13T15:39:59.651 INFO filecoin_proofs::api > generate_piece_commitment:start
2022-03-13T15:39:59.747 INFO filecoin_proofs::api > generate_piece_commitment:finish
2022-03-13T15:39:59.765 INFO filecoin_proofs::api > generate_piece_commitment:start
2022-03-13T15:39:59.855 INFO filecoin_proofs::api > generate_piece_commitment:finish
2022-03-13T15:39:59.875 INFO filecoin_proofs::api > generate_piece_commitment:start
2022-03-13T15:39:59.964 INFO filecoin_proofs::api > generate_piece_commitment:finish
2022-03-13T15:39:59.984 INFO filecoin_proofs::api > generate_piece_commitment:start
2022-03-13T15:40:00.071 INFO filecoin_proofs::api > generate_piece_commitment:finish
2022-03-13T15:40:00.082 INFO filecoin_proofs::api > generate_piece_commitment:start
2022-03-13T15:40:00.170 INFO filecoin_proofs::api > generate_piece_commitment:finish
2022-03-13T15:40:00.182 INFO filecoin_proofs::api > generate_piece_commitment:start
2022-03-13T15:40:00.272 INFO filecoin_proofs::api > generate_piece_commitment:finish
2022-03-13T15:40:00.291 INFO filecoin_proofs::api > generate_piece_commitment:start
2022-03-13T15:40:00.379 INFO filecoin_proofs::api > generate_piece_commitment:finish
2022-03-13T15:40:00.390 INFO filecoin_proofs::api > generate_piece_commitment:start
2022-03-13T15:40:00.480 INFO filecoin_proofs::api > generate_piece_commitment:finish
2022-03-13T15:40:00.493 INFO filecoin_proofs::api > generate_piece_commitment:start
2022-03-13T15:40:00.581 INFO filecoin_proofs::api > generate_piece_commitment:finish
2022-03-13T15:40:00.594 INFO filecoin_proofs::api > generate_piece_commitment:start
2022-03-13T15:40:00.683 INFO filecoin_proofs::api > generate_piece_commitment:finish
2022-03-13T15:40:00.702 INFO filecoin_proofs::api > generate_piece_commitment:start
2022-03-13T15:40:00.792 INFO filecoin_proofs::api > generate_piece_commitment:finish
2022-03-13T15:40:00.813 INFO filecoin_proofs::api > generate_piece_commitment:start
2022-03-13T15:40:00.909 INFO filecoin_proofs::api > generate_piece_commitment:finish
2022-03-13T15:40:00.918 INFO filecoin_proofs::api > generate_piece_commitment:start
2022-03-13T15:40:01.011 INFO filecoin_proofs::api > generate_piece_commitment:finish
2022-03-13T15:40:01.031 INFO filecoin_proofs::api > generate_piece_commitment:start
2022-03-13T15:40:01.121 INFO filecoin_proofs::api > generate_piece_commitment:finish
2022-03-13T15:40:01.141 INFO filecoin_proofs::api > generate_piece_commitment:start
2022-03-13T15:40:01.229 INFO filecoin_proofs::api > generate_piece_commitment:finish
2022-03-13T15:40:01.239 INFO filecoin_proofs::api > generate_piece_commitment:start
2022-03-13T15:40:01.326 INFO filecoin_proofs::api > generate_piece_commitment:finish
2022-03-13T15:40:01.338 INFO filecoin_proofs::api > generate_piece_commitment:start
2022-03-13T15:40:01.430 INFO filecoin_proofs::api > generate_piece_commitment:finish
2022-03-13T15:40:01.450 INFO filecoin_proofs::api > generate_piece_commitment:start
2022-03-13T15:40:01.538 INFO filecoin_proofs::api > generate_piece_commitment:finish
2022-03-13T15:40:01.557 INFO filecoin_proofs::api > generate_piece_commitment:start
2022-03-13T15:40:01.645 INFO filecoin_proofs::api > generate_piece_commitment:finish
2022-03-13T15:40:01.656 INFO filecoin_proofs::api > generate_piece_commitment:start
2022-03-13T15:40:01.746 INFO filecoin_proofs::api > generate_piece_commitment:finish
2022-03-13T15:40:01.765 INFO filecoin_proofs::api > generate_piece_commitment:start
2022-03-13T15:40:01.859 INFO filecoin_proofs::api > generate_piece_commitment:finish
2022-03-13T15:40:01.876 INFO filecoin_proofs::api > generate_piece_commitment:start
2022-03-13T15:40:01.967 INFO filecoin_proofs::api > generate_piece_commitment:finish
2022-03-13T15:40:01.985 INFO filecoin_proofs::api > generate_piece_commitment:start
2022-03-13T15:40:02.077 INFO filecoin_proofs::api > generate_piece_commitment:finish
2022-03-13T15:40:02.095 INFO filecoin_proofs::api > generate_piece_commitment:start
2022-03-13T15:40:02.187 INFO filecoin_proofs::api > generate_piece_commitment:finish
2022-03-13T15:40:02.207 INFO filecoin_proofs::api > generate_piece_commitment:start
2022-03-13T15:40:02.296 INFO filecoin_proofs::api > generate_piece_commitment:finish
2022-03-13T15:40:02.316 INFO filecoin_proofs::api > generate_piece_commitment:start
2022-03-13T15:40:02.406 INFO filecoin_proofs::api > generate_piece_commitment:finish
2022-03-13T15:40:02.427 INFO filecoin_proofs::api > generate_piece_commitment:start
2022-03-13T15:40:02.694 INFO filecoin_proofs::api > generate_piece_commitment:finish
2022-03-13T15:40:02.707 INFO filecoin_proofs::api > generate_piece_commitment:start
2022-03-13T15:40:02.797 INFO filecoin_proofs::api > generate_piece_commitment:finish
2022-03-13T15:40:02.818 INFO filecoin_proofs::api > generate_piece_commitment:start
2022-03-13T15:40:02.917 INFO filecoin_proofs::api > generate_piece_commitment:finish
2022-03-13T15:40:02.935 INFO filecoin_proofs::api > generate_piece_commitment:start
2022-03-13T15:40:03.034 INFO filecoin_proofs::api > generate_piece_commitment:finish
2022-03-13T15:40:03.053 INFO filecoin_proofs::api > generate_piece_commitment:start
2022-03-13T15:40:03.154 INFO filecoin_proofs::api > generate_piece_commitment:finish
2022-03-13T15:40:03.172 INFO filecoin_proofs::api > generate_piece_commitment:start
2022-03-13T15:40:03.266 INFO filecoin_proofs::api > generate_piece_commitment:finish
2022-03-13T15:40:03.286 INFO filecoin_proofs::api > generate_piece_commitment:start
2022-03-13T15:40:03.385 INFO filecoin_proofs::api > generate_piece_commitment:finish
2022-03-13T15:40:03.402 INFO filecoin_proofs::api > generate_piece_commitment:start
2022-03-13T15:40:03.490 INFO filecoin_proofs::api > generate_piece_commitment:finish
2022-03-13T15:40:03.501 INFO filecoin_proofs::api > generate_piece_commitment:start
2022-03-13T15:40:03.588 INFO filecoin_proofs::api > generate_piece_commitment:finish
2022-03-13T15:40:03.601 INFO filecoin_proofs::api > generate_piece_commitment:start
2022-03-13T15:40:03.691 INFO filecoin_proofs::api > generate_piece_commitment:finish
2022-03-13T15:40:03.711 INFO filecoin_proofs::api > generate_piece_commitment:start
2022-03-13T15:40:03.803 INFO filecoin_proofs::api > generate_piece_commitment:finish
2022-03-13T15:40:03.820 INFO filecoin_proofs::api > generate_piece_commitment:start
2022-03-13T15:40:03.911 INFO filecoin_proofs::api > generate_piece_commitment:finish
2022-03-13T15:40:03.929 INFO filecoin_proofs::api > generate_piece_commitment:start
2022-03-13T15:40:04.019 INFO filecoin_proofs::api > generate_piece_commitment:finish
2022-03-13T15:40:04.036 INFO filecoin_proofs::api > generate_piece_commitment:start
2022-03-13T15:40:04.132 INFO filecoin_proofs::api > generate_piece_commitment:finish
2022-03-13T15:40:04.151 INFO filecoin_proofs::api > generate_piece_commitment:start
2022-03-13T15:40:04.249 INFO filecoin_proofs::api > generate_piece_commitment:finish
2022-03-13T15:40:04.268 INFO filecoin_proofs::api > generate_piece_commitment:start
2022-03-13T15:40:04.365 INFO filecoin_proofs::api > generate_piece_commitment:finish
2022-03-13T15:40:04.386 INFO filecoin_proofs::api > generate_piece_commitment:start
2022-03-13T15:40:04.476 INFO filecoin_proofs::api > generate_piece_commitment:finish
2022-03-13T15:40:04.497 INFO filecoin_proofs::api > generate_piece_commitment:start
2022-03-13T15:40:04.594 INFO filecoin_proofs::api > generate_piece_commitment:finish
2022-03-13T15:40:04.612 INFO filecoin_proofs::api > generate_piece_commitment:start
2022-03-13T15:40:04.702 INFO filecoin_proofs::api > generate_piece_commitment:finish
2022-03-13T15:40:04.720 INFO filecoin_proofs::api > generate_piece_commitment:start
2022-03-13T15:40:04.816 INFO filecoin_proofs::api > generate_piece_commitment:finish
2022-03-13T15:40:04.835 INFO filecoin_proofs::api > generate_piece_commitment:start
2022-03-13T15:40:04.925 INFO filecoin_proofs::api > generate_piece_commitment:finish
2022-03-13T15:40:04.945 INFO filecoin_proofs::api > generate_piece_commitment:start
2022-03-13T15:40:05.042 INFO filecoin_proofs::api > generate_piece_commitment:finish
2022-03-13T15:40:05.063 INFO filecoin_proofs::api > generate_piece_commitment:start
2022-03-13T15:40:05.152 INFO filecoin_proofs::api > generate_piece_commitment:finish
2022-03-13T15:40:05.163 INFO filecoin_proofs::api > generate_piece_commitment:start
2022-03-13T15:40:05.252 INFO filecoin_proofs::api > generate_piece_commitment:finish
2022-03-13T15:40:05.271 INFO filecoin_proofs::api > generate_piece_commitment:start
2022-03-13T15:40:05.369 INFO filecoin_proofs::api > generate_piece_commitment:finish
2022-03-13T15:40:05.387 INFO filecoin_proofs::api > generate_piece_commitment:start
2022-03-13T15:40:05.477 INFO filecoin_proofs::api > generate_piece_commitment:finish
2022-03-13T15:40:05.487 INFO filecoin_proofs::api > generate_piece_commitment:start
2022-03-13T15:40:05.576 INFO filecoin_proofs::api > generate_piece_commitment:finish
2022-03-13T15:40:05.588 INFO filecoin_proofs::api > generate_piece_commitment:start
2022-03-13T15:40:05.673 INFO filecoin_proofs::api > generate_piece_commitment:finish
2022-03-13T15:40:05.682 INFO filecoin_proofs::api > generate_piece_commitment:start
2022-03-13T15:40:05.769 INFO filecoin_proofs::api > generate_piece_commitment:finish
2022-03-13T15:40:05.786 INFO filecoin_proofs::api > generate_piece_commitment:start
2022-03-13T15:40:05.877 INFO filecoin_proofs::api > generate_piece_commitment:finish
2022-03-13T15:40:05.878 INFO filcrypto::proofs::api > generate_data_commitment: start
2022-03-13T15:40:05.878 INFO filecoin_proofs::api::seal > compute_comm_d:start
2022-03-13T15:40:05.878 INFO filecoin_proofs::pieces > verifying 128 pieces
2022-03-13T15:40:05.878 INFO filecoin_proofs::api::seal > compute_comm_d:finish
2022-03-13T15:40:05.878 INFO filcrypto::proofs::api > generate_data_commitment: finish
2022-03-13T15:40:05.878Z	[34mINFO[0m	lotus-bench	lotus-bench/main.go:550	[0] Running replication(1)...
2022-03-13T15:40:05.879 INFO filcrypto::proofs::api > seal_pre_commit_phase1: start
2022-03-13T15:40:05.879 INFO filecoin_proofs::api::seal > seal_pre_commit_phase1:start: SectorId(0)
2022-03-13T15:40:07.463 INFO filecoin_proofs::api::seal > building merkle tree for the original data
2022-03-13T15:40:09.495 INFO filecoin_proofs::api::seal > verifying pieces
2022-03-13T15:40:09.495 INFO filecoin_proofs::pieces > verifying 1 pieces
2022-03-13T15:40:09.495 INFO storage_proofs_porep::stacked::vanilla::proof > replicate_phase1
2022-03-13T15:40:09.495 INFO storage_proofs_porep::stacked::vanilla::graph > using parent_cache[2048 / 16777216]
2022-03-13T15:40:09.495 INFO storage_proofs_porep::stacked::vanilla::cache > parent cache: opening /var/tmp/filecoin-parents/v28-sdr-parent-7ba215a1d2345774ab90b8cb1158d296e409d6068819d7b8c7baf0b25d63dc34.cache, verify enabled: false
2022-03-13T15:40:09.495 INFO storage_proofs_porep::stacked::vanilla::proof > single core replication
2022-03-13T15:40:09.495 INFO storage_proofs_porep::stacked::vanilla::create_label::single > generate labels
2022-03-13T15:40:09.495 INFO storage_proofs_porep::stacked::vanilla::create_label::single > generating layer: 1
2022-03-13T15:40:25.559 INFO storage_proofs_porep::stacked::vanilla::create_label::single >   storing labels on disk
2022-03-13T15:40:25.911 INFO storage_proofs_porep::stacked::vanilla::create_label::single >   generated layer 1 store with id layer-1
2022-03-13T15:40:25.911 INFO storage_proofs_porep::stacked::vanilla::create_label::single >   setting exp parents
2022-03-13T15:40:25.911 INFO storage_proofs_porep::stacked::vanilla::create_label::single > generating layer: 2
2022-03-13T15:40:42.640 INFO storage_proofs_porep::stacked::vanilla::create_label::single >   storing labels on disk
2022-03-13T15:40:42.990 INFO storage_proofs_porep::stacked::vanilla::create_label::single >   generated layer 2 store with id layer-2
2022-03-13T15:40:42.990 INFO storage_proofs_porep::stacked::vanilla::create_label::single >   setting exp parents
2022-03-13T15:40:43.028 INFO filecoin_proofs::api::seal > seal_pre_commit_phase1:finish: SectorId(0)
2022-03-13T15:40:43.028 INFO filcrypto::proofs::api > seal_pre_commit_phase1: finish
2022-03-13T15:40:43.028Z	[34mINFO[0m	lotus-bench	lotus-bench/main.go:561	[0] Running replication(2)...
2022-03-13T15:40:43.029 INFO filcrypto::proofs::api > seal_pre_commit_phase2: start
2022-03-13T15:40:43.029 INFO filecoin_proofs::api > validate_cache_for_precommit_phase2:start
2022-03-13T15:40:43.029 INFO filecoin_proofs::api > validate_cache_for_precommit_phase2:finish
2022-03-13T15:40:43.029 INFO filecoin_proofs::api::seal > seal_pre_commit_phase2:start
2022-03-13T15:40:43.029 INFO storage_proofs_porep::stacked::vanilla::proof > replicate_phase2
2022-03-13T15:40:43.029 INFO storage_proofs_porep::stacked::vanilla::proof > generating tree c using the GPU
2022-03-13T15:40:43.029 INFO storage_proofs_porep::stacked::vanilla::proof > Building column hashes
2022-03-13T15:40:43.029 INFO neptune::cl > getting context for ~Index(0)
2022-03-13T15:40:53.821 INFO storage_proofs_porep::stacked::vanilla::proof > persisting base tree_c 1/1 of length 19173961
2022-03-13T15:40:55.941 INFO storage_proofs_porep::stacked::vanilla::proof > tree_c done
2022-03-13T15:40:55.941 INFO storage_proofs_porep::stacked::vanilla::proof > building tree_r_last
2022-03-13T15:40:55.941 INFO storage_proofs_porep::stacked::vanilla::proof > generating tree r last using the GPU
2022-03-13T15:40:56.127 INFO neptune::cl > getting context for ~Index(0)
2022-03-13T15:40:56.697 INFO storage_proofs_porep::stacked::vanilla::proof > building base tree_r_last with GPU 1/1
2022-03-13T15:40:58.774 INFO storage_proofs_porep::stacked::vanilla::proof > tree_r_last done
2022-03-13T15:40:58.774 INFO storage_proofs_core::data > dropping data /root/.lotus-bench/bench1641274678/sealed/s-t01000-0
2022-03-13T15:40:58.810 INFO filecoin_proofs::api::seal > seal_pre_commit_phase2:finish
2022-03-13T15:40:58.810 INFO filcrypto::proofs::api > seal_pre_commit_phase2: finish
2022-03-13T15:40:58.810Z	[34mINFO[0m	lotus-bench	lotus-bench/main.go:583	[0] Generating PoRep for sector (1)
2022-03-13T15:40:58.810 INFO filcrypto::proofs::api > seal_commit_phase1: start
2022-03-13T15:40:58.810 INFO filecoin_proofs::api > validate_cache_for_precommit:start
2022-03-13T15:40:58.810 INFO filecoin_proofs::api > validate_cache_for_precommit:finish
2022-03-13T15:40:58.810 INFO filecoin_proofs::api::seal > seal_commit_phase1:start: SectorId(0)
2022-03-13T15:40:58.810 INFO filecoin_proofs::pieces > verifying 1 pieces
2022-03-13T15:40:58.860 INFO filecoin_proofs::api::seal > seal_commit_phase1:finish: SectorId(0)
2022-03-13T15:40:58.860 INFO filcrypto::proofs::api > seal_commit_phase1: finish
2022-03-13T15:40:58.860Z	[34mINFO[0m	lotus-bench	lotus-bench/main.go:591	[0] Generating PoRep for sector (2)
2022-03-13T15:40:58.860 INFO filcrypto::proofs::api > seal_commit_phase2: start
2022-03-13T15:40:58.861 INFO filecoin_proofs::api::seal > seal_commit_phase2:start: SectorId(0)
2022-03-13T15:40:58.861 INFO filecoin_proofs::caches > trying parameters memory cache for: STACKED[536870912]
2022-03-13T15:40:58.861 INFO filecoin_proofs::caches > no params in memory cache for STACKED[536870912]
2022-03-13T15:40:58.861 INFO storage_proofs_core::parameter_cache > parameter set identifier for cache: layered_drgporep::PublicParams{ graph: stacked_graph::StackedGraph{expansion_degree: 8 base_graph: drgraph::BucketGraph{size: 16777216; degree: 6; hasher: poseidon_hasher} }, challenges: LayerChallenges { layers: 2, max_count: 2 }, tree: merkletree-poseidon_hasher-8-0-0 }
2022-03-13T15:40:58.861 INFO storage_proofs_core::parameter_cache > ensuring that all ancestor directories for: "/var/tmp/filecoin-proof-parameters/v28-stacked-proof-of-replication-merkletree-poseidon_hasher-8-0-0-sha256_hasher-6babf46ce344ae495d558e7770a585b2382d54f225af8ed0397b8be7c3fcd472.params" exist
2022-03-13T15:40:58.861 INFO storage_proofs_core::parameter_cache > checking cache_path: "/var/tmp/filecoin-proof-parameters/v28-stacked-proof-of-replication-merkletree-poseidon_hasher-8-0-0-sha256_hasher-6babf46ce344ae495d558e7770a585b2382d54f225af8ed0397b8be7c3fcd472.params" for parameters
2022-03-13T15:40:59.005 INFO storage_proofs_core::parameter_cache > read parameters from cache "/var/tmp/filecoin-proof-parameters/v28-stacked-proof-of-replication-merkletree-poseidon_hasher-8-0-0-sha256_hasher-6babf46ce344ae495d558e7770a585b2382d54f225af8ed0397b8be7c3fcd472.params" 
2022-03-13T15:40:59.005 INFO filecoin_proofs::api::seal > got groth params (536870912) while sealing
2022-03-13T15:40:59.005 INFO filecoin_proofs::api::seal > snark_proof:start
2022-03-13T15:40:59.005 INFO bellperson::groth16::prover > Bellperson 0.12.3 is being used!
SystemTime { tv_sec: 1647186059, tv_nsec: 7742228 } starting circuit synthesis
SystemTime { tv_sec: 1647186062, tv_nsec: 922053897 } circuit synthesis done
2022-03-13T15:41:02.922 INFO bellperson::groth16::prover > starting proof timer
2022-03-13T15:41:04.105 INFO bellperson::domain > log_n:23
2022-03-13T15:41:04.105 INFO bellperson::domain > log_a:23
2022-03-13T15:41:04.105 INFO bellperson::gpu::locks > GPU is available for FFT!
2022-03-13T15:41:04.172 INFO bellperson::gpu::fft > FFT: 1 working device(s) selected.
2022-03-13T15:41:04.172 INFO bellperson::gpu::fft > FFT: Device 0: GeForce RTX 3080
2022-03-13T15:41:04.172 INFO bellperson::domain > GPU FFT kernel instantiated!
2022-03-13T15:41:04.219 INFO bellperson::gpu::fft > ----------------------------------cpu->gpu time: 46.639131ms
2022-03-13T15:41:04.219 INFO bellperson::gpu::fft > log_n:23, log_p:0, deg:8, max_deg:8
2022-03-13T15:41:04.226 INFO bellperson::gpu::fft > ----------------------------------kernel run time: 6.643121ms
2022-03-13T15:41:04.226 INFO bellperson::gpu::fft > log_n:23, log_p:8, deg:8, max_deg:8
2022-03-13T15:41:04.234 INFO bellperson::gpu::fft > ----------------------------------kernel run time: 7.621496ms
2022-03-13T15:41:04.234 INFO bellperson::gpu::fft > log_n:23, log_p:16, deg:7, max_deg:8
2022-03-13T15:41:04.242 INFO bellperson::gpu::fft > ----------------------------------kernel run time: 8.270102ms
2022-03-13T15:41:04.242 INFO bellperson::gpu::fft > ----------------------------------total kernel run time: 22.638177ms
2022-03-13T15:41:04.279 INFO bellperson::gpu::fft > ----------------------------------gpu->cpu time: 36.9476ms
2022-03-13T15:41:04.377 INFO bellperson::domain > log_n:23
2022-03-13T15:41:04.377 INFO bellperson::domain > log_a:23
2022-03-13T15:41:04.420 INFO bellperson::gpu::fft > ----------------------------------cpu->gpu time: 40.423835ms
2022-03-13T15:41:04.420 INFO bellperson::gpu::fft > log_n:23, log_p:0, deg:8, max_deg:8
2022-03-13T15:41:04.427 INFO bellperson::gpu::fft > ----------------------------------kernel run time: 6.634114ms
2022-03-13T15:41:04.427 INFO bellperson::gpu::fft > log_n:23, log_p:8, deg:8, max_deg:8
2022-03-13T15:41:04.435 INFO bellperson::gpu::fft > ----------------------------------kernel run time: 7.643759ms
2022-03-13T15:41:04.435 INFO bellperson::gpu::fft > log_n:23, log_p:16, deg:7, max_deg:8
2022-03-13T15:41:04.443 INFO bellperson::gpu::fft > ----------------------------------kernel run time: 8.280303ms
2022-03-13T15:41:04.443 INFO bellperson::gpu::fft > ----------------------------------total kernel run time: 22.772183ms
2022-03-13T15:41:04.487 INFO bellperson::gpu::fft > ----------------------------------gpu->cpu time: 44.301807ms
2022-03-13T15:41:04.490 INFO bellperson::domain > log_n:23
2022-03-13T15:41:04.490 INFO bellperson::domain > log_a:23
2022-03-13T15:41:04.548 INFO bellperson::gpu::fft > ----------------------------------cpu->gpu time: 55.408736ms
2022-03-13T15:41:04.549 INFO bellperson::gpu::fft > log_n:23, log_p:0, deg:8, max_deg:8
2022-03-13T15:41:04.555 INFO bellperson::gpu::fft > ----------------------------------kernel run time: 6.481944ms
2022-03-13T15:41:04.555 INFO bellperson::gpu::fft > log_n:23, log_p:8, deg:8, max_deg:8
2022-03-13T15:41:04.563 INFO bellperson::gpu::fft > ----------------------------------kernel run time: 7.449208ms
2022-03-13T15:41:04.563 INFO bellperson::gpu::fft > log_n:23, log_p:16, deg:7, max_deg:8
2022-03-13T15:41:04.571 INFO bellperson::gpu::fft > ----------------------------------kernel run time: 8.081042ms
2022-03-13T15:41:04.571 INFO bellperson::gpu::fft > ----------------------------------total kernel run time: 22.118496ms
2022-03-13T15:41:04.626 INFO bellperson::gpu::fft > ----------------------------------gpu->cpu time: 55.475173ms
2022-03-13T15:41:04.702 INFO bellperson::domain > log_n:23
2022-03-13T15:41:04.702 INFO bellperson::domain > log_a:23
2022-03-13T15:41:04.752 INFO bellperson::gpu::fft > ----------------------------------cpu->gpu time: 49.280466ms
2022-03-13T15:41:04.752 INFO bellperson::gpu::fft > log_n:23, log_p:0, deg:8, max_deg:8
2022-03-13T15:41:04.758 INFO bellperson::gpu::fft > ----------------------------------kernel run time: 6.082203ms
2022-03-13T15:41:04.758 INFO bellperson::gpu::fft > log_n:23, log_p:8, deg:8, max_deg:8
2022-03-13T15:41:04.765 INFO bellperson::gpu::fft > ----------------------------------kernel run time: 6.983049ms
2022-03-13T15:41:04.765 INFO bellperson::gpu::fft > log_n:23, log_p:16, deg:7, max_deg:8
2022-03-13T15:41:04.773 INFO bellperson::gpu::fft > ----------------------------------kernel run time: 7.578645ms
2022-03-13T15:41:04.773 INFO bellperson::gpu::fft > ----------------------------------total kernel run time: 20.748196ms
2022-03-13T15:41:04.818 INFO bellperson::gpu::fft > ----------------------------------gpu->cpu time: 44.701779ms
2022-03-13T15:41:04.820 INFO bellperson::domain > log_n:23
2022-03-13T15:41:04.821 INFO bellperson::domain > log_a:23
2022-03-13T15:41:04.892 INFO bellperson::gpu::fft > ----------------------------------cpu->gpu time: 68.467886ms
2022-03-13T15:41:04.892 INFO bellperson::gpu::fft > log_n:23, log_p:0, deg:8, max_deg:8
2022-03-13T15:41:04.898 INFO bellperson::gpu::fft > ----------------------------------kernel run time: 6.10216ms
2022-03-13T15:41:04.898 INFO bellperson::gpu::fft > log_n:23, log_p:8, deg:8, max_deg:8
2022-03-13T15:41:04.905 INFO bellperson::gpu::fft > ----------------------------------kernel run time: 6.991005ms
2022-03-13T15:41:04.905 INFO bellperson::gpu::fft > log_n:23, log_p:16, deg:7, max_deg:8
2022-03-13T15:41:04.913 INFO bellperson::gpu::fft > ----------------------------------kernel run time: 7.589515ms
2022-03-13T15:41:04.913 INFO bellperson::gpu::fft > ----------------------------------total kernel run time: 20.796076ms
2022-03-13T15:41:04.967 INFO bellperson::gpu::fft > ----------------------------------gpu->cpu time: 54.588152ms
2022-03-13T15:41:05.026 INFO bellperson::domain > log_n:23
2022-03-13T15:41:05.026 INFO bellperson::domain > log_a:23
2022-03-13T15:41:05.098 INFO bellperson::gpu::fft > ----------------------------------cpu->gpu time: 70.319666ms
2022-03-13T15:41:05.098 INFO bellperson::gpu::fft > log_n:23, log_p:0, deg:8, max_deg:8
2022-03-13T15:41:05.104 INFO bellperson::gpu::fft > ----------------------------------kernel run time: 6.078105ms
2022-03-13T15:41:05.104 INFO bellperson::gpu::fft > log_n:23, log_p:8, deg:8, max_deg:8
2022-03-13T15:41:05.111 INFO bellperson::gpu::fft > ----------------------------------kernel run time: 6.987799ms
2022-03-13T15:41:05.111 INFO bellperson::gpu::fft > log_n:23, log_p:16, deg:7, max_deg:8
2022-03-13T15:41:05.119 INFO bellperson::gpu::fft > ----------------------------------kernel run time: 7.590588ms
2022-03-13T15:41:05.119 INFO bellperson::gpu::fft > ----------------------------------total kernel run time: 20.755028ms
2022-03-13T15:41:05.175 INFO bellperson::gpu::fft > ----------------------------------gpu->cpu time: 56.032375ms
SystemTime { tv_sec: 1647186065, tv_nsec: 283617504 } params done
2022-03-13T15:41:05.297 INFO bellperson::domain > log_n:23
2022-03-13T15:41:05.297 INFO bellperson::domain > log_a:23
2022-03-13T15:41:05.338 INFO bellperson::gpu::fft > ----------------------------------cpu->gpu time: 40.078598ms
2022-03-13T15:41:05.338 INFO bellperson::gpu::fft > log_n:23, log_p:0, deg:8, max_deg:8
2022-03-13T15:41:05.344 INFO bellperson::gpu::fft > ----------------------------------kernel run time: 6.092432ms
2022-03-13T15:41:05.344 INFO bellperson::gpu::fft > log_n:23, log_p:8, deg:8, max_deg:8
2022-03-13T15:41:05.351 INFO bellperson::gpu::fft > ----------------------------------kernel run time: 6.989811ms
2022-03-13T15:41:05.351 INFO bellperson::gpu::fft > log_n:23, log_p:16, deg:7, max_deg:8
2022-03-13T15:41:05.359 INFO bellperson::gpu::fft > ----------------------------------kernel run time: 7.587652ms
2022-03-13T15:41:05.359 INFO bellperson::gpu::fft > ----------------------------------total kernel run time: 20.768122ms
2022-03-13T15:41:05.398 INFO bellperson::gpu::fft > ----------------------------------gpu->cpu time: 38.547961ms
2022-03-13T15:41:05.493 INFO bellperson::multiexp > multiexp begin
2022-03-13T15:41:05.493 INFO bellperson::gpu::locks > GPU is available for Multiexp!
2022-03-13T15:41:05.493 INFO bellperson::gpu::multiexp > Running on GeForce RTX 3080 with 8704 cores
2022-03-13T15:41:05.495 INFO bellperson::gpu::multiexp > Multiexp: 1 working device(s) selected. (CPU utilization: 0)
2022-03-13T15:41:05.495 INFO bellperson::gpu::multiexp > Multiexp: Device 0: GeForce RTX 3080 (Chunk-size: 2069933)
2022-03-13T15:41:05.495 INFO bellperson::multiexp > GPU Multiexp kernel instantiated!
2022-03-13T15:41:05.575 INFO bellperson::multiexp > vec exps init time: 79.905024ms
2022-03-13T15:41:05.610 INFO bellperson::multiexp > exp iter time: 35.028122ms
2022-03-13T15:41:05.610 INFO bellperson::multiexp > bases clone time: 160ns
2022-03-13T15:41:05.698 INFO bellperson::multiexp > exps clone time: 88.037024ms
2022-03-13T15:41:05.698 INFO bellperson::gpu::multiexp > gpu multiexp
2022-03-13T15:41:05.698 INFO bellperson::gpu::multiexp > gpu multiexp, n:8388607
2022-03-13T15:41:05.698 INFO bellperson::gpu::multiexp > kern.multiexp
2022-03-13T15:41:05.698 INFO bellperson::gpu::multiexp > basesize:104,expsize:32,bucketsize:144
2022-03-13T15:41:05.698 INFO bellperson::gpu::multiexp > n:5000000, window_size:11, num_windows:24, num_groups:725, bucket_len:2048
2022-03-13T15:41:05.698 INFO bellperson::gpu::multiexp > ----------------------------------cpu->gpu begin
2022-03-13T15:41:05.698 INFO bellperson::gpu::multiexp > buffer_size:495.91064MB
2022-03-13T15:41:05.698 INFO bellperson::gpu::multiexp > each_size:65B
2022-03-13T15:41:05.758 INFO bellperson::gpu::multiexp > ----------------------------------cpu->gpu time: 58.906372ms
2022-03-13T15:41:05.758 INFO bellperson::gpu::multiexp > ----------------------------------cpu->gpu time: 59.599274ms
2022-03-13T15:41:05.758 INFO bellperson::gpu::multiexp > buffer_size:152.58789MB
2022-03-13T15:41:05.758 INFO bellperson::gpu::multiexp > each_size:20B
2022-03-13T15:41:05.783 INFO bellperson::gpu::multiexp > ----------------------------------cpu->gpu time: 24.83809ms
2022-03-13T15:41:05.783 INFO bellperson::gpu::multiexp > ----------------------------------cpu->gpu time: 25.29426ms
2022-03-13T15:41:05.783 INFO bellperson::gpu::multiexp > ----------------------------------cpu->gpu end
2022-03-13T15:41:05.787 INFO bellperson::gpu::multiexp > ----------------------------------compute begin
2022-03-13T15:41:06.287 INFO bellperson::gpu::multiexp > ----------------------------------kernel run time: 499.683562ms
2022-03-13T15:41:06.316 INFO bellperson::gpu::multiexp > kern.multiexp
2022-03-13T15:41:06.316 INFO bellperson::gpu::multiexp > basesize:104,expsize:32,bucketsize:144
2022-03-13T15:41:06.316 INFO bellperson::gpu::multiexp > n:3388607, window_size:11, num_windows:24, num_groups:725, bucket_len:2048
2022-03-13T15:41:06.316 INFO bellperson::gpu::multiexp > ----------------------------------cpu->gpu begin
2022-03-13T15:41:06.316 INFO bellperson::gpu::multiexp > buffer_size:336.08926MB
2022-03-13T15:41:06.316 INFO bellperson::gpu::multiexp > each_size:44.05189B
2022-03-13T15:41:06.462 INFO bellperson::gpu::multiexp > ----------------------------------cpu->gpu time: 144.875134ms
2022-03-13T15:41:06.462 INFO bellperson::gpu::multiexp > ----------------------------------cpu->gpu time: 146.621673ms
2022-03-13T15:41:06.462 INFO bellperson::gpu::multiexp > buffer_size:103.41208MB
2022-03-13T15:41:06.462 INFO bellperson::gpu::multiexp > each_size:13.554428B
2022-03-13T15:41:06.480 INFO bellperson::gpu::multiexp > ----------------------------------cpu->gpu time: 14.219933ms
2022-03-13T15:41:06.480 INFO bellperson::gpu::multiexp > ----------------------------------cpu->gpu time: 17.799986ms
2022-03-13T15:41:06.480 INFO bellperson::gpu::multiexp > ----------------------------------cpu->gpu end
2022-03-13T15:41:06.484 INFO bellperson::gpu::multiexp > ----------------------------------compute begin
2022-03-13T15:41:06.898 INFO bellperson::gpu::multiexp > ----------------------------------kernel run time: 414.427247ms
2022-03-13T15:41:06.925 INFO bellperson::multiexp > multiexp begin
2022-03-13T15:41:06.955 INFO bellperson::groth16::prover > multiexp h time: 1.462484621s
2022-03-13T15:41:07.059 INFO bellperson::multiexp > multiexp begin
2022-03-13T15:41:07.100 INFO bellperson::multiexp > vec exps init time: 40.924339ms
2022-03-13T15:41:07.123 INFO bellperson::multiexp > exp iter time: 22.807871ms
2022-03-13T15:41:07.123 INFO bellperson::multiexp > bases clone time: 471ns
2022-03-13T15:41:07.170 INFO bellperson::multiexp > exps clone time: 47.119988ms
2022-03-13T15:41:07.170 INFO bellperson::gpu::multiexp > gpu multiexp
2022-03-13T15:41:07.170 INFO bellperson::gpu::multiexp > gpu multiexp, n:4420837
2022-03-13T15:41:07.170 INFO bellperson::gpu::multiexp > kern.multiexp
2022-03-13T15:41:07.170 INFO bellperson::gpu::multiexp > basesize:104,expsize:32,bucketsize:144
2022-03-13T15:41:07.170 INFO bellperson::gpu::multiexp > n:4420837, window_size:11, num_windows:24, num_groups:725, bucket_len:2048
2022-03-13T15:41:07.170 INFO bellperson::gpu::multiexp > ----------------------------------cpu->gpu begin
2022-03-13T15:41:07.170 INFO bellperson::gpu::multiexp > buffer_size:438.46802MB
2022-03-13T15:41:07.170 INFO bellperson::gpu::multiexp > each_size:57.47088B
2022-03-13T15:41:07.234 INFO bellperson::gpu::multiexp > ----------------------------------cpu->gpu time: 60.569122ms
2022-03-13T15:41:07.234 INFO bellperson::gpu::multiexp > ----------------------------------cpu->gpu time: 64.259736ms
2022-03-13T15:41:07.234 INFO bellperson::gpu::multiexp > buffer_size:134.91324MB
2022-03-13T15:41:07.234 INFO bellperson::gpu::multiexp > each_size:17.683348B
2022-03-13T15:41:07.253 INFO bellperson::gpu::multiexp > ----------------------------------cpu->gpu time: 18.518705ms
2022-03-13T15:41:07.253 INFO bellperson::gpu::multiexp > ----------------------------------cpu->gpu time: 18.963794ms
2022-03-13T15:41:07.253 INFO bellperson::gpu::multiexp > ----------------------------------cpu->gpu end
2022-03-13T15:41:07.257 INFO bellperson::gpu::multiexp > ----------------------------------compute begin
2022-03-13T15:41:07.658 INFO bellperson::gpu::multiexp > ----------------------------------kernel run time: 401.242547ms
2022-03-13T15:41:07.670 INFO bellperson::multiexp > multiexp begin
2022-03-13T15:41:07.681 INFO bellperson::groth16::prover > multiexp l time: 622.180163ms
2022-03-13T15:41:07.681 INFO bellperson::multiexp > multiexp begin
2022-03-13T15:41:07.681 INFO bellperson::groth16::prover > multiexp a input time: 12.915µs
2022-03-13T15:41:07.681 INFO bellperson::multiexp > multiexp begin
2022-03-13T15:41:07.721 INFO bellperson::multiexp > vec exps init time: 40.031047ms
2022-03-13T15:41:07.744 INFO bellperson::multiexp > exp iter time: 23.095779ms
2022-03-13T15:41:07.744 INFO bellperson::multiexp > bases clone time: 561ns
2022-03-13T15:41:07.791 INFO bellperson::multiexp > exps clone time: 47.109408ms
2022-03-13T15:41:07.791 INFO bellperson::gpu::multiexp > gpu multiexp
2022-03-13T15:41:07.791 INFO bellperson::gpu::multiexp > gpu multiexp, n:4385040
2022-03-13T15:41:07.791 INFO bellperson::gpu::multiexp > kern.multiexp
2022-03-13T15:41:07.792 INFO bellperson::gpu::multiexp > basesize:104,expsize:32,bucketsize:144
2022-03-13T15:41:07.792 INFO bellperson::gpu::multiexp > n:4385040, window_size:11, num_windows:24, num_groups:725, bucket_len:2048
2022-03-13T15:41:07.792 INFO bellperson::gpu::multiexp > ----------------------------------cpu->gpu begin
2022-03-13T15:41:07.792 INFO bellperson::gpu::multiexp > buffer_size:434.9176MB
2022-03-13T15:41:07.792 INFO bellperson::gpu::multiexp > each_size:57.00552B
2022-03-13T15:41:07.855 INFO bellperson::gpu::multiexp > ----------------------------------cpu->gpu time: 60.041366ms
2022-03-13T15:41:07.855 INFO bellperson::gpu::multiexp > ----------------------------------cpu->gpu time: 63.772026ms
2022-03-13T15:41:07.855 INFO bellperson::gpu::multiexp > buffer_size:133.8208MB
2022-03-13T15:41:07.855 INFO bellperson::gpu::multiexp > each_size:17.54016B
2022-03-13T15:41:07.874 INFO bellperson::gpu::multiexp > ----------------------------------cpu->gpu time: 18.406512ms
2022-03-13T15:41:07.874 INFO bellperson::gpu::multiexp > ----------------------------------cpu->gpu time: 18.834578ms
2022-03-13T15:41:07.874 INFO bellperson::gpu::multiexp > ----------------------------------cpu->gpu end
2022-03-13T15:41:07.878 INFO bellperson::gpu::multiexp > ----------------------------------compute begin
2022-03-13T15:41:08.264 INFO bellperson::gpu::multiexp > ----------------------------------kernel run time: 385.847173ms
2022-03-13T15:41:08.276 INFO bellperson::multiexp > multiexp begin
2022-03-13T15:41:08.286 INFO bellperson::groth16::prover > multiexp a aux time: 604.898233ms
2022-03-13T15:41:08.286 INFO bellperson::multiexp > multiexp begin
2022-03-13T15:41:08.286 INFO bellperson::groth16::prover > multiexp b g1 input time: 10.62µs
2022-03-13T15:41:08.286 INFO bellperson::multiexp > multiexp begin
2022-03-13T15:41:08.326 INFO bellperson::multiexp > vec exps init time: 39.988777ms
2022-03-13T15:41:08.340 INFO bellperson::multiexp > exp iter time: 13.91454ms
2022-03-13T15:41:08.340 INFO bellperson::multiexp > bases clone time: 481ns
2022-03-13T15:41:08.387 INFO bellperson::multiexp > exps clone time: 47.190653ms
2022-03-13T15:41:08.387 INFO bellperson::gpu::multiexp > gpu multiexp
2022-03-13T15:41:08.387 INFO bellperson::gpu::multiexp > gpu multiexp, n:1174173
2022-03-13T15:41:08.387 INFO bellperson::gpu::multiexp > kern.multiexp
2022-03-13T15:41:08.387 INFO bellperson::gpu::multiexp > basesize:104,expsize:32,bucketsize:144
2022-03-13T15:41:08.387 INFO bellperson::gpu::multiexp > n:1174173, window_size:11, num_windows:24, num_groups:725, bucket_len:2048
2022-03-13T15:41:08.387 INFO bellperson::gpu::multiexp > ----------------------------------cpu->gpu begin
2022-03-13T15:41:08.387 INFO bellperson::gpu::multiexp > buffer_size:116.45698MB
2022-03-13T15:41:08.387 INFO bellperson::gpu::multiexp > each_size:15.264249B
2022-03-13T15:41:08.409 INFO bellperson::gpu::multiexp > ----------------------------------cpu->gpu time: 16.823855ms
2022-03-13T15:41:08.409 INFO bellperson::gpu::multiexp > ----------------------------------cpu->gpu time: 21.346766ms
2022-03-13T15:41:08.409 INFO bellperson::gpu::multiexp > buffer_size:35.832916MB
2022-03-13T15:41:08.409 INFO bellperson::gpu::multiexp > each_size:4.696692B
2022-03-13T15:41:08.414 INFO bellperson::gpu::multiexp > ----------------------------------cpu->gpu time: 4.93697ms
2022-03-13T15:41:08.414 INFO bellperson::gpu::multiexp > ----------------------------------cpu->gpu time: 5.52487ms
2022-03-13T15:41:08.414 INFO bellperson::gpu::multiexp > ----------------------------------cpu->gpu end
2022-03-13T15:41:08.418 INFO bellperson::gpu::multiexp > ----------------------------------compute begin
2022-03-13T15:41:08.707 INFO bellperson::gpu::multiexp > ----------------------------------kernel run time: 288.717771ms
2022-03-13T15:41:08.717 INFO bellperson::multiexp > multiexp begin
2022-03-13T15:41:08.728 INFO bellperson::groth16::prover > multiexp b g1 aux time: 441.912411ms
2022-03-13T15:41:08.728 INFO bellperson::multiexp > multiexp begin
2022-03-13T15:41:08.728 INFO bellperson::groth16::prover > multiexp b g2 input time: 12.874µs
2022-03-13T15:41:08.728 INFO bellperson::multiexp > multiexp begin
2022-03-13T15:41:08.768 INFO bellperson::multiexp > vec exps init time: 40.038391ms
2022-03-13T15:41:08.782 INFO bellperson::multiexp > exp iter time: 13.752832ms
2022-03-13T15:41:08.782 INFO bellperson::multiexp > bases clone time: 681ns
2022-03-13T15:41:08.829 INFO bellperson::multiexp > exps clone time: 47.134546ms
2022-03-13T15:41:08.829 INFO bellperson::gpu::multiexp > gpu multiexp
2022-03-13T15:41:08.829 INFO bellperson::gpu::multiexp > gpu multiexp, n:1174173
2022-03-13T15:41:08.829 INFO bellperson::gpu::multiexp > kern.multiexp
2022-03-13T15:41:08.829 INFO bellperson::gpu::multiexp > basesize:104,expsize:32,bucketsize:288
2022-03-13T15:41:08.829 INFO bellperson::gpu::multiexp > n:1174173, window_size:11, num_windows:24, num_groups:725, bucket_len:2048
2022-03-13T15:41:08.829 INFO bellperson::gpu::multiexp > ----------------------------------cpu->gpu begin
2022-03-13T15:41:08.829 INFO bellperson::gpu::multiexp > buffer_size:223.95572MB
2022-03-13T15:41:08.829 INFO bellperson::gpu::multiexp > each_size:29.354324B
2022-03-13T15:41:08.863 INFO bellperson::gpu::multiexp > ----------------------------------cpu->gpu time: 31.011546ms
2022-03-13T15:41:08.863 INFO bellperson::gpu::multiexp > ----------------------------------cpu->gpu time: 34.363816ms
2022-03-13T15:41:08.863 INFO bellperson::gpu::multiexp > buffer_size:35.832916MB
2022-03-13T15:41:08.863 INFO bellperson::gpu::multiexp > each_size:4.696692B
2022-03-13T15:41:08.869 INFO bellperson::gpu::multiexp > ----------------------------------cpu->gpu time: 4.922612ms
2022-03-13T15:41:08.869 INFO bellperson::gpu::multiexp > ----------------------------------cpu->gpu time: 5.25717ms
2022-03-13T15:41:08.869 INFO bellperson::gpu::multiexp > ----------------------------------cpu->gpu end
2022-03-13T15:41:08.871 INFO bellperson::multiexp > multiexp begin
2022-03-13T15:41:08.881 WARN bellperson::gpu::locks > GPU Multiexp failed! Falling back to CPU... Error: Cuda "out of memory"
GPU error!!
thread '<unnamed>' panicked at 'explicit panic', /root/filecoin-project/bellperson/src/multiexp.rs:330:13
note: run with `RUST_BACKTRACE=1` environment variable to display a backtrace
thread '<unnamed>' panicked at 'called `Result::unwrap()` on an `Err` value: "SendError(..)"', /root/filecoin-project/bellperson/src/multicore.rs:52:30
Rayon: detected unexpected panic; aborting
./test.sh: line 1: 26376 Aborted                 (core dumped) ./lotus-bench sealing --sector-size=512m
